29/11/2022, 8:14:24 [32minfo[39m: 	retornar pool cuando se llame de funcion
29/11/2022, 8:23:40 [32minfo[39m: 	retornar pool cuando se llame de funcion
29/11/2022, 8:23:43 [32minfo[39m: 	retornar pool cuando se llame de funcion
29/11/2022, 8:23:43 [32minfo[39m: 	retornar pool cuando se llame de funcion
29/11/2022, 8:23:43 [32minfo[39m: 	retornar pool cuando se llame de funcion
29/11/2022, 8:23:43 [32minfo[39m: 	retornar pool cuando se llame de funcion
29/11/2022, 8:23:43 [32minfo[39m: 	retornar pool cuando se llame de funcion
29/11/2022, 8:24:02 [32minfo[39m: 	retornar pool cuando se llame de funcion
29/11/2022, 8:30:36 [32minfo[39m: 	retornar pool cuando se llame de funcion
29/11/2022, 8:30:43 [32minfo[39m: 	retornar pool cuando se llame de funcion
29/11/2022, 8:36:02 [32minfo[39m: 	retornar pool cuando se llame de funcion
29/11/2022, 8:36:06 [31merror[39m: 	Unhandle Rejection!!!
29/11/2022, 8:37:46 [32minfo[39m: 	retornar pool cuando se llame de funcion
29/11/2022, 8:37:55 [32minfo[39m: 	retornar pool cuando se llame de funcion
29/11/2022, 8:37:55 [32minfo[39m: 	retornar pool cuando se llame de funcion
29/11/2022, 8:37:55 [32minfo[39m: 	retornar pool cuando se llame de funcion
29/11/2022, 8:37:56 [32minfo[39m: 	retornar pool cuando se llame de funcion
29/11/2022, 8:37:59 [32minfo[39m: 	retornar pool cuando se llame de funcion
29/11/2022, 8:38:27 [32minfo[39m: 	retornar pool cuando se llame de funcion
29/11/2022, 8:38:30 [32minfo[39m: 	retornar pool cuando se llame de funcion
29/11/2022, 8:39:18 [32minfo[39m: 	retornar pool cuando se llame de funcion
29/11/2022, 8:39:19 [32minfo[39m: 	retornar pool cuando se llame de funcion
29/11/2022, 8:39:41 [32minfo[39m: 	retornar pool cuando se llame de funcion
29/11/2022, 8:39:42 [32minfo[39m: 	retornar pool cuando se llame de funcion
29/11/2022, 8:39:50 [32minfo[39m: 	retornar pool cuando se llame de funcion
29/11/2022, 8:39:54 [32minfo[39m: 	retornar pool cuando se llame de funcion
29/11/2022, 8:39:55 [32minfo[39m: 	retornar pool cuando se llame de funcion
29/11/2022, 8:40:15 [32minfo[39m: 	retornar pool cuando se llame de funcion
29/11/2022, 8:40:17 [32minfo[39m: 	retornar pool cuando se llame de funcion
29/11/2022, 8:40:36 [32minfo[39m: 	retornar pool cuando se llame de funcion
29/11/2022, 8:40:39 [32minfo[39m: 	retornar pool cuando se llame de funcion
29/11/2022, 8:45:42 [32minfo[39m: 	retornar pool cuando se llame de funcion
29/11/2022, 8:45:52 [32minfo[39m: 	retornar pool cuando se llame de funcion
29/11/2022, 9:08:41 [32minfo[39m: 	retornar pool cuando se llame de funcion
29/11/2022, 9:08:45 [32minfo[39m: 	retornar pool cuando se llame de funcion
29/11/2022, 9:08:45 [32minfo[39m: 	retornar pool cuando se llame de funcion
29/11/2022, 9:08:45 [32minfo[39m: 	retornar pool cuando se llame de funcion
29/11/2022, 9:08:45 [32minfo[39m: 	retornar pool cuando se llame de funcion
29/11/2022, 9:08:49 [32minfo[39m: 	retornar pool cuando se llame de funcion
29/11/2022, 9:14:14 [32minfo[39m: 	retornar pool cuando se llame de funcion
29/11/2022, 9:38:13 [32minfo[39m: 	retornar pool cuando se llame de funcion
29/11/2022, 9:38:13 [32minfo[39m: 	retornar pool cuando se llame de funcion
29/11/2022, 9:38:13 [32minfo[39m: 	retornar pool cuando se llame de funcion
29/11/2022, 9:38:13 [32minfo[39m: 	retornar pool cuando se llame de funcion
29/11/2022, 10:07:12 [32minfo[39m: 	retornar pool cuando se llame de funcion
29/11/2022, 10:22:02 [32minfo[39m: 	retornar pool cuando se llame de funcion
29/11/2022, 10:23:39 [32minfo[39m: 	retornar pool cuando se llame de funcion
29/11/2022, 10:24:01 [32minfo[39m: 	retornar pool cuando se llame de funcion
29/11/2022, 10:30:43 [31merror[39m: 	jwt expired
29/11/2022, 10:30:43 [31merror[39m: 	jwt expired
29/11/2022, 10:37:24 [32minfo[39m: 	retornar pool cuando se llame de funcion
29/11/2022, 10:45:41 [31merror[39m: 	Error en el login AD incorrecto
29/11/2022, 10:45:44 [31merror[39m: 	Error en el login AD incorrecto
29/11/2022, 10:45:52 [32minfo[39m: 	retornar pool cuando se llame de funcion
29/11/2022, 10:45:52 [32minfo[39m: 	retornar pool cuando se llame de funcion
29/11/2022, 10:45:52 [32minfo[39m: 	retornar pool cuando se llame de funcion
29/11/2022, 10:45:52 [32minfo[39m: 	retornar pool cuando se llame de funcion
29/11/2022, 10:45:52 [32minfo[39m: 	retornar pool cuando se llame de funcion
29/11/2022, 10:46:53 [32minfo[39m: 	retornar pool cuando se llame de funcion
29/11/2022, 11:09:00 [32minfo[39m: 	retornar pool cuando se llame de funcion
29/11/2022, 11:09:08 [31merror[39m: 	jwt malformed
29/11/2022, 11:09:31 [32minfo[39m: 	retornar pool cuando se llame de funcion
29/11/2022, 11:29:11 [32minfo[39m: 	retornar pool cuando se llame de funcion
29/11/2022, 11:29:11 [32minfo[39m: 	retornar pool cuando se llame de funcion
29/11/2022, 11:29:11 [32minfo[39m: 	retornar pool cuando se llame de funcion
29/11/2022, 11:29:11 [32minfo[39m: 	retornar pool cuando se llame de funcion
29/11/2022, 13:40:08 [31merror[39m: 	jwt expired
29/11/2022, 13:40:08 [31merror[39m: 	jwt expired
29/11/2022, 13:40:09 [32minfo[39m: 	retornar pool cuando se llame de funcion
29/11/2022, 13:40:09 [32minfo[39m: 	retornar pool cuando se llame de funcion
29/11/2022, 13:40:09 [32minfo[39m: 	retornar pool cuando se llame de funcion
29/11/2022, 13:40:09 [32minfo[39m: 	retornar pool cuando se llame de funcion
29/11/2022, 13:48:22 [32minfo[39m: 	retornar pool cuando se llame de funcion
29/11/2022, 13:48:22 [32minfo[39m: 	retornar pool cuando se llame de funcion
29/11/2022, 13:48:22 [32minfo[39m: 	retornar pool cuando se llame de funcion
29/11/2022, 13:48:22 [32minfo[39m: 	retornar pool cuando se llame de funcion
29/11/2022, 13:58:26 [32minfo[39m: 	retornar pool cuando se llame de funcion
29/11/2022, 13:58:45 [32minfo[39m: 	retornar pool cuando se llame de funcion
29/11/2022, 14:00:03 [32minfo[39m: 	retornar pool cuando se llame de funcion
29/11/2022, 14:01:52 [32minfo[39m: 	retornar pool cuando se llame de funcion
29/11/2022, 14:17:57 [32minfo[39m: 	retornar pool cuando se llame de funcion
29/11/2022, 14:18:40 [32minfo[39m: 	retornar pool cuando se llame de funcion
29/11/2022, 14:18:58 [32minfo[39m: 	retornar pool cuando se llame de funcion
29/11/2022, 14:22:16 [32minfo[39m: 	retornar pool cuando se llame de funcion
29/11/2022, 14:24:19 [32minfo[39m: 	retornar pool cuando se llame de funcion
29/11/2022, 14:36:31 [32minfo[39m: 	retornar pool cuando se llame de funcion
29/11/2022, 14:36:42 [31merror[39m: 	Unhandle Rejection!!!
29/11/2022, 14:36:42 [31merror[39m: 	Cannot read properties of undefined (reading 'params')
29/11/2022, 14:36:58 [32minfo[39m: 	retornar pool cuando se llame de funcion
29/11/2022, 14:37:47 [32minfo[39m: 	retornar pool cuando se llame de funcion
29/11/2022, 14:37:48 [31merror[39m: 	Unhandle Rejection!!!
29/11/2022, 14:37:48 [31merror[39m: 	Invalid column name 'nombre_archivo'.
29/11/2022, 14:38:15 [32minfo[39m: 	retornar pool cuando se llame de funcion
29/11/2022, 14:38:17 [32minfo[39m: 	retornar pool cuando se llame de funcion
29/11/2022, 14:38:29 [32minfo[39m: 	retornar pool cuando se llame de funcion
29/11/2022, 14:38:29 [32minfo[39m: 	retornar pool cuando se llame de funcion
29/11/2022, 14:39:15 [32minfo[39m: 	retornar pool cuando se llame de funcion
29/11/2022, 14:39:17 [32minfo[39m: 	retornar pool cuando se llame de funcion
29/11/2022, 14:39:26 [32minfo[39m: 	retornar pool cuando se llame de funcion
29/11/2022, 14:43:36 [32minfo[39m: 	retornar pool cuando se llame de funcion
29/11/2022, 14:43:48 [32minfo[39m: 	retornar pool cuando se llame de funcion
29/11/2022, 14:43:48 [32minfo[39m: 	retornar pool cuando se llame de funcion
29/11/2022, 14:44:31 [32minfo[39m: 	retornar pool cuando se llame de funcion
29/11/2022, 14:44:32 [32minfo[39m: 	retornar pool cuando se llame de funcion
29/11/2022, 14:48:30 [32minfo[39m: 	retornar pool cuando se llame de funcion
29/11/2022, 14:50:53 [32minfo[39m: 	retornar pool cuando se llame de funcion
29/11/2022, 14:50:56 [32minfo[39m: 	retornar pool cuando se llame de funcion
29/11/2022, 14:51:14 [32minfo[39m: 	retornar pool cuando se llame de funcion
29/11/2022, 14:51:16 [32minfo[39m: 	retornar pool cuando se llame de funcion
29/11/2022, 14:52:26 [32minfo[39m: 	retornar pool cuando se llame de funcion
29/11/2022, 14:52:28 [32minfo[39m: 	retornar pool cuando se llame de funcion
29/11/2022, 15:00:42 [32minfo[39m: 	retornar pool cuando se llame de funcion
29/11/2022, 15:00:48 [32minfo[39m: 	retornar pool cuando se llame de funcion
29/11/2022, 15:03:42 [32minfo[39m: 	retornar pool cuando se llame de funcion
29/11/2022, 15:03:48 [32minfo[39m: 	retornar pool cuando se llame de funcion
29/11/2022, 15:03:48 [32minfo[39m: 	retornar pool cuando se llame de funcion
29/11/2022, 15:05:42 [32minfo[39m: 	retornar pool cuando se llame de funcion
