10/10/2022, 8:55:18 [32minfo[39m: 	retornar pool cuando se llame de funcion
10/10/2022, 8:55:29 [32minfo[39m: 	retornar pool cuando se llame de funcion
10/10/2022, 8:55:57 [32minfo[39m: 	retornar pool cuando se llame de funcion
10/10/2022, 8:55:57 [32minfo[39m: 	retornar pool cuando se llame de funcion
10/10/2022, 8:56:04 [32minfo[39m: 	retornar pool cuando se llame de funcion
10/10/2022, 8:56:04 [32minfo[39m: 	retornar pool cuando se llame de funcion
10/10/2022, 8:56:08 [32minfo[39m: 	retornar pool cuando se llame de funcion
10/10/2022, 8:56:08 [32minfo[39m: 	retornar pool cuando se llame de funcion
10/10/2022, 8:56:12 [32minfo[39m: 	retornar pool cuando se llame de funcion
10/10/2022, 8:56:12 [32minfo[39m: 	retornar pool cuando se llame de funcion
10/10/2022, 8:58:27 [32minfo[39m: 	retornar pool cuando se llame de funcion
10/10/2022, 8:58:27 [32minfo[39m: 	retornar pool cuando se llame de funcion
10/10/2022, 8:59:07 [32minfo[39m: 	retornar pool cuando se llame de funcion
10/10/2022, 8:59:09 [32minfo[39m: 	retornar pool cuando se llame de funcion
10/10/2022, 8:59:09 [32minfo[39m: 	retornar pool cuando se llame de funcion
10/10/2022, 9:06:32 [32minfo[39m: 	retornar pool cuando se llame de funcion
10/10/2022, 9:06:33 [32minfo[39m: 	retornar pool cuando se llame de funcion
10/10/2022, 9:06:33 [32minfo[39m: 	retornar pool cuando se llame de funcion
10/10/2022, 9:09:10 [32minfo[39m: 	retornar pool cuando se llame de funcion
10/10/2022, 9:09:14 [32minfo[39m: 	retornar pool cuando se llame de funcion
10/10/2022, 9:09:14 [32minfo[39m: 	retornar pool cuando se llame de funcion
10/10/2022, 9:09:16 [32minfo[39m: 	retornar pool cuando se llame de funcion
10/10/2022, 9:09:16 [32minfo[39m: 	retornar pool cuando se llame de funcion
10/10/2022, 9:09:16 [31merror[39m: 	promisify is not defined
10/10/2022, 9:09:43 [32minfo[39m: 	retornar pool cuando se llame de funcion
10/10/2022, 9:09:44 [32minfo[39m: 	retornar pool cuando se llame de funcion
10/10/2022, 9:09:44 [32minfo[39m: 	retornar pool cuando se llame de funcion
10/10/2022, 9:09:44 [31merror[39m: 	token is not defined
10/10/2022, 9:10:59 [32minfo[39m: 	retornar pool cuando se llame de funcion
10/10/2022, 9:11:00 [32minfo[39m: 	retornar pool cuando se llame de funcion
10/10/2022, 9:11:00 [32minfo[39m: 	retornar pool cuando se llame de funcion
10/10/2022, 9:11:17 [32minfo[39m: 	retornar pool cuando se llame de funcion
10/10/2022, 9:11:18 [32minfo[39m: 	retornar pool cuando se llame de funcion
10/10/2022, 9:11:18 [32minfo[39m: 	retornar pool cuando se llame de funcion
10/10/2022, 9:11:25 [32minfo[39m: 	retornar pool cuando se llame de funcion
10/10/2022, 9:11:28 [32minfo[39m: 	retornar pool cuando se llame de funcion
10/10/2022, 9:11:28 [32minfo[39m: 	retornar pool cuando se llame de funcion
10/10/2022, 9:11:42 [32minfo[39m: 	retornar pool cuando se llame de funcion
10/10/2022, 9:12:52 [32minfo[39m: 	retornar pool cuando se llame de funcion
10/10/2022, 9:12:53 [32minfo[39m: 	retornar pool cuando se llame de funcion
10/10/2022, 9:12:53 [32minfo[39m: 	retornar pool cuando se llame de funcion
10/10/2022, 9:14:09 [32minfo[39m: 	retornar pool cuando se llame de funcion
10/10/2022, 9:17:03 [32minfo[39m: 	retornar pool cuando se llame de funcion
10/10/2022, 9:17:05 [32minfo[39m: 	retornar pool cuando se llame de funcion
10/10/2022, 9:17:05 [32minfo[39m: 	retornar pool cuando se llame de funcion
10/10/2022, 9:17:05 [31merror[39m: 	Unhandle Rejection!!!
10/10/2022, 9:17:05 [31merror[39m: 	req is not defined
10/10/2022, 9:17:19 [32minfo[39m: 	retornar pool cuando se llame de funcion
10/10/2022, 9:17:26 [32minfo[39m: 	retornar pool cuando se llame de funcion
10/10/2022, 9:17:26 [32minfo[39m: 	retornar pool cuando se llame de funcion
10/10/2022, 9:17:26 [31merror[39m: 	Unhandle Rejection!!!
10/10/2022, 9:17:26 [31merror[39m: 	Cannot read properties of undefined (reading 'headers')
10/10/2022, 9:17:58 [32minfo[39m: 	retornar pool cuando se llame de funcion
10/10/2022, 9:18:57 [32minfo[39m: 	retornar pool cuando se llame de funcion
10/10/2022, 9:19:11 [32minfo[39m: 	retornar pool cuando se llame de funcion
10/10/2022, 9:19:18 [32minfo[39m: 	retornar pool cuando se llame de funcion
10/10/2022, 9:19:18 [32minfo[39m: 	retornar pool cuando se llame de funcion
10/10/2022, 9:19:23 [32minfo[39m: 	retornar pool cuando se llame de funcion
10/10/2022, 9:19:23 [32minfo[39m: 	retornar pool cuando se llame de funcion
10/10/2022, 9:21:28 [32minfo[39m: 	retornar pool cuando se llame de funcion
10/10/2022, 9:21:30 [32minfo[39m: 	retornar pool cuando se llame de funcion
10/10/2022, 9:21:30 [32minfo[39m: 	retornar pool cuando se llame de funcion
10/10/2022, 9:21:32 [32minfo[39m: 	retornar pool cuando se llame de funcion
10/10/2022, 9:21:32 [32minfo[39m: 	retornar pool cuando se llame de funcion
10/10/2022, 9:25:08 [31merror[39m: 	invalid signature
10/10/2022, 9:25:18 [32minfo[39m: 	retornar pool cuando se llame de funcion
10/10/2022, 9:25:18 [32minfo[39m: 	retornar pool cuando se llame de funcion
10/10/2022, 9:26:11 [32minfo[39m: 	retornar pool cuando se llame de funcion
10/10/2022, 9:26:11 [32minfo[39m: 	retornar pool cuando se llame de funcion
10/10/2022, 9:29:41 [32minfo[39m: 	retornar pool cuando se llame de funcion
10/10/2022, 9:29:42 [32minfo[39m: 	retornar pool cuando se llame de funcion
10/10/2022, 9:30:32 [32minfo[39m: 	retornar pool cuando se llame de funcion
10/10/2022, 9:30:32 [32minfo[39m: 	retornar pool cuando se llame de funcion
10/10/2022, 9:30:52 [32minfo[39m: 	retornar pool cuando se llame de funcion
10/10/2022, 9:30:54 [32minfo[39m: 	retornar pool cuando se llame de funcion
10/10/2022, 9:30:54 [32minfo[39m: 	retornar pool cuando se llame de funcion
10/10/2022, 9:31:08 [32minfo[39m: 	retornar pool cuando se llame de funcion
10/10/2022, 9:31:08 [32minfo[39m: 	retornar pool cuando se llame de funcion
10/10/2022, 9:31:19 [32minfo[39m: 	retornar pool cuando se llame de funcion
10/10/2022, 9:31:19 [32minfo[39m: 	retornar pool cuando se llame de funcion
10/10/2022, 9:34:19 [32minfo[39m: 	retornar pool cuando se llame de funcion
10/10/2022, 9:34:58 [32minfo[39m: 	retornar pool cuando se llame de funcion
10/10/2022, 9:35:54 [32minfo[39m: 	retornar pool cuando se llame de funcion
10/10/2022, 9:37:29 [32minfo[39m: 	retornar pool cuando se llame de funcion
10/10/2022, 9:41:12 [32minfo[39m: 	retornar pool cuando se llame de funcion
10/10/2022, 9:41:12 [32minfo[39m: 	retornar pool cuando se llame de funcion
10/10/2022, 9:42:22 [32minfo[39m: 	retornar pool cuando se llame de funcion
10/10/2022, 9:42:22 [32minfo[39m: 	retornar pool cuando se llame de funcion
10/10/2022, 9:42:30 [32minfo[39m: 	retornar pool cuando se llame de funcion
10/10/2022, 9:42:30 [32minfo[39m: 	retornar pool cuando se llame de funcion
10/10/2022, 9:42:39 [32minfo[39m: 	retornar pool cuando se llame de funcion
10/10/2022, 9:42:39 [32minfo[39m: 	retornar pool cuando se llame de funcion
10/10/2022, 9:43:01 [32minfo[39m: 	retornar pool cuando se llame de funcion
10/10/2022, 9:43:01 [32minfo[39m: 	retornar pool cuando se llame de funcion
10/10/2022, 9:44:05 [32minfo[39m: 	retornar pool cuando se llame de funcion
10/10/2022, 9:45:24 [32minfo[39m: 	retornar pool cuando se llame de funcion
10/10/2022, 9:50:32 [32minfo[39m: 	retornar pool cuando se llame de funcion
10/10/2022, 9:50:51 [32minfo[39m: 	retornar pool cuando se llame de funcion
10/10/2022, 9:50:51 [32minfo[39m: 	retornar pool cuando se llame de funcion
10/10/2022, 9:53:05 [32minfo[39m: 	retornar pool cuando se llame de funcion
10/10/2022, 9:53:05 [32minfo[39m: 	retornar pool cuando se llame de funcion
10/10/2022, 9:54:26 [32minfo[39m: 	retornar pool cuando se llame de funcion
10/10/2022, 9:55:30 [32minfo[39m: 	retornar pool cuando se llame de funcion
10/10/2022, 10:01:03 [32minfo[39m: 	retornar pool cuando se llame de funcion
10/10/2022, 10:05:59 [32minfo[39m: 	retornar pool cuando se llame de funcion
10/10/2022, 10:07:21 [32minfo[39m: 	retornar pool cuando se llame de funcion
10/10/2022, 10:07:59 [32minfo[39m: 	retornar pool cuando se llame de funcion
10/10/2022, 10:11:57 [32minfo[39m: 	retornar pool cuando se llame de funcion
10/10/2022, 10:11:57 [32minfo[39m: 	retornar pool cuando se llame de funcion
10/10/2022, 10:14:20 [32minfo[39m: 	retornar pool cuando se llame de funcion
10/10/2022, 10:18:13 [32minfo[39m: 	retornar pool cuando se llame de funcion
10/10/2022, 10:18:27 [32minfo[39m: 	retornar pool cuando se llame de funcion
10/10/2022, 10:18:30 [32minfo[39m: 	retornar pool cuando se llame de funcion
10/10/2022, 10:18:33 [31merror[39m: 	invalid signature
10/10/2022, 10:19:29 [31merror[39m: 	jwt malformed
10/10/2022, 10:19:49 [31merror[39m: 	jwt malformed
10/10/2022, 10:25:07 [32minfo[39m: 	retornar pool cuando se llame de funcion
10/10/2022, 14:57:27 [32minfo[39m: 	retornar pool cuando se llame de funcion
10/10/2022, 14:57:27 [32minfo[39m: 	retornar pool cuando se llame de funcion
10/10/2022, 15:15:08 [32minfo[39m: 	retornar pool cuando se llame de funcion
