4/10/2022, 8:25:08 [32minfo[39m: 	retornar pool cuando se llame de funcion
4/10/2022, 8:25:25 [32minfo[39m: 	retornar pool cuando se llame de funcion
4/10/2022, 8:25:25 [32minfo[39m: 	retornar pool cuando se llame de funcion
4/10/2022, 8:37:42 [32minfo[39m: 	retornar pool cuando se llame de funcion
4/10/2022, 8:38:49 [32minfo[39m: 	retornar pool cuando se llame de funcion
4/10/2022, 8:38:59 [32minfo[39m: 	retornar pool cuando se llame de funcion
4/10/2022, 8:39:38 [32minfo[39m: 	retornar pool cuando se llame de funcion
4/10/2022, 8:39:42 [32minfo[39m: 	retornar pool cuando se llame de funcion
4/10/2022, 9:06:37 [32minfo[39m: 	retornar pool cuando se llame de funcion
4/10/2022, 9:08:48 [32minfo[39m: 	retornar pool cuando se llame de funcion
4/10/2022, 9:09:23 [32minfo[39m: 	retornar pool cuando se llame de funcion
4/10/2022, 9:09:25 [32minfo[39m: 	retornar pool cuando se llame de funcion
4/10/2022, 9:09:25 [31merror[39m: 	Invalid object name 'usuario'.
4/10/2022, 9:10:19 [32minfo[39m: 	retornar pool cuando se llame de funcion
4/10/2022, 9:10:23 [32minfo[39m: 	retornar pool cuando se llame de funcion
4/10/2022, 9:10:23 [31merror[39m: 	Invalid object name 'usuario'.
4/10/2022, 9:12:22 [32minfo[39m: 	retornar pool cuando se llame de funcion
4/10/2022, 9:12:27 [32minfo[39m: 	retornar pool cuando se llame de funcion
4/10/2022, 9:12:27 [31merror[39m: 	Invalid object name 'usuario'.
4/10/2022, 9:12:39 [32minfo[39m: 	retornar pool cuando se llame de funcion
4/10/2022, 9:12:40 [32minfo[39m: 	retornar pool cuando se llame de funcion
4/10/2022, 9:12:40 [31merror[39m: 	Invalid object name 'usuario'.
4/10/2022, 9:12:48 [32minfo[39m: 	retornar pool cuando se llame de funcion
4/10/2022, 9:15:04 [32minfo[39m: 	retornar pool cuando se llame de funcion
4/10/2022, 9:15:32 [32minfo[39m: 	retornar pool cuando se llame de funcion
4/10/2022, 9:15:35 [32minfo[39m: 	retornar pool cuando se llame de funcion
4/10/2022, 9:15:57 [32minfo[39m: 	retornar pool cuando se llame de funcion
4/10/2022, 9:17:24 [32minfo[39m: 	retornar pool cuando se llame de funcion
4/10/2022, 9:17:49 [32minfo[39m: 	retornar pool cuando se llame de funcion
4/10/2022, 9:18:49 [32minfo[39m: 	retornar pool cuando se llame de funcion
4/10/2022, 9:18:55 [32minfo[39m: 	retornar pool cuando se llame de funcion
4/10/2022, 9:18:56 [31merror[39m: 	Procedure or function 'segabm_usuarios' expects parameter '@I_proceso', which was not supplied.
4/10/2022, 9:19:10 [32minfo[39m: 	retornar pool cuando se llame de funcion
4/10/2022, 9:19:54 [32minfo[39m: 	retornar pool cuando se llame de funcion
4/10/2022, 9:19:54 [31merror[39m: 	Error converting data type nvarchar to int.
4/10/2022, 9:22:40 [31merror[39m: 	Unhandle Rejection!!!
4/10/2022, 9:24:04 [32minfo[39m: 	retornar pool cuando se llame de funcion
4/10/2022, 9:24:11 [32minfo[39m: 	retornar pool cuando se llame de funcion
4/10/2022, 9:24:11 [31merror[39m: 	Column name or number of supplied values does not match table definition.
4/10/2022, 9:24:54 [32minfo[39m: 	retornar pool cuando se llame de funcion
4/10/2022, 9:25:01 [32minfo[39m: 	retornar pool cuando se llame de funcion
4/10/2022, 9:25:01 [31merror[39m: 	Column name or number of supplied values does not match table definition.
4/10/2022, 9:28:10 [31merror[39m: 	Unhandle Rejection!!!
4/10/2022, 9:35:08 [32minfo[39m: 	retornar pool cuando se llame de funcion
4/10/2022, 9:35:12 [32minfo[39m: 	retornar pool cuando se llame de funcion
4/10/2022, 9:36:18 [32minfo[39m: 	retornar pool cuando se llame de funcion
4/10/2022, 9:36:22 [32minfo[39m: 	retornar pool cuando se llame de funcion
4/10/2022, 9:37:58 [32minfo[39m: 	retornar pool cuando se llame de funcion
4/10/2022, 9:40:40 [31merror[39m: 	Unhandle Rejection!!!
4/10/2022, 9:53:57 [32minfo[39m: 	retornar pool cuando se llame de funcion
4/10/2022, 9:54:23 [32minfo[39m: 	retornar pool cuando se llame de funcion
4/10/2022, 9:54:25 [32minfo[39m: 	retornar pool cuando se llame de funcion
4/10/2022, 9:54:49 [31merror[39m: 	Unhandle Rejection!!!
4/10/2022, 9:55:41 [32minfo[39m: 	retornar pool cuando se llame de funcion
4/10/2022, 9:55:43 [31merror[39m: 	Unhandle Rejection!!!
4/10/2022, 9:56:18 [32minfo[39m: 	retornar pool cuando se llame de funcion
4/10/2022, 9:56:21 [31merror[39m: 	Unhandle Rejection!!!
4/10/2022, 9:56:54 [32minfo[39m: 	retornar pool cuando se llame de funcion
4/10/2022, 9:59:49 [32minfo[39m: 	retornar pool cuando se llame de funcion
4/10/2022, 10:00:51 [32minfo[39m: 	retornar pool cuando se llame de funcion
4/10/2022, 10:02:32 [32minfo[39m: 	retornar pool cuando se llame de funcion
4/10/2022, 10:03:30 [32minfo[39m: 	retornar pool cuando se llame de funcion
4/10/2022, 10:03:33 [31merror[39m: 	Unhandle Rejection!!!
4/10/2022, 10:04:20 [32minfo[39m: 	retornar pool cuando se llame de funcion
4/10/2022, 10:04:21 [31merror[39m: 	Unhandle Rejection!!!
4/10/2022, 10:05:17 [32minfo[39m: 	retornar pool cuando se llame de funcion
4/10/2022, 10:05:19 [31merror[39m: 	Unhandle Rejection!!!
4/10/2022, 10:06:13 [32minfo[39m: 	retornar pool cuando se llame de funcion
4/10/2022, 10:06:14 [31merror[39m: 	Unhandle Rejection!!!
4/10/2022, 10:06:20 [32minfo[39m: 	retornar pool cuando se llame de funcion
4/10/2022, 10:06:21 [31merror[39m: 	Unhandle Rejection!!!
4/10/2022, 10:06:33 [32minfo[39m: 	retornar pool cuando se llame de funcion
4/10/2022, 10:06:57 [32minfo[39m: 	retornar pool cuando se llame de funcion
4/10/2022, 10:06:58 [31merror[39m: 	Unhandle Rejection!!!
4/10/2022, 10:11:02 [32minfo[39m: 	retornar pool cuando se llame de funcion
4/10/2022, 10:11:57 [32minfo[39m: 	retornar pool cuando se llame de funcion
4/10/2022, 10:12:19 [32minfo[39m: 	retornar pool cuando se llame de funcion
4/10/2022, 10:15:41 [32minfo[39m: 	retornar pool cuando se llame de funcion
4/10/2022, 10:16:29 [32minfo[39m: 	retornar pool cuando se llame de funcion
4/10/2022, 10:17:09 [32minfo[39m: 	retornar pool cuando se llame de funcion
4/10/2022, 10:17:11 [31merror[39m: 	Unhandle Rejection!!!
4/10/2022, 10:22:30 [32minfo[39m: 	retornar pool cuando se llame de funcion
4/10/2022, 10:22:34 [31merror[39m: 	Unhandle Rejection!!!
4/10/2022, 10:28:02 [32minfo[39m: 	retornar pool cuando se llame de funcion
4/10/2022, 10:28:06 [31merror[39m: 	Unhandle Rejection!!!
4/10/2022, 10:28:26 [32minfo[39m: 	retornar pool cuando se llame de funcion
4/10/2022, 10:29:49 [32minfo[39m: 	retornar pool cuando se llame de funcion
4/10/2022, 10:30:55 [32minfo[39m: 	retornar pool cuando se llame de funcion
4/10/2022, 10:31:24 [32minfo[39m: 	retornar pool cuando se llame de funcion
4/10/2022, 10:33:36 [32minfo[39m: 	retornar pool cuando se llame de funcion
4/10/2022, 10:33:40 [31merror[39m: 	Unhandle Rejection!!!
4/10/2022, 10:33:47 [32minfo[39m: 	retornar pool cuando se llame de funcion
4/10/2022, 10:33:47 [31merror[39m: 	Unhandle Rejection!!!
4/10/2022, 10:34:58 [32minfo[39m: 	retornar pool cuando se llame de funcion
4/10/2022, 10:34:59 [31merror[39m: 	Unhandle Rejection!!!
4/10/2022, 10:35:36 [32minfo[39m: 	retornar pool cuando se llame de funcion
4/10/2022, 10:35:37 [31merror[39m: 	Unhandle Rejection!!!
4/10/2022, 10:38:22 [32minfo[39m: 	retornar pool cuando se llame de funcion
4/10/2022, 10:42:19 [32minfo[39m: 	retornar pool cuando se llame de funcion
4/10/2022, 10:44:11 [32minfo[39m: 	retornar pool cuando se llame de funcion
4/10/2022, 10:45:01 [32minfo[39m: 	retornar pool cuando se llame de funcion
4/10/2022, 10:45:30 [32minfo[39m: 	retornar pool cuando se llame de funcion
4/10/2022, 10:45:45 [32minfo[39m: 	retornar pool cuando se llame de funcion
4/10/2022, 10:55:51 [32minfo[39m: 	retornar pool cuando se llame de funcion
4/10/2022, 10:57:08 [32minfo[39m: 	retornar pool cuando se llame de funcion
4/10/2022, 10:57:11 [31merror[39m: 	Unhandle Rejection!!!
4/10/2022, 10:57:11 [31merror[39m: 	nombreBuscado.replaceALL is not a function
4/10/2022, 10:57:38 [32minfo[39m: 	retornar pool cuando se llame de funcion
4/10/2022, 10:57:41 [32minfo[39m: 	retornar pool cuando se llame de funcion
4/10/2022, 10:59:03 [32minfo[39m: 	retornar pool cuando se llame de funcion
4/10/2022, 10:59:15 [32minfo[39m: 	retornar pool cuando se llame de funcion
4/10/2022, 10:59:34 [32minfo[39m: 	retornar pool cuando se llame de funcion
4/10/2022, 10:59:43 [32minfo[39m: 	retornar pool cuando se llame de funcion
4/10/2022, 11:01:03 [32minfo[39m: 	retornar pool cuando se llame de funcion
4/10/2022, 11:01:05 [31merror[39m: 	Cannot read properties of undefined (reading 'match')
4/10/2022, 11:02:00 [32minfo[39m: 	retornar pool cuando se llame de funcion
4/10/2022, 11:02:02 [31merror[39m: 	Cannot read properties of undefined (reading 'match')
4/10/2022, 11:02:17 [32minfo[39m: 	retornar pool cuando se llame de funcion
4/10/2022, 11:02:20 [32minfo[39m: 	retornar pool cuando se llame de funcion
4/10/2022, 11:02:20 [31merror[39m: 	Cannot set headers after they are sent to the client
4/10/2022, 11:02:40 [32minfo[39m: 	retornar pool cuando se llame de funcion
4/10/2022, 11:02:41 [32minfo[39m: 	retornar pool cuando se llame de funcion
4/10/2022, 11:04:50 [32minfo[39m: 	retornar pool cuando se llame de funcion
4/10/2022, 11:04:52 [32minfo[39m: 	retornar pool cuando se llame de funcion
4/10/2022, 11:05:07 [32minfo[39m: 	retornar pool cuando se llame de funcion
4/10/2022, 11:06:30 [32minfo[39m: 	retornar pool cuando se llame de funcion
4/10/2022, 11:06:33 [32minfo[39m: 	retornar pool cuando se llame de funcion
4/10/2022, 11:06:50 [32minfo[39m: 	retornar pool cuando se llame de funcion
4/10/2022, 11:06:54 [31merror[39m: 	Cannot read properties of undefined (reading 'match')
4/10/2022, 11:07:17 [32minfo[39m: 	retornar pool cuando se llame de funcion
4/10/2022, 11:07:18 [31merror[39m: 	Cannot read properties of undefined (reading 'match')
4/10/2022, 11:07:31 [32minfo[39m: 	retornar pool cuando se llame de funcion
4/10/2022, 11:07:33 [31merror[39m: 	Cannot read properties of undefined (reading 'match')
4/10/2022, 11:07:53 [32minfo[39m: 	retornar pool cuando se llame de funcion
4/10/2022, 11:07:54 [32minfo[39m: 	retornar pool cuando se llame de funcion
4/10/2022, 11:08:03 [32minfo[39m: 	retornar pool cuando se llame de funcion
4/10/2022, 11:08:56 [32minfo[39m: 	retornar pool cuando se llame de funcion
4/10/2022, 11:09:04 [32minfo[39m: 	retornar pool cuando se llame de funcion
4/10/2022, 11:09:06 [31merror[39m: 	nombre.match is not a function
4/10/2022, 11:09:16 [32minfo[39m: 	retornar pool cuando se llame de funcion
4/10/2022, 11:09:17 [32minfo[39m: 	retornar pool cuando se llame de funcion
4/10/2022, 11:09:49 [32minfo[39m: 	retornar pool cuando se llame de funcion
4/10/2022, 11:10:55 [32minfo[39m: 	retornar pool cuando se llame de funcion
4/10/2022, 11:11:12 [32minfo[39m: 	retornar pool cuando se llame de funcion
4/10/2022, 11:13:30 [32minfo[39m: 	retornar pool cuando se llame de funcion
4/10/2022, 11:14:09 [32minfo[39m: 	retornar pool cuando se llame de funcion
4/10/2022, 11:14:11 [32minfo[39m: 	retornar pool cuando se llame de funcion
4/10/2022, 11:14:51 [32minfo[39m: 	retornar pool cuando se llame de funcion
4/10/2022, 11:14:56 [32minfo[39m: 	retornar pool cuando se llame de funcion
4/10/2022, 11:15:23 [32minfo[39m: 	retornar pool cuando se llame de funcion
4/10/2022, 11:15:26 [32minfo[39m: 	retornar pool cuando se llame de funcion
4/10/2022, 11:21:09 [32minfo[39m: 	retornar pool cuando se llame de funcion
4/10/2022, 11:21:24 [32minfo[39m: 	retornar pool cuando se llame de funcion
4/10/2022, 11:22:34 [32minfo[39m: 	retornar pool cuando se llame de funcion
4/10/2022, 11:22:35 [32minfo[39m: 	retornar pool cuando se llame de funcion
4/10/2022, 11:22:58 [32minfo[39m: 	retornar pool cuando se llame de funcion
4/10/2022, 11:23:04 [32minfo[39m: 	retornar pool cuando se llame de funcion
4/10/2022, 11:23:08 [32minfo[39m: 	retornar pool cuando se llame de funcion
4/10/2022, 11:23:10 [32minfo[39m: 	retornar pool cuando se llame de funcion
4/10/2022, 11:23:51 [32minfo[39m: 	retornar pool cuando se llame de funcion
4/10/2022, 11:23:53 [32minfo[39m: 	retornar pool cuando se llame de funcion
4/10/2022, 11:25:16 [32minfo[39m: 	retornar pool cuando se llame de funcion
4/10/2022, 11:27:01 [32minfo[39m: 	retornar pool cuando se llame de funcion
4/10/2022, 11:27:37 [32minfo[39m: 	retornar pool cuando se llame de funcion
4/10/2022, 11:29:54 [32minfo[39m: 	retornar pool cuando se llame de funcion
4/10/2022, 11:29:54 [32minfo[39m: 	retornar pool cuando se llame de funcion
4/10/2022, 11:33:27 [32minfo[39m: 	retornar pool cuando se llame de funcion
4/10/2022, 11:34:03 [32minfo[39m: 	retornar pool cuando se llame de funcion
4/10/2022, 11:36:47 [32minfo[39m: 	retornar pool cuando se llame de funcion
4/10/2022, 11:41:15 [32minfo[39m: 	retornar pool cuando se llame de funcion
4/10/2022, 11:41:28 [32minfo[39m: 	retornar pool cuando se llame de funcion
4/10/2022, 11:42:15 [32minfo[39m: 	retornar pool cuando se llame de funcion
4/10/2022, 11:42:44 [32minfo[39m: 	retornar pool cuando se llame de funcion
4/10/2022, 11:43:38 [32minfo[39m: 	retornar pool cuando se llame de funcion
4/10/2022, 11:43:55 [32minfo[39m: 	retornar pool cuando se llame de funcion
4/10/2022, 11:44:02 [32minfo[39m: 	retornar pool cuando se llame de funcion
4/10/2022, 11:44:50 [32minfo[39m: 	retornar pool cuando se llame de funcion
4/10/2022, 11:45:19 [32minfo[39m: 	retornar pool cuando se llame de funcion
4/10/2022, 11:45:44 [32minfo[39m: 	retornar pool cuando se llame de funcion
4/10/2022, 11:45:46 [32minfo[39m: 	retornar pool cuando se llame de funcion
4/10/2022, 11:46:52 [32minfo[39m: 	retornar pool cuando se llame de funcion
4/10/2022, 11:47:04 [32minfo[39m: 	retornar pool cuando se llame de funcion
4/10/2022, 11:47:14 [32minfo[39m: 	retornar pool cuando se llame de funcion
4/10/2022, 11:47:24 [32minfo[39m: 	retornar pool cuando se llame de funcion
4/10/2022, 11:57:54 [32minfo[39m: 	retornar pool cuando se llame de funcion
4/10/2022, 11:58:01 [32minfo[39m: 	retornar pool cuando se llame de funcion
4/10/2022, 11:58:50 [32minfo[39m: 	retornar pool cuando se llame de funcion
4/10/2022, 11:59:13 [32minfo[39m: 	retornar pool cuando se llame de funcion
4/10/2022, 11:59:58 [32minfo[39m: 	retornar pool cuando se llame de funcion
4/10/2022, 12:01:26 [32minfo[39m: 	retornar pool cuando se llame de funcion
4/10/2022, 12:01:40 [32minfo[39m: 	retornar pool cuando se llame de funcion
4/10/2022, 12:01:41 [32minfo[39m: 	retornar pool cuando se llame de funcion
4/10/2022, 12:02:01 [32minfo[39m: 	retornar pool cuando se llame de funcion
4/10/2022, 12:03:10 [32minfo[39m: 	retornar pool cuando se llame de funcion
4/10/2022, 12:04:56 [32minfo[39m: 	retornar pool cuando se llame de funcion
4/10/2022, 12:07:08 [32minfo[39m: 	retornar pool cuando se llame de funcion
4/10/2022, 12:08:53 [32minfo[39m: 	retornar pool cuando se llame de funcion
4/10/2022, 12:09:18 [32minfo[39m: 	retornar pool cuando se llame de funcion
4/10/2022, 12:09:19 [32minfo[39m: 	retornar pool cuando se llame de funcion
4/10/2022, 12:12:51 [32minfo[39m: 	retornar pool cuando se llame de funcion
4/10/2022, 12:15:24 [32minfo[39m: 	retornar pool cuando se llame de funcion
4/10/2022, 12:18:19 [32minfo[39m: 	retornar pool cuando se llame de funcion
4/10/2022, 12:18:31 [32minfo[39m: 	retornar pool cuando se llame de funcion
4/10/2022, 12:21:49 [32minfo[39m: 	retornar pool cuando se llame de funcion
4/10/2022, 12:23:07 [32minfo[39m: 	retornar pool cuando se llame de funcion
4/10/2022, 12:23:16 [32minfo[39m: 	retornar pool cuando se llame de funcion
4/10/2022, 12:23:37 [32minfo[39m: 	retornar pool cuando se llame de funcion
4/10/2022, 12:23:38 [32minfo[39m: 	retornar pool cuando se llame de funcion
4/10/2022, 12:23:48 [32minfo[39m: 	retornar pool cuando se llame de funcion
4/10/2022, 12:23:49 [32minfo[39m: 	retornar pool cuando se llame de funcion
4/10/2022, 12:25:30 [32minfo[39m: 	retornar pool cuando se llame de funcion
4/10/2022, 12:28:47 [31merror[39m: 	Unhandle Rejection!!!
4/10/2022, 12:31:03 [32minfo[39m: 	retornar pool cuando se llame de funcion
4/10/2022, 12:31:11 [32minfo[39m: 	retornar pool cuando se llame de funcion
4/10/2022, 12:46:47 [31merror[39m: 	Unhandle Rejection!!!
4/10/2022, 13:30:29 [32minfo[39m: 	retornar pool cuando se llame de funcion
4/10/2022, 13:30:32 [32minfo[39m: 	retornar pool cuando se llame de funcion
4/10/2022, 13:31:23 [32minfo[39m: 	retornar pool cuando se llame de funcion
4/10/2022, 13:31:40 [32minfo[39m: 	retornar pool cuando se llame de funcion
4/10/2022, 13:34:40 [32minfo[39m: 	retornar pool cuando se llame de funcion
4/10/2022, 13:34:42 [31merror[39m: 	Unhandle Rejection!!!
4/10/2022, 13:35:08 [32minfo[39m: 	retornar pool cuando se llame de funcion
4/10/2022, 13:35:10 [32minfo[39m: 	retornar pool cuando se llame de funcion
4/10/2022, 13:35:33 [32minfo[39m: 	retornar pool cuando se llame de funcion
4/10/2022, 13:37:29 [32minfo[39m: 	retornar pool cuando se llame de funcion
4/10/2022, 13:37:37 [32minfo[39m: 	retornar pool cuando se llame de funcion
4/10/2022, 13:37:52 [32minfo[39m: 	retornar pool cuando se llame de funcion
4/10/2022, 13:38:39 [32minfo[39m: 	retornar pool cuando se llame de funcion
4/10/2022, 13:38:40 [32minfo[39m: 	retornar pool cuando se llame de funcion
4/10/2022, 13:38:56 [32minfo[39m: 	retornar pool cuando se llame de funcion
4/10/2022, 13:38:57 [32minfo[39m: 	retornar pool cuando se llame de funcion
4/10/2022, 13:39:21 [32minfo[39m: 	retornar pool cuando se llame de funcion
4/10/2022, 13:39:24 [32minfo[39m: 	retornar pool cuando se llame de funcion
4/10/2022, 13:39:37 [32minfo[39m: 	retornar pool cuando se llame de funcion
4/10/2022, 13:39:38 [32minfo[39m: 	retornar pool cuando se llame de funcion
4/10/2022, 13:39:52 [32minfo[39m: 	retornar pool cuando se llame de funcion
4/10/2022, 13:39:54 [32minfo[39m: 	retornar pool cuando se llame de funcion
4/10/2022, 13:41:44 [32minfo[39m: 	retornar pool cuando se llame de funcion
4/10/2022, 13:41:55 [32minfo[39m: 	retornar pool cuando se llame de funcion
4/10/2022, 13:42:25 [32minfo[39m: 	retornar pool cuando se llame de funcion
4/10/2022, 13:42:28 [32minfo[39m: 	retornar pool cuando se llame de funcion
4/10/2022, 13:45:20 [32minfo[39m: 	retornar pool cuando se llame de funcion
4/10/2022, 13:45:32 [32minfo[39m: 	retornar pool cuando se llame de funcion
4/10/2022, 13:46:03 [32minfo[39m: 	retornar pool cuando se llame de funcion
4/10/2022, 13:46:05 [31merror[39m: 	Unhandle Rejection!!!
4/10/2022, 13:46:16 [32minfo[39m: 	retornar pool cuando se llame de funcion
4/10/2022, 13:49:32 [32minfo[39m: 	retornar pool cuando se llame de funcion
4/10/2022, 13:49:46 [32minfo[39m: 	retornar pool cuando se llame de funcion
4/10/2022, 13:50:08 [32minfo[39m: 	retornar pool cuando se llame de funcion
4/10/2022, 13:50:29 [32minfo[39m: 	retornar pool cuando se llame de funcion
4/10/2022, 13:52:54 [32minfo[39m: 	retornar pool cuando se llame de funcion
4/10/2022, 13:52:58 [32minfo[39m: 	retornar pool cuando se llame de funcion
4/10/2022, 13:54:50 [32minfo[39m: 	retornar pool cuando se llame de funcion
4/10/2022, 13:54:50 [32minfo[39m: 	retornar pool cuando se llame de funcion
4/10/2022, 13:55:21 [32minfo[39m: 	retornar pool cuando se llame de funcion
4/10/2022, 14:01:30 [32minfo[39m: 	retornar pool cuando se llame de funcion
4/10/2022, 14:04:26 [32minfo[39m: 	retornar pool cuando se llame de funcion
4/10/2022, 14:05:08 [32minfo[39m: 	retornar pool cuando se llame de funcion
4/10/2022, 14:05:09 [32minfo[39m: 	retornar pool cuando se llame de funcion
4/10/2022, 14:05:35 [32minfo[39m: 	retornar pool cuando se llame de funcion
4/10/2022, 14:05:58 [32minfo[39m: 	retornar pool cuando se llame de funcion
4/10/2022, 14:05:59 [31merror[39m: 	Unhandle Rejection!!!
4/10/2022, 14:05:59 [31merror[39m: 	null
4/10/2022, 14:06:33 [32minfo[39m: 	retornar pool cuando se llame de funcion
4/10/2022, 14:06:34 [32minfo[39m: 	retornar pool cuando se llame de funcion
4/10/2022, 14:07:03 [32minfo[39m: 	retornar pool cuando se llame de funcion
4/10/2022, 14:07:03 [31merror[39m: 	Unhandle Rejection!!!
4/10/2022, 14:07:03 [31merror[39m: 	null
4/10/2022, 14:07:16 [32minfo[39m: 	retornar pool cuando se llame de funcion
4/10/2022, 14:18:05 [32minfo[39m: 	retornar pool cuando se llame de funcion
4/10/2022, 14:18:06 [31merror[39m: 	Unhandle Rejection!!!
4/10/2022, 14:18:43 [32minfo[39m: 	retornar pool cuando se llame de funcion
4/10/2022, 14:18:56 [32minfo[39m: 	retornar pool cuando se llame de funcion
4/10/2022, 14:19:48 [32minfo[39m: 	retornar pool cuando se llame de funcion
4/10/2022, 14:20:06 [32minfo[39m: 	retornar pool cuando se llame de funcion
4/10/2022, 14:20:32 [32minfo[39m: 	retornar pool cuando se llame de funcion
4/10/2022, 14:20:32 [32minfo[39m: 	retornar pool cuando se llame de funcion
4/10/2022, 14:21:24 [32minfo[39m: 	retornar pool cuando se llame de funcion
4/10/2022, 14:22:39 [32minfo[39m: 	retornar pool cuando se llame de funcion
4/10/2022, 14:26:21 [32minfo[39m: 	retornar pool cuando se llame de funcion
4/10/2022, 14:26:35 [32minfo[39m: 	retornar pool cuando se llame de funcion
4/10/2022, 14:26:55 [32minfo[39m: 	retornar pool cuando se llame de funcion
4/10/2022, 14:27:10 [32minfo[39m: 	retornar pool cuando se llame de funcion
4/10/2022, 14:27:27 [32minfo[39m: 	retornar pool cuando se llame de funcion
4/10/2022, 14:27:31 [32minfo[39m: 	retornar pool cuando se llame de funcion
4/10/2022, 14:27:37 [32minfo[39m: 	retornar pool cuando se llame de funcion
4/10/2022, 14:27:38 [32minfo[39m: 	retornar pool cuando se llame de funcion
4/10/2022, 14:28:24 [32minfo[39m: 	retornar pool cuando se llame de funcion
4/10/2022, 14:28:26 [31merror[39m: 	Unhandle Rejection!!!
4/10/2022, 14:28:40 [32minfo[39m: 	retornar pool cuando se llame de funcion
4/10/2022, 14:29:20 [32minfo[39m: 	retornar pool cuando se llame de funcion
4/10/2022, 14:30:25 [32minfo[39m: 	retornar pool cuando se llame de funcion
4/10/2022, 14:30:41 [32minfo[39m: 	retornar pool cuando se llame de funcion
4/10/2022, 14:30:42 [31merror[39m: 	undefined
4/10/2022, 14:30:57 [32minfo[39m: 	retornar pool cuando se llame de funcion
4/10/2022, 14:31:26 [32minfo[39m: 	retornar pool cuando se llame de funcion
4/10/2022, 14:31:38 [32minfo[39m: 	retornar pool cuando se llame de funcion
4/10/2022, 14:32:52 [32minfo[39m: 	retornar pool cuando se llame de funcion
4/10/2022, 14:32:53 [31merror[39m: 	Error en el login AD incorrecto
4/10/2022, 14:33:06 [32minfo[39m: 	retornar pool cuando se llame de funcion
4/10/2022, 14:33:28 [32minfo[39m: 	retornar pool cuando se llame de funcion
4/10/2022, 14:33:28 [31merror[39m: 	Error en el login AD incorrecto
4/10/2022, 14:34:33 [32minfo[39m: 	retornar pool cuando se llame de funcion
4/10/2022, 14:34:36 [31merror[39m: 	Error en el login AD incorrecto
4/10/2022, 14:35:10 [32minfo[39m: 	retornar pool cuando se llame de funcion
4/10/2022, 14:35:13 [31merror[39m: 	Error en el login AD incorrecto
4/10/2022, 14:36:01 [32minfo[39m: 	retornar pool cuando se llame de funcion
4/10/2022, 14:36:11 [32minfo[39m: 	retornar pool cuando se llame de funcion
4/10/2022, 14:36:12 [32minfo[39m: 	retornar pool cuando se llame de funcion
4/10/2022, 14:36:13 [32minfo[39m: 	retornar pool cuando se llame de funcion
4/10/2022, 14:36:13 [32minfo[39m: 	retornar pool cuando se llame de funcion
4/10/2022, 14:36:14 [32minfo[39m: 	retornar pool cuando se llame de funcion
4/10/2022, 14:37:30 [32minfo[39m: 	retornar pool cuando se llame de funcion
4/10/2022, 14:37:32 [31merror[39m: 	Unhandle Rejection!!!
4/10/2022, 14:38:16 [32minfo[39m: 	retornar pool cuando se llame de funcion
4/10/2022, 14:38:17 [31merror[39m: 	Unhandle Rejection!!!
4/10/2022, 14:38:30 [32minfo[39m: 	retornar pool cuando se llame de funcion
4/10/2022, 14:38:31 [32minfo[39m: 	retornar pool cuando se llame de funcion
4/10/2022, 14:39:06 [32minfo[39m: 	retornar pool cuando se llame de funcion
4/10/2022, 14:39:07 [31merror[39m: 	Error en el login AD incorrecto
4/10/2022, 14:39:14 [32minfo[39m: 	retornar pool cuando se llame de funcion
4/10/2022, 14:39:15 [31merror[39m: 	Error en el login AD incorrecto
4/10/2022, 14:39:21 [32minfo[39m: 	retornar pool cuando se llame de funcion
4/10/2022, 14:39:22 [32minfo[39m: 	retornar pool cuando se llame de funcion
4/10/2022, 14:40:41 [32minfo[39m: 	retornar pool cuando se llame de funcion
4/10/2022, 14:40:42 [32minfo[39m: 	retornar pool cuando se llame de funcion
4/10/2022, 14:40:45 [31merror[39m: 	Error en el login AD incorrecto
4/10/2022, 14:41:10 [32minfo[39m: 	retornar pool cuando se llame de funcion
4/10/2022, 14:41:11 [31merror[39m: 	1__ldap://SVRDC02.corp.fassil.com.bo/ closed
4/10/2022, 14:41:32 [32minfo[39m: 	retornar pool cuando se llame de funcion
4/10/2022, 14:41:33 [31merror[39m: 	1__ldap://SVRDC02.corp.fassil.com.bo/ closed
4/10/2022, 14:41:46 [32minfo[39m: 	retornar pool cuando se llame de funcion
4/10/2022, 14:42:18 [32minfo[39m: 	retornar pool cuando se llame de funcion
4/10/2022, 14:42:25 [32minfo[39m: 	retornar pool cuando se llame de funcion
4/10/2022, 14:42:26 [31merror[39m: 	1__ldap://SVRDC02.corp.fassil.com.bo/ closed
4/10/2022, 14:43:00 [32minfo[39m: 	retornar pool cuando se llame de funcion
4/10/2022, 14:43:03 [31merror[39m: 	1__ldap://SVRDC02.corp.fassil.com.bo/ closed
4/10/2022, 14:43:12 [31merror[39m: 	connection unavailable
4/10/2022, 14:43:44 [32minfo[39m: 	retornar pool cuando se llame de funcion
4/10/2022, 14:43:46 [31merror[39m: 	1__ldap://SVRDC02.corp.fassil.com.bo/ closed
4/10/2022, 14:44:02 [32minfo[39m: 	retornar pool cuando se llame de funcion
4/10/2022, 14:44:13 [32minfo[39m: 	retornar pool cuando se llame de funcion
4/10/2022, 14:44:17 [31merror[39m: 	Error en el login AD incorrecto
4/10/2022, 14:51:14 [32minfo[39m: 	retornar pool cuando se llame de funcion
4/10/2022, 14:51:55 [31merror[39m: 	Error en el login AD incorrecto
4/10/2022, 14:52:00 [32minfo[39m: 	retornar pool cuando se llame de funcion
4/10/2022, 14:58:18 [32minfo[39m: 	retornar pool cuando se llame de funcion
4/10/2022, 15:00:52 [31merror[39m: 	Unhandle Rejection!!!
4/10/2022, 15:02:22 [32minfo[39m: 	retornar pool cuando se llame de funcion
4/10/2022, 15:02:25 [32minfo[39m: 	retornar pool cuando se llame de funcion
4/10/2022, 15:09:47 [32minfo[39m: 	retornar pool cuando se llame de funcion
4/10/2022, 15:12:53 [31merror[39m: 	Unhandle Rejection!!!
4/10/2022, 15:17:40 [32minfo[39m: 	retornar pool cuando se llame de funcion
4/10/2022, 15:17:43 [32minfo[39m: 	retornar pool cuando se llame de funcion
4/10/2022, 15:18:35 [32minfo[39m: 	retornar pool cuando se llame de funcion
4/10/2022, 15:18:41 [32minfo[39m: 	retornar pool cuando se llame de funcion
4/10/2022, 15:19:31 [32minfo[39m: 	retornar pool cuando se llame de funcion
4/10/2022, 15:19:46 [32minfo[39m: 	retornar pool cuando se llame de funcion
4/10/2022, 15:20:21 [32minfo[39m: 	retornar pool cuando se llame de funcion
4/10/2022, 15:21:04 [32minfo[39m: 	retornar pool cuando se llame de funcion
4/10/2022, 15:23:53 [31merror[39m: 	Unhandle Rejection!!!
4/10/2022, 15:28:40 [32minfo[39m: 	retornar pool cuando se llame de funcion
4/10/2022, 15:28:47 [32minfo[39m: 	retornar pool cuando se llame de funcion
4/10/2022, 15:29:02 [32minfo[39m: 	retornar pool cuando se llame de funcion
4/10/2022, 15:30:11 [32minfo[39m: 	retornar pool cuando se llame de funcion
4/10/2022, 15:31:24 [32minfo[39m: 	retornar pool cuando se llame de funcion
4/10/2022, 15:32:05 [32minfo[39m: 	retornar pool cuando se llame de funcion
4/10/2022, 15:32:09 [31merror[39m: 	1__ldap://SVRDC02.corp.fassil.com.bo/ closed
4/10/2022, 15:32:30 [32minfo[39m: 	retornar pool cuando se llame de funcion
4/10/2022, 15:32:31 [32minfo[39m: 	retornar pool cuando se llame de funcion
4/10/2022, 15:32:35 [31merror[39m: 	connection unavailable
4/10/2022, 15:32:38 [31merror[39m: 	connection unavailable
4/10/2022, 15:32:40 [31merror[39m: 	connection unavailable
4/10/2022, 15:32:40 [31merror[39m: 	connection unavailable
4/10/2022, 15:32:41 [31merror[39m: 	connection unavailable
4/10/2022, 15:33:12 [32minfo[39m: 	retornar pool cuando se llame de funcion
4/10/2022, 15:33:14 [32minfo[39m: 	retornar pool cuando se llame de funcion
4/10/2022, 15:33:15 [31merror[39m: 	connection unavailable
4/10/2022, 15:33:15 [31merror[39m: 	connection unavailable
4/10/2022, 15:33:16 [31merror[39m: 	connection unavailable
4/10/2022, 15:33:16 [31merror[39m: 	connection unavailable
4/10/2022, 15:33:19 [31merror[39m: 	connection unavailable
4/10/2022, 15:33:19 [31merror[39m: 	connection unavailable
4/10/2022, 15:35:23 [32minfo[39m: 	retornar pool cuando se llame de funcion
4/10/2022, 15:35:24 [31merror[39m: 	Error en el login AD incorrecto
4/10/2022, 15:35:29 [32minfo[39m: 	retornar pool cuando se llame de funcion
4/10/2022, 15:35:30 [32minfo[39m: 	retornar pool cuando se llame de funcion
4/10/2022, 15:35:31 [32minfo[39m: 	retornar pool cuando se llame de funcion
4/10/2022, 15:35:32 [32minfo[39m: 	retornar pool cuando se llame de funcion
4/10/2022, 15:39:54 [32minfo[39m: 	retornar pool cuando se llame de funcion
