20/10/2022, 8:40:48 [32minfo[39m: 	retornar pool cuando se llame de funcion
20/10/2022, 8:47:04 [32minfo[39m: 	retornar pool cuando se llame de funcion
20/10/2022, 8:47:09 [32minfo[39m: 	retornar pool cuando se llame de funcion
20/10/2022, 8:52:55 [32minfo[39m: 	retornar pool cuando se llame de funcion
20/10/2022, 8:53:22 [32minfo[39m: 	retornar pool cuando se llame de funcion
20/10/2022, 8:54:01 [32minfo[39m: 	retornar pool cuando se llame de funcion
20/10/2022, 8:54:15 [32minfo[39m: 	retornar pool cuando se llame de funcion
20/10/2022, 8:55:00 [32minfo[39m: 	retornar pool cuando se llame de funcion
20/10/2022, 8:55:48 [32minfo[39m: 	retornar pool cuando se llame de funcion
20/10/2022, 8:56:07 [32minfo[39m: 	retornar pool cuando se llame de funcion
20/10/2022, 8:57:07 [32minfo[39m: 	retornar pool cuando se llame de funcion
20/10/2022, 8:57:20 [32minfo[39m: 	retornar pool cuando se llame de funcion
20/10/2022, 8:58:50 [32minfo[39m: 	retornar pool cuando se llame de funcion
20/10/2022, 8:59:53 [32minfo[39m: 	retornar pool cuando se llame de funcion
20/10/2022, 9:06:35 [32minfo[39m: 	retornar pool cuando se llame de funcion
20/10/2022, 9:06:47 [32minfo[39m: 	retornar pool cuando se llame de funcion
20/10/2022, 9:16:00 [31merror[39m: 	jwt expired
20/10/2022, 9:16:11 [32minfo[39m: 	retornar pool cuando se llame de funcion
20/10/2022, 9:16:19 [32minfo[39m: 	retornar pool cuando se llame de funcion
20/10/2022, 9:17:10 [32minfo[39m: 	retornar pool cuando se llame de funcion
20/10/2022, 9:17:12 [32minfo[39m: 	retornar pool cuando se llame de funcion
20/10/2022, 9:17:26 [32minfo[39m: 	retornar pool cuando se llame de funcion
20/10/2022, 9:17:26 [32minfo[39m: 	retornar pool cuando se llame de funcion
20/10/2022, 9:17:33 [32minfo[39m: 	retornar pool cuando se llame de funcion
20/10/2022, 9:17:33 [32minfo[39m: 	retornar pool cuando se llame de funcion
20/10/2022, 9:17:38 [32minfo[39m: 	retornar pool cuando se llame de funcion
20/10/2022, 9:17:38 [32minfo[39m: 	retornar pool cuando se llame de funcion
20/10/2022, 9:45:53 [32minfo[39m: 	retornar pool cuando se llame de funcion
20/10/2022, 9:46:13 [32minfo[39m: 	retornar pool cuando se llame de funcion
20/10/2022, 9:50:50 [32minfo[39m: 	retornar pool cuando se llame de funcion
20/10/2022, 9:52:40 [32minfo[39m: 	retornar pool cuando se llame de funcion
20/10/2022, 9:57:31 [32minfo[39m: 	retornar pool cuando se llame de funcion
20/10/2022, 9:57:32 [31merror[39m: 	Unhandle Rejection!!!
20/10/2022, 9:57:32 [31merror[39m: 	Cannot read properties of undefined (reading 'path')
20/10/2022, 9:57:53 [32minfo[39m: 	retornar pool cuando se llame de funcion
20/10/2022, 10:07:44 [32minfo[39m: 	retornar pool cuando se llame de funcion
20/10/2022, 10:07:45 [31merror[39m: 	Unhandle Rejection!!!
20/10/2022, 10:07:56 [32minfo[39m: 	retornar pool cuando se llame de funcion
20/10/2022, 10:09:17 [31merror[39m: 	Unhandle Rejection!!!
20/10/2022, 10:09:17 [31merror[39m: 	Cannot read properties of undefined (reading 'path')
20/10/2022, 10:09:31 [32minfo[39m: 	retornar pool cuando se llame de funcion
20/10/2022, 10:13:58 [32minfo[39m: 	retornar pool cuando se llame de funcion
20/10/2022, 10:14:07 [32minfo[39m: 	retornar pool cuando se llame de funcion
20/10/2022, 10:14:33 [32minfo[39m: 	retornar pool cuando se llame de funcion
20/10/2022, 10:14:50 [32minfo[39m: 	retornar pool cuando se llame de funcion
20/10/2022, 10:14:51 [31merror[39m: 	Unhandle Rejection!!!
20/10/2022, 10:14:51 [31merror[39m: 	file is not defined
20/10/2022, 10:15:01 [32minfo[39m: 	retornar pool cuando se llame de funcion
20/10/2022, 10:16:33 [32minfo[39m: 	retornar pool cuando se llame de funcion
20/10/2022, 10:16:41 [32minfo[39m: 	retornar pool cuando se llame de funcion
20/10/2022, 10:16:55 [32minfo[39m: 	retornar pool cuando se llame de funcion
20/10/2022, 10:17:29 [32minfo[39m: 	retornar pool cuando se llame de funcion
20/10/2022, 10:18:31 [32minfo[39m: 	retornar pool cuando se llame de funcion
20/10/2022, 10:23:04 [32minfo[39m: 	retornar pool cuando se llame de funcion
20/10/2022, 10:25:42 [32minfo[39m: 	retornar pool cuando se llame de funcion
20/10/2022, 10:29:06 [32minfo[39m: 	retornar pool cuando se llame de funcion
20/10/2022, 10:29:37 [31merror[39m: 	Error en el login AD incorrecto
20/10/2022, 10:29:50 [32minfo[39m: 	retornar pool cuando se llame de funcion
20/10/2022, 10:30:09 [31merror[39m: 	Error en el login AD incorrecto
20/10/2022, 10:30:10 [31merror[39m: 	Error en el login AD incorrecto
20/10/2022, 10:31:06 [32minfo[39m: 	retornar pool cuando se llame de funcion
20/10/2022, 10:31:06 [32minfo[39m: 	retornar pool cuando se llame de funcion
20/10/2022, 10:31:06 [32minfo[39m: 	retornar pool cuando se llame de funcion
20/10/2022, 10:31:06 [32minfo[39m: 	retornar pool cuando se llame de funcion
20/10/2022, 10:31:06 [32minfo[39m: 	retornar pool cuando se llame de funcion
20/10/2022, 10:31:11 [32minfo[39m: 	retornar pool cuando se llame de funcion
20/10/2022, 10:31:11 [32minfo[39m: 	retornar pool cuando se llame de funcion
20/10/2022, 10:31:11 [32minfo[39m: 	retornar pool cuando se llame de funcion
20/10/2022, 10:31:11 [32minfo[39m: 	retornar pool cuando se llame de funcion
20/10/2022, 10:34:45 [31merror[39m: 	jwt expired
20/10/2022, 11:42:49 [32minfo[39m: 	retornar pool cuando se llame de funcion
20/10/2022, 11:55:02 [32minfo[39m: 	retornar pool cuando se llame de funcion
20/10/2022, 11:57:18 [32minfo[39m: 	retornar pool cuando se llame de funcion
20/10/2022, 11:57:18 [32minfo[39m: 	retornar pool cuando se llame de funcion
20/10/2022, 11:57:18 [32minfo[39m: 	retornar pool cuando se llame de funcion
20/10/2022, 11:57:18 [32minfo[39m: 	retornar pool cuando se llame de funcion
20/10/2022, 11:57:20 [32minfo[39m: 	retornar pool cuando se llame de funcion
20/10/2022, 11:57:20 [32minfo[39m: 	retornar pool cuando se llame de funcion
20/10/2022, 11:57:20 [32minfo[39m: 	retornar pool cuando se llame de funcion
20/10/2022, 11:57:20 [32minfo[39m: 	retornar pool cuando se llame de funcion
20/10/2022, 11:57:31 [32minfo[39m: 	retornar pool cuando se llame de funcion
20/10/2022, 11:57:31 [32minfo[39m: 	retornar pool cuando se llame de funcion
20/10/2022, 11:57:31 [32minfo[39m: 	retornar pool cuando se llame de funcion
20/10/2022, 11:57:31 [32minfo[39m: 	retornar pool cuando se llame de funcion
20/10/2022, 11:57:38 [31merror[39m: 	Error en el login AD incorrecto
20/10/2022, 11:57:51 [32minfo[39m: 	retornar pool cuando se llame de funcion
20/10/2022, 11:57:51 [32minfo[39m: 	retornar pool cuando se llame de funcion
20/10/2022, 11:57:51 [32minfo[39m: 	retornar pool cuando se llame de funcion
20/10/2022, 11:57:51 [32minfo[39m: 	retornar pool cuando se llame de funcion
20/10/2022, 11:57:51 [32minfo[39m: 	retornar pool cuando se llame de funcion
20/10/2022, 11:58:16 [32minfo[39m: 	retornar pool cuando se llame de funcion
20/10/2022, 14:05:27 [32minfo[39m: 	retornar pool cuando se llame de funcion
20/10/2022, 14:31:39 [32minfo[39m: 	retornar pool cuando se llame de funcion
20/10/2022, 14:31:56 [32minfo[39m: 	retornar pool cuando se llame de funcion
20/10/2022, 14:36:11 [32minfo[39m: 	retornar pool cuando se llame de funcion
20/10/2022, 15:03:44 [32minfo[39m: 	retornar pool cuando se llame de funcion
20/10/2022, 15:03:45 [32minfo[39m: 	retornar pool cuando se llame de funcion
20/10/2022, 15:03:46 [32minfo[39m: 	retornar pool cuando se llame de funcion
20/10/2022, 15:03:46 [32minfo[39m: 	retornar pool cuando se llame de funcion
20/10/2022, 15:03:46 [32minfo[39m: 	retornar pool cuando se llame de funcion
20/10/2022, 15:03:46 [32minfo[39m: 	retornar pool cuando se llame de funcion
20/10/2022, 15:14:55 [32minfo[39m: 	retornar pool cuando se llame de funcion
20/10/2022, 15:14:55 [32minfo[39m: 	retornar pool cuando se llame de funcion
20/10/2022, 15:14:55 [32minfo[39m: 	retornar pool cuando se llame de funcion
20/10/2022, 15:14:55 [32minfo[39m: 	retornar pool cuando se llame de funcion
20/10/2022, 15:15:15 [32minfo[39m: 	retornar pool cuando se llame de funcion
20/10/2022, 15:15:15 [32minfo[39m: 	retornar pool cuando se llame de funcion
20/10/2022, 15:15:15 [32minfo[39m: 	retornar pool cuando se llame de funcion
20/10/2022, 15:15:15 [32minfo[39m: 	retornar pool cuando se llame de funcion
20/10/2022, 15:16:59 [32minfo[39m: 	retornar pool cuando se llame de funcion
20/10/2022, 15:16:59 [32minfo[39m: 	retornar pool cuando se llame de funcion
20/10/2022, 15:16:59 [32minfo[39m: 	retornar pool cuando se llame de funcion
20/10/2022, 15:16:59 [32minfo[39m: 	retornar pool cuando se llame de funcion
