21/10/2022, 8:35:30 [32minfo[39m: 	retornar pool cuando se llame de funcion
21/10/2022, 8:48:03 [31merror[39m: 	jwt expired
21/10/2022, 8:48:03 [31merror[39m: 	jwt expired
21/10/2022, 8:48:41 [32minfo[39m: 	retornar pool cuando se llame de funcion
21/10/2022, 8:48:43 [32minfo[39m: 	retornar pool cuando se llame de funcion
21/10/2022, 8:48:43 [32minfo[39m: 	retornar pool cuando se llame de funcion
21/10/2022, 8:48:43 [32minfo[39m: 	retornar pool cuando se llame de funcion
21/10/2022, 8:48:43 [32minfo[39m: 	retornar pool cuando se llame de funcion
21/10/2022, 8:49:14 [32minfo[39m: 	retornar pool cuando se llame de funcion
21/10/2022, 8:49:14 [32minfo[39m: 	retornar pool cuando se llame de funcion
21/10/2022, 8:49:14 [32minfo[39m: 	retornar pool cuando se llame de funcion
21/10/2022, 8:49:14 [32minfo[39m: 	retornar pool cuando se llame de funcion
21/10/2022, 8:49:14 [32minfo[39m: 	retornar pool cuando se llame de funcion
21/10/2022, 8:49:35 [32minfo[39m: 	retornar pool cuando se llame de funcion
21/10/2022, 8:49:35 [32minfo[39m: 	retornar pool cuando se llame de funcion
21/10/2022, 8:49:35 [32minfo[39m: 	retornar pool cuando se llame de funcion
21/10/2022, 8:49:35 [32minfo[39m: 	retornar pool cuando se llame de funcion
21/10/2022, 8:49:35 [32minfo[39m: 	retornar pool cuando se llame de funcion
21/10/2022, 8:50:22 [32minfo[39m: 	retornar pool cuando se llame de funcion
21/10/2022, 8:50:22 [32minfo[39m: 	retornar pool cuando se llame de funcion
21/10/2022, 8:50:22 [32minfo[39m: 	retornar pool cuando se llame de funcion
21/10/2022, 8:50:22 [32minfo[39m: 	retornar pool cuando se llame de funcion
21/10/2022, 8:52:00 [32minfo[39m: 	retornar pool cuando se llame de funcion
21/10/2022, 8:52:00 [32minfo[39m: 	retornar pool cuando se llame de funcion
21/10/2022, 8:52:00 [32minfo[39m: 	retornar pool cuando se llame de funcion
21/10/2022, 8:52:00 [32minfo[39m: 	retornar pool cuando se llame de funcion
21/10/2022, 8:55:12 [32minfo[39m: 	retornar pool cuando se llame de funcion
21/10/2022, 8:55:12 [32minfo[39m: 	retornar pool cuando se llame de funcion
21/10/2022, 8:55:12 [32minfo[39m: 	retornar pool cuando se llame de funcion
21/10/2022, 8:55:12 [32minfo[39m: 	retornar pool cuando se llame de funcion
21/10/2022, 8:56:20 [32minfo[39m: 	retornar pool cuando se llame de funcion
21/10/2022, 8:56:20 [32minfo[39m: 	retornar pool cuando se llame de funcion
21/10/2022, 8:56:20 [32minfo[39m: 	retornar pool cuando se llame de funcion
21/10/2022, 8:56:20 [32minfo[39m: 	retornar pool cuando se llame de funcion
21/10/2022, 8:56:25 [32minfo[39m: 	retornar pool cuando se llame de funcion
21/10/2022, 8:56:25 [32minfo[39m: 	retornar pool cuando se llame de funcion
21/10/2022, 8:56:25 [32minfo[39m: 	retornar pool cuando se llame de funcion
21/10/2022, 8:56:25 [32minfo[39m: 	retornar pool cuando se llame de funcion
21/10/2022, 8:57:26 [32minfo[39m: 	retornar pool cuando se llame de funcion
21/10/2022, 8:57:26 [32minfo[39m: 	retornar pool cuando se llame de funcion
21/10/2022, 8:57:26 [32minfo[39m: 	retornar pool cuando se llame de funcion
21/10/2022, 8:57:26 [32minfo[39m: 	retornar pool cuando se llame de funcion
21/10/2022, 8:57:28 [32minfo[39m: 	retornar pool cuando se llame de funcion
21/10/2022, 8:57:28 [32minfo[39m: 	retornar pool cuando se llame de funcion
21/10/2022, 8:57:28 [32minfo[39m: 	retornar pool cuando se llame de funcion
21/10/2022, 8:57:28 [32minfo[39m: 	retornar pool cuando se llame de funcion
21/10/2022, 8:58:13 [32minfo[39m: 	retornar pool cuando se llame de funcion
21/10/2022, 8:58:13 [32minfo[39m: 	retornar pool cuando se llame de funcion
21/10/2022, 8:58:13 [32minfo[39m: 	retornar pool cuando se llame de funcion
21/10/2022, 8:58:13 [32minfo[39m: 	retornar pool cuando se llame de funcion
21/10/2022, 9:00:47 [32minfo[39m: 	retornar pool cuando se llame de funcion
21/10/2022, 9:00:47 [32minfo[39m: 	retornar pool cuando se llame de funcion
21/10/2022, 9:00:47 [32minfo[39m: 	retornar pool cuando se llame de funcion
21/10/2022, 9:00:47 [32minfo[39m: 	retornar pool cuando se llame de funcion
21/10/2022, 9:01:09 [32minfo[39m: 	retornar pool cuando se llame de funcion
21/10/2022, 9:01:09 [32minfo[39m: 	retornar pool cuando se llame de funcion
21/10/2022, 9:01:09 [32minfo[39m: 	retornar pool cuando se llame de funcion
21/10/2022, 9:01:09 [32minfo[39m: 	retornar pool cuando se llame de funcion
21/10/2022, 9:01:09 [32minfo[39m: 	retornar pool cuando se llame de funcion
21/10/2022, 9:01:32 [32minfo[39m: 	retornar pool cuando se llame de funcion
21/10/2022, 9:01:32 [32minfo[39m: 	retornar pool cuando se llame de funcion
21/10/2022, 9:01:32 [32minfo[39m: 	retornar pool cuando se llame de funcion
21/10/2022, 9:01:32 [32minfo[39m: 	retornar pool cuando se llame de funcion
21/10/2022, 9:04:53 [32minfo[39m: 	retornar pool cuando se llame de funcion
21/10/2022, 9:04:53 [32minfo[39m: 	retornar pool cuando se llame de funcion
21/10/2022, 9:04:53 [32minfo[39m: 	retornar pool cuando se llame de funcion
21/10/2022, 9:04:53 [32minfo[39m: 	retornar pool cuando se llame de funcion
21/10/2022, 9:05:22 [32minfo[39m: 	retornar pool cuando se llame de funcion
21/10/2022, 9:05:22 [32minfo[39m: 	retornar pool cuando se llame de funcion
21/10/2022, 9:05:22 [32minfo[39m: 	retornar pool cuando se llame de funcion
21/10/2022, 9:05:22 [32minfo[39m: 	retornar pool cuando se llame de funcion
21/10/2022, 9:05:23 [32minfo[39m: 	retornar pool cuando se llame de funcion
21/10/2022, 9:05:23 [32minfo[39m: 	retornar pool cuando se llame de funcion
21/10/2022, 9:05:23 [32minfo[39m: 	retornar pool cuando se llame de funcion
21/10/2022, 9:05:23 [32minfo[39m: 	retornar pool cuando se llame de funcion
21/10/2022, 9:07:00 [32minfo[39m: 	retornar pool cuando se llame de funcion
21/10/2022, 9:07:00 [32minfo[39m: 	retornar pool cuando se llame de funcion
21/10/2022, 9:07:00 [32minfo[39m: 	retornar pool cuando se llame de funcion
21/10/2022, 9:07:00 [32minfo[39m: 	retornar pool cuando se llame de funcion
21/10/2022, 9:09:50 [32minfo[39m: 	retornar pool cuando se llame de funcion
21/10/2022, 9:09:50 [32minfo[39m: 	retornar pool cuando se llame de funcion
21/10/2022, 9:09:50 [32minfo[39m: 	retornar pool cuando se llame de funcion
21/10/2022, 9:09:50 [32minfo[39m: 	retornar pool cuando se llame de funcion
21/10/2022, 9:12:53 [32minfo[39m: 	retornar pool cuando se llame de funcion
21/10/2022, 9:12:58 [32minfo[39m: 	retornar pool cuando se llame de funcion
21/10/2022, 9:12:58 [32minfo[39m: 	retornar pool cuando se llame de funcion
21/10/2022, 9:12:58 [32minfo[39m: 	retornar pool cuando se llame de funcion
21/10/2022, 9:12:58 [32minfo[39m: 	retornar pool cuando se llame de funcion
21/10/2022, 9:14:38 [32minfo[39m: 	retornar pool cuando se llame de funcion
21/10/2022, 9:15:34 [32minfo[39m: 	retornar pool cuando se llame de funcion
21/10/2022, 9:15:36 [32minfo[39m: 	retornar pool cuando se llame de funcion
21/10/2022, 9:15:36 [32minfo[39m: 	retornar pool cuando se llame de funcion
21/10/2022, 9:15:36 [32minfo[39m: 	retornar pool cuando se llame de funcion
21/10/2022, 9:15:36 [32minfo[39m: 	retornar pool cuando se llame de funcion
21/10/2022, 9:15:36 [32minfo[39m: 	retornar pool cuando se llame de funcion
21/10/2022, 9:26:56 [32minfo[39m: 	retornar pool cuando se llame de funcion
21/10/2022, 9:26:56 [32minfo[39m: 	retornar pool cuando se llame de funcion
21/10/2022, 9:26:56 [32minfo[39m: 	retornar pool cuando se llame de funcion
21/10/2022, 9:26:56 [32minfo[39m: 	retornar pool cuando se llame de funcion
21/10/2022, 9:27:31 [32minfo[39m: 	retornar pool cuando se llame de funcion
21/10/2022, 9:27:31 [32minfo[39m: 	retornar pool cuando se llame de funcion
21/10/2022, 9:27:31 [32minfo[39m: 	retornar pool cuando se llame de funcion
21/10/2022, 9:27:31 [32minfo[39m: 	retornar pool cuando se llame de funcion
21/10/2022, 9:27:37 [32minfo[39m: 	retornar pool cuando se llame de funcion
21/10/2022, 9:27:37 [32minfo[39m: 	retornar pool cuando se llame de funcion
21/10/2022, 9:27:37 [32minfo[39m: 	retornar pool cuando se llame de funcion
21/10/2022, 9:27:37 [32minfo[39m: 	retornar pool cuando se llame de funcion
21/10/2022, 9:27:41 [32minfo[39m: 	retornar pool cuando se llame de funcion
21/10/2022, 9:27:41 [32minfo[39m: 	retornar pool cuando se llame de funcion
21/10/2022, 9:27:41 [32minfo[39m: 	retornar pool cuando se llame de funcion
21/10/2022, 9:27:41 [32minfo[39m: 	retornar pool cuando se llame de funcion
21/10/2022, 9:28:42 [32minfo[39m: 	retornar pool cuando se llame de funcion
21/10/2022, 9:29:15 [32minfo[39m: 	retornar pool cuando se llame de funcion
21/10/2022, 9:46:22 [32minfo[39m: 	retornar pool cuando se llame de funcion
21/10/2022, 9:49:28 [32minfo[39m: 	retornar pool cuando se llame de funcion
21/10/2022, 9:52:21 [31merror[39m: 	Unhandle Rejection!!!
21/10/2022, 9:52:21 [31merror[39m: 	Cannot read properties of undefined (reading 'path')
21/10/2022, 9:53:13 [32minfo[39m: 	retornar pool cuando se llame de funcion
21/10/2022, 10:16:48 [31merror[39m: 	jwt expired
21/10/2022, 10:28:58 [31merror[39m: 	jwt expired
21/10/2022, 10:29:02 [32minfo[39m: 	retornar pool cuando se llame de funcion
21/10/2022, 10:29:14 [32minfo[39m: 	retornar pool cuando se llame de funcion
21/10/2022, 10:29:14 [31merror[39m: 	Unhandle Rejection!!!
21/10/2022, 10:29:14 [31merror[39m: 	Cannot read properties of undefined (reading 'path')
21/10/2022, 10:29:14 [32minfo[39m: 	retornar pool cuando se llame de funcion
21/10/2022, 10:29:44 [32minfo[39m: 	retornar pool cuando se llame de funcion
21/10/2022, 10:29:45 [32minfo[39m: 	retornar pool cuando se llame de funcion
21/10/2022, 10:29:45 [31merror[39m: 	Unhandle Rejection!!!
21/10/2022, 10:29:45 [31merror[39m: 	Cannot read properties of undefined (reading 'path')
21/10/2022, 10:29:45 [32minfo[39m: 	retornar pool cuando se llame de funcion
21/10/2022, 10:30:00 [32minfo[39m: 	retornar pool cuando se llame de funcion
21/10/2022, 10:30:02 [32minfo[39m: 	retornar pool cuando se llame de funcion
21/10/2022, 10:30:02 [31merror[39m: 	Unhandle Rejection!!!
21/10/2022, 10:30:02 [31merror[39m: 	Cannot read properties of undefined (reading 'path')
21/10/2022, 10:30:02 [32minfo[39m: 	retornar pool cuando se llame de funcion
21/10/2022, 10:30:34 [32minfo[39m: 	retornar pool cuando se llame de funcion
21/10/2022, 10:39:58 [32minfo[39m: 	retornar pool cuando se llame de funcion
21/10/2022, 10:40:10 [31merror[39m: 	Cannot read properties of undefined (reading 'split')
21/10/2022, 10:40:57 [32minfo[39m: 	retornar pool cuando se llame de funcion
21/10/2022, 10:40:58 [31merror[39m: 	Cannot read properties of undefined (reading 'split')
21/10/2022, 10:41:31 [32minfo[39m: 	retornar pool cuando se llame de funcion
21/10/2022, 10:41:31 [31merror[39m: 	Unhandle Rejection!!!
21/10/2022, 10:44:26 [32minfo[39m: 	retornar pool cuando se llame de funcion
21/10/2022, 10:44:29 [31merror[39m: 	Cannot read properties of undefined (reading 'split')
21/10/2022, 10:45:02 [32minfo[39m: 	retornar pool cuando se llame de funcion
21/10/2022, 10:45:02 [31merror[39m: 	Cannot set headers after they are sent to the client
21/10/2022, 10:46:10 [32minfo[39m: 	retornar pool cuando se llame de funcion
21/10/2022, 10:46:15 [32minfo[39m: 	retornar pool cuando se llame de funcion
21/10/2022, 10:46:15 [31merror[39m: 	Cannot set headers after they are sent to the client
21/10/2022, 10:47:42 [32minfo[39m: 	retornar pool cuando se llame de funcion
21/10/2022, 10:47:43 [32minfo[39m: 	retornar pool cuando se llame de funcion
21/10/2022, 10:47:53 [32minfo[39m: 	retornar pool cuando se llame de funcion
21/10/2022, 10:49:46 [32minfo[39m: 	retornar pool cuando se llame de funcion
21/10/2022, 10:49:50 [32minfo[39m: 	retornar pool cuando se llame de funcion
21/10/2022, 10:49:52 [32minfo[39m: 	retornar pool cuando se llame de funcion
21/10/2022, 10:54:09 [32minfo[39m: 	retornar pool cuando se llame de funcion
21/10/2022, 10:54:09 [32minfo[39m: 	retornar pool cuando se llame de funcion
21/10/2022, 10:54:09 [32minfo[39m: 	retornar pool cuando se llame de funcion
21/10/2022, 10:54:09 [32minfo[39m: 	retornar pool cuando se llame de funcion
21/10/2022, 10:54:18 [31merror[39m: 	Cannot read properties of undefined (reading 'split')
21/10/2022, 10:55:35 [32minfo[39m: 	retornar pool cuando se llame de funcion
21/10/2022, 10:55:35 [32minfo[39m: 	retornar pool cuando se llame de funcion
21/10/2022, 10:56:07 [32minfo[39m: 	retornar pool cuando se llame de funcion
21/10/2022, 10:56:07 [32minfo[39m: 	retornar pool cuando se llame de funcion
21/10/2022, 10:56:07 [32minfo[39m: 	retornar pool cuando se llame de funcion
21/10/2022, 10:56:07 [32minfo[39m: 	retornar pool cuando se llame de funcion
21/10/2022, 10:56:12 [31merror[39m: 	Cannot read properties of undefined (reading 'split')
21/10/2022, 10:56:46 [32minfo[39m: 	retornar pool cuando se llame de funcion
21/10/2022, 10:56:46 [32minfo[39m: 	retornar pool cuando se llame de funcion
21/10/2022, 10:56:46 [32minfo[39m: 	retornar pool cuando se llame de funcion
21/10/2022, 10:56:46 [32minfo[39m: 	retornar pool cuando se llame de funcion
21/10/2022, 10:56:49 [32minfo[39m: 	retornar pool cuando se llame de funcion
21/10/2022, 10:56:49 [32minfo[39m: 	retornar pool cuando se llame de funcion
21/10/2022, 10:56:49 [32minfo[39m: 	retornar pool cuando se llame de funcion
21/10/2022, 10:56:49 [32minfo[39m: 	retornar pool cuando se llame de funcion
21/10/2022, 10:56:52 [31merror[39m: 	Cannot read properties of undefined (reading 'split')
21/10/2022, 10:57:21 [32minfo[39m: 	retornar pool cuando se llame de funcion
21/10/2022, 10:57:21 [32minfo[39m: 	retornar pool cuando se llame de funcion
21/10/2022, 10:57:21 [32minfo[39m: 	retornar pool cuando se llame de funcion
21/10/2022, 10:57:21 [32minfo[39m: 	retornar pool cuando se llame de funcion
21/10/2022, 10:57:29 [31merror[39m: 	Cannot read properties of undefined (reading 'split')
21/10/2022, 12:09:00 [32minfo[39m: 	retornar pool cuando se llame de funcion
21/10/2022, 12:09:43 [31merror[39m: 	jwt expired
21/10/2022, 12:09:43 [31merror[39m: 	jwt expired
21/10/2022, 12:09:51 [32minfo[39m: 	retornar pool cuando se llame de funcion
21/10/2022, 12:09:51 [32minfo[39m: 	retornar pool cuando se llame de funcion
21/10/2022, 12:09:51 [32minfo[39m: 	retornar pool cuando se llame de funcion
21/10/2022, 12:09:51 [32minfo[39m: 	retornar pool cuando se llame de funcion
21/10/2022, 12:09:51 [32minfo[39m: 	retornar pool cuando se llame de funcion
21/10/2022, 12:10:40 [31merror[39m: 	Cannot read properties of undefined (reading 'split')
21/10/2022, 12:10:46 [32minfo[39m: 	retornar pool cuando se llame de funcion
21/10/2022, 12:10:46 [32minfo[39m: 	retornar pool cuando se llame de funcion
21/10/2022, 12:10:46 [32minfo[39m: 	retornar pool cuando se llame de funcion
21/10/2022, 12:10:46 [32minfo[39m: 	retornar pool cuando se llame de funcion
21/10/2022, 12:10:46 [32minfo[39m: 	retornar pool cuando se llame de funcion
21/10/2022, 12:10:58 [31merror[39m: 	Cannot read properties of undefined (reading 'split')
21/10/2022, 12:15:57 [32minfo[39m: 	retornar pool cuando se llame de funcion
21/10/2022, 12:15:57 [32minfo[39m: 	retornar pool cuando se llame de funcion
21/10/2022, 12:15:57 [32minfo[39m: 	retornar pool cuando se llame de funcion
21/10/2022, 12:15:57 [32minfo[39m: 	retornar pool cuando se llame de funcion
21/10/2022, 12:16:01 [32minfo[39m: 	retornar pool cuando se llame de funcion
21/10/2022, 12:16:01 [32minfo[39m: 	retornar pool cuando se llame de funcion
21/10/2022, 12:16:01 [32minfo[39m: 	retornar pool cuando se llame de funcion
21/10/2022, 12:16:01 [32minfo[39m: 	retornar pool cuando se llame de funcion
21/10/2022, 12:16:05 [32minfo[39m: 	retornar pool cuando se llame de funcion
21/10/2022, 12:16:05 [32minfo[39m: 	retornar pool cuando se llame de funcion
21/10/2022, 12:16:05 [32minfo[39m: 	retornar pool cuando se llame de funcion
21/10/2022, 12:16:05 [32minfo[39m: 	retornar pool cuando se llame de funcion
21/10/2022, 12:16:12 [32minfo[39m: 	retornar pool cuando se llame de funcion
21/10/2022, 12:16:12 [32minfo[39m: 	retornar pool cuando se llame de funcion
21/10/2022, 12:16:12 [32minfo[39m: 	retornar pool cuando se llame de funcion
21/10/2022, 12:16:12 [32minfo[39m: 	retornar pool cuando se llame de funcion
21/10/2022, 12:16:17 [31merror[39m: 	Cannot read properties of undefined (reading 'split')
21/10/2022, 12:16:19 [32minfo[39m: 	retornar pool cuando se llame de funcion
21/10/2022, 12:16:19 [32minfo[39m: 	retornar pool cuando se llame de funcion
21/10/2022, 12:16:19 [32minfo[39m: 	retornar pool cuando se llame de funcion
21/10/2022, 12:16:19 [32minfo[39m: 	retornar pool cuando se llame de funcion
21/10/2022, 12:16:24 [31merror[39m: 	Cannot read properties of undefined (reading 'split')
21/10/2022, 12:17:20 [32minfo[39m: 	retornar pool cuando se llame de funcion
21/10/2022, 12:17:22 [32minfo[39m: 	retornar pool cuando se llame de funcion
21/10/2022, 12:17:22 [32minfo[39m: 	retornar pool cuando se llame de funcion
21/10/2022, 12:17:22 [32minfo[39m: 	retornar pool cuando se llame de funcion
21/10/2022, 12:17:22 [32minfo[39m: 	retornar pool cuando se llame de funcion
21/10/2022, 12:17:28 [31merror[39m: 	Cannot read properties of undefined (reading 'split')
21/10/2022, 12:17:43 [32minfo[39m: 	retornar pool cuando se llame de funcion
21/10/2022, 12:17:56 [32minfo[39m: 	retornar pool cuando se llame de funcion
21/10/2022, 12:17:56 [32minfo[39m: 	retornar pool cuando se llame de funcion
21/10/2022, 12:17:56 [32minfo[39m: 	retornar pool cuando se llame de funcion
21/10/2022, 12:17:56 [32minfo[39m: 	retornar pool cuando se llame de funcion
21/10/2022, 12:18:00 [31merror[39m: 	Cannot read properties of undefined (reading 'split')
21/10/2022, 12:20:38 [32minfo[39m: 	retornar pool cuando se llame de funcion
21/10/2022, 12:20:41 [32minfo[39m: 	retornar pool cuando se llame de funcion
21/10/2022, 12:20:41 [32minfo[39m: 	retornar pool cuando se llame de funcion
21/10/2022, 12:20:41 [32minfo[39m: 	retornar pool cuando se llame de funcion
21/10/2022, 12:20:41 [32minfo[39m: 	retornar pool cuando se llame de funcion
21/10/2022, 12:47:24 [32minfo[39m: 	retornar pool cuando se llame de funcion
21/10/2022, 12:47:24 [32minfo[39m: 	retornar pool cuando se llame de funcion
21/10/2022, 12:47:24 [32minfo[39m: 	retornar pool cuando se llame de funcion
21/10/2022, 12:47:24 [32minfo[39m: 	retornar pool cuando se llame de funcion
21/10/2022, 12:47:24 [32minfo[39m: 	retornar pool cuando se llame de funcion
21/10/2022, 12:47:51 [32minfo[39m: 	retornar pool cuando se llame de funcion
21/10/2022, 12:47:51 [32minfo[39m: 	retornar pool cuando se llame de funcion
21/10/2022, 12:47:51 [32minfo[39m: 	retornar pool cuando se llame de funcion
21/10/2022, 12:47:51 [32minfo[39m: 	retornar pool cuando se llame de funcion
21/10/2022, 12:48:02 [32minfo[39m: 	retornar pool cuando se llame de funcion
21/10/2022, 12:48:02 [32minfo[39m: 	retornar pool cuando se llame de funcion
21/10/2022, 12:48:02 [32minfo[39m: 	retornar pool cuando se llame de funcion
21/10/2022, 12:48:02 [32minfo[39m: 	retornar pool cuando se llame de funcion
