18/10/2022, 8:22:28 [32minfo[39m: 	retornar pool cuando se llame de funcion
18/10/2022, 8:25:45 [32minfo[39m: 	retornar pool cuando se llame de funcion
18/10/2022, 8:25:45 [32minfo[39m: 	retornar pool cuando se llame de funcion
18/10/2022, 8:30:23 [32minfo[39m: 	retornar pool cuando se llame de funcion
18/10/2022, 8:30:23 [32minfo[39m: 	retornar pool cuando se llame de funcion
18/10/2022, 8:34:28 [32minfo[39m: 	retornar pool cuando se llame de funcion
18/10/2022, 8:34:28 [32minfo[39m: 	retornar pool cuando se llame de funcion
18/10/2022, 8:37:55 [32minfo[39m: 	retornar pool cuando se llame de funcion
18/10/2022, 8:37:55 [32minfo[39m: 	retornar pool cuando se llame de funcion
18/10/2022, 8:47:40 [32minfo[39m: 	retornar pool cuando se llame de funcion
18/10/2022, 8:47:40 [32minfo[39m: 	retornar pool cuando se llame de funcion
18/10/2022, 8:47:40 [32minfo[39m: 	retornar pool cuando se llame de funcion
18/10/2022, 8:48:07 [32minfo[39m: 	retornar pool cuando se llame de funcion
18/10/2022, 8:48:07 [32minfo[39m: 	retornar pool cuando se llame de funcion
18/10/2022, 8:48:11 [32minfo[39m: 	retornar pool cuando se llame de funcion
18/10/2022, 8:48:11 [32minfo[39m: 	retornar pool cuando se llame de funcion
18/10/2022, 8:48:11 [32minfo[39m: 	retornar pool cuando se llame de funcion
18/10/2022, 8:48:51 [32minfo[39m: 	retornar pool cuando se llame de funcion
18/10/2022, 8:48:51 [32minfo[39m: 	retornar pool cuando se llame de funcion
18/10/2022, 8:48:54 [32minfo[39m: 	retornar pool cuando se llame de funcion
18/10/2022, 8:48:54 [32minfo[39m: 	retornar pool cuando se llame de funcion
18/10/2022, 8:48:54 [32minfo[39m: 	retornar pool cuando se llame de funcion
18/10/2022, 8:49:44 [32minfo[39m: 	retornar pool cuando se llame de funcion
18/10/2022, 8:49:44 [32minfo[39m: 	retornar pool cuando se llame de funcion
18/10/2022, 8:49:48 [32minfo[39m: 	retornar pool cuando se llame de funcion
18/10/2022, 8:49:48 [32minfo[39m: 	retornar pool cuando se llame de funcion
18/10/2022, 8:49:48 [32minfo[39m: 	retornar pool cuando se llame de funcion
18/10/2022, 8:50:14 [32minfo[39m: 	retornar pool cuando se llame de funcion
18/10/2022, 8:50:14 [32minfo[39m: 	retornar pool cuando se llame de funcion
18/10/2022, 8:50:17 [32minfo[39m: 	retornar pool cuando se llame de funcion
18/10/2022, 8:50:17 [32minfo[39m: 	retornar pool cuando se llame de funcion
18/10/2022, 8:50:17 [32minfo[39m: 	retornar pool cuando se llame de funcion
18/10/2022, 8:56:15 [32minfo[39m: 	retornar pool cuando se llame de funcion
18/10/2022, 8:56:15 [32minfo[39m: 	retornar pool cuando se llame de funcion
18/10/2022, 8:57:18 [32minfo[39m: 	retornar pool cuando se llame de funcion
18/10/2022, 8:57:18 [32minfo[39m: 	retornar pool cuando se llame de funcion
18/10/2022, 8:57:36 [32minfo[39m: 	retornar pool cuando se llame de funcion
18/10/2022, 8:57:36 [32minfo[39m: 	retornar pool cuando se llame de funcion
18/10/2022, 9:02:15 [32minfo[39m: 	retornar pool cuando se llame de funcion
18/10/2022, 9:02:15 [32minfo[39m: 	retornar pool cuando se llame de funcion
18/10/2022, 9:03:05 [32minfo[39m: 	retornar pool cuando se llame de funcion
18/10/2022, 9:08:06 [32minfo[39m: 	retornar pool cuando se llame de funcion
18/10/2022, 9:08:06 [32minfo[39m: 	retornar pool cuando se llame de funcion
18/10/2022, 9:08:12 [32minfo[39m: 	retornar pool cuando se llame de funcion
18/10/2022, 9:09:01 [32minfo[39m: 	retornar pool cuando se llame de funcion
18/10/2022, 9:09:38 [32minfo[39m: 	retornar pool cuando se llame de funcion
18/10/2022, 9:09:38 [32minfo[39m: 	retornar pool cuando se llame de funcion
18/10/2022, 9:09:38 [32minfo[39m: 	retornar pool cuando se llame de funcion
18/10/2022, 9:16:50 [32minfo[39m: 	retornar pool cuando se llame de funcion
18/10/2022, 9:16:50 [32minfo[39m: 	retornar pool cuando se llame de funcion
18/10/2022, 9:16:53 [32minfo[39m: 	retornar pool cuando se llame de funcion
18/10/2022, 9:16:59 [32minfo[39m: 	retornar pool cuando se llame de funcion
18/10/2022, 9:16:59 [32minfo[39m: 	retornar pool cuando se llame de funcion
18/10/2022, 9:16:59 [32minfo[39m: 	retornar pool cuando se llame de funcion
18/10/2022, 9:18:49 [32minfo[39m: 	retornar pool cuando se llame de funcion
18/10/2022, 9:18:49 [32minfo[39m: 	retornar pool cuando se llame de funcion
18/10/2022, 9:18:52 [32minfo[39m: 	retornar pool cuando se llame de funcion
18/10/2022, 9:18:52 [32minfo[39m: 	retornar pool cuando se llame de funcion
18/10/2022, 9:18:52 [32minfo[39m: 	retornar pool cuando se llame de funcion
18/10/2022, 9:19:21 [32minfo[39m: 	retornar pool cuando se llame de funcion
18/10/2022, 9:19:21 [32minfo[39m: 	retornar pool cuando se llame de funcion
18/10/2022, 9:22:03 [32minfo[39m: 	retornar pool cuando se llame de funcion
18/10/2022, 9:22:49 [32minfo[39m: 	retornar pool cuando se llame de funcion
18/10/2022, 9:22:50 [32minfo[39m: 	retornar pool cuando se llame de funcion
18/10/2022, 9:22:50 [32minfo[39m: 	retornar pool cuando se llame de funcion
18/10/2022, 9:23:28 [32minfo[39m: 	retornar pool cuando se llame de funcion
18/10/2022, 9:23:28 [32minfo[39m: 	retornar pool cuando se llame de funcion
18/10/2022, 9:23:31 [32minfo[39m: 	retornar pool cuando se llame de funcion
18/10/2022, 9:23:31 [32minfo[39m: 	retornar pool cuando se llame de funcion
18/10/2022, 9:23:31 [32minfo[39m: 	retornar pool cuando se llame de funcion
18/10/2022, 9:24:14 [32minfo[39m: 	retornar pool cuando se llame de funcion
18/10/2022, 9:24:14 [32minfo[39m: 	retornar pool cuando se llame de funcion
18/10/2022, 9:24:18 [32minfo[39m: 	retornar pool cuando se llame de funcion
18/10/2022, 9:32:48 [32minfo[39m: 	retornar pool cuando se llame de funcion
18/10/2022, 9:32:48 [32minfo[39m: 	retornar pool cuando se llame de funcion
18/10/2022, 9:32:48 [32minfo[39m: 	retornar pool cuando se llame de funcion
18/10/2022, 9:34:51 [32minfo[39m: 	retornar pool cuando se llame de funcion
18/10/2022, 9:34:51 [32minfo[39m: 	retornar pool cuando se llame de funcion
18/10/2022, 9:34:54 [32minfo[39m: 	retornar pool cuando se llame de funcion
18/10/2022, 9:34:54 [32minfo[39m: 	retornar pool cuando se llame de funcion
18/10/2022, 9:34:54 [32minfo[39m: 	retornar pool cuando se llame de funcion
18/10/2022, 9:41:55 [32minfo[39m: 	retornar pool cuando se llame de funcion
18/10/2022, 9:41:55 [32minfo[39m: 	retornar pool cuando se llame de funcion
18/10/2022, 9:44:24 [32minfo[39m: 	retornar pool cuando se llame de funcion
18/10/2022, 9:44:24 [32minfo[39m: 	retornar pool cuando se llame de funcion
18/10/2022, 9:44:24 [32minfo[39m: 	retornar pool cuando se llame de funcion
18/10/2022, 9:48:10 [32minfo[39m: 	retornar pool cuando se llame de funcion
18/10/2022, 9:48:10 [32minfo[39m: 	retornar pool cuando se llame de funcion
18/10/2022, 9:48:20 [32minfo[39m: 	retornar pool cuando se llame de funcion
18/10/2022, 9:48:20 [32minfo[39m: 	retornar pool cuando se llame de funcion
18/10/2022, 9:51:14 [32minfo[39m: 	retornar pool cuando se llame de funcion
18/10/2022, 9:51:14 [32minfo[39m: 	retornar pool cuando se llame de funcion
18/10/2022, 9:51:16 [32minfo[39m: 	retornar pool cuando se llame de funcion
18/10/2022, 9:51:16 [32minfo[39m: 	retornar pool cuando se llame de funcion
18/10/2022, 9:51:22 [32minfo[39m: 	retornar pool cuando se llame de funcion
18/10/2022, 9:51:22 [32minfo[39m: 	retornar pool cuando se llame de funcion
18/10/2022, 9:51:25 [32minfo[39m: 	retornar pool cuando se llame de funcion
18/10/2022, 9:51:25 [32minfo[39m: 	retornar pool cuando se llame de funcion
18/10/2022, 10:04:28 [32minfo[39m: 	retornar pool cuando se llame de funcion
18/10/2022, 10:04:28 [32minfo[39m: 	retornar pool cuando se llame de funcion
18/10/2022, 10:04:28 [32minfo[39m: 	retornar pool cuando se llame de funcion
18/10/2022, 10:05:57 [32minfo[39m: 	retornar pool cuando se llame de funcion
18/10/2022, 10:05:57 [32minfo[39m: 	retornar pool cuando se llame de funcion
18/10/2022, 10:06:00 [32minfo[39m: 	retornar pool cuando se llame de funcion
18/10/2022, 10:06:00 [32minfo[39m: 	retornar pool cuando se llame de funcion
18/10/2022, 10:06:06 [32minfo[39m: 	retornar pool cuando se llame de funcion
18/10/2022, 10:06:06 [32minfo[39m: 	retornar pool cuando se llame de funcion
18/10/2022, 10:06:06 [32minfo[39m: 	retornar pool cuando se llame de funcion
18/10/2022, 10:06:25 [32minfo[39m: 	retornar pool cuando se llame de funcion
18/10/2022, 10:06:25 [32minfo[39m: 	retornar pool cuando se llame de funcion
18/10/2022, 10:06:48 [32minfo[39m: 	retornar pool cuando se llame de funcion
18/10/2022, 10:06:48 [32minfo[39m: 	retornar pool cuando se llame de funcion
18/10/2022, 10:06:48 [32minfo[39m: 	retornar pool cuando se llame de funcion
18/10/2022, 10:43:36 [32minfo[39m: 	retornar pool cuando se llame de funcion
18/10/2022, 10:43:36 [32minfo[39m: 	retornar pool cuando se llame de funcion
18/10/2022, 10:47:29 [32minfo[39m: 	retornar pool cuando se llame de funcion
18/10/2022, 10:47:29 [32minfo[39m: 	retornar pool cuando se llame de funcion
18/10/2022, 10:47:36 [32minfo[39m: 	retornar pool cuando se llame de funcion
18/10/2022, 10:47:36 [32minfo[39m: 	retornar pool cuando se llame de funcion
18/10/2022, 10:48:41 [32minfo[39m: 	retornar pool cuando se llame de funcion
18/10/2022, 10:48:41 [32minfo[39m: 	retornar pool cuando se llame de funcion
18/10/2022, 10:49:00 [32minfo[39m: 	retornar pool cuando se llame de funcion
18/10/2022, 10:49:00 [32minfo[39m: 	retornar pool cuando se llame de funcion
18/10/2022, 10:49:02 [32minfo[39m: 	retornar pool cuando se llame de funcion
18/10/2022, 10:49:02 [32minfo[39m: 	retornar pool cuando se llame de funcion
18/10/2022, 10:53:20 [32minfo[39m: 	retornar pool cuando se llame de funcion
18/10/2022, 10:53:20 [32minfo[39m: 	retornar pool cuando se llame de funcion
18/10/2022, 10:53:21 [32minfo[39m: 	retornar pool cuando se llame de funcion
18/10/2022, 10:53:21 [32minfo[39m: 	retornar pool cuando se llame de funcion
18/10/2022, 10:53:34 [32minfo[39m: 	retornar pool cuando se llame de funcion
18/10/2022, 10:53:34 [32minfo[39m: 	retornar pool cuando se llame de funcion
18/10/2022, 10:53:39 [32minfo[39m: 	retornar pool cuando se llame de funcion
18/10/2022, 10:53:39 [32minfo[39m: 	retornar pool cuando se llame de funcion
18/10/2022, 10:53:50 [32minfo[39m: 	retornar pool cuando se llame de funcion
18/10/2022, 10:53:50 [32minfo[39m: 	retornar pool cuando se llame de funcion
18/10/2022, 10:53:50 [32minfo[39m: 	retornar pool cuando se llame de funcion
18/10/2022, 10:53:54 [32minfo[39m: 	retornar pool cuando se llame de funcion
18/10/2022, 10:53:54 [32minfo[39m: 	retornar pool cuando se llame de funcion
18/10/2022, 10:54:01 [32minfo[39m: 	retornar pool cuando se llame de funcion
18/10/2022, 10:54:01 [32minfo[39m: 	retornar pool cuando se llame de funcion
18/10/2022, 10:55:42 [32minfo[39m: 	retornar pool cuando se llame de funcion
18/10/2022, 10:55:42 [32minfo[39m: 	retornar pool cuando se llame de funcion
18/10/2022, 10:55:43 [32minfo[39m: 	retornar pool cuando se llame de funcion
18/10/2022, 10:55:43 [32minfo[39m: 	retornar pool cuando se llame de funcion
18/10/2022, 10:57:34 [32minfo[39m: 	retornar pool cuando se llame de funcion
18/10/2022, 10:57:34 [32minfo[39m: 	retornar pool cuando se llame de funcion
18/10/2022, 10:57:39 [32minfo[39m: 	retornar pool cuando se llame de funcion
18/10/2022, 10:57:39 [32minfo[39m: 	retornar pool cuando se llame de funcion
18/10/2022, 10:57:46 [32minfo[39m: 	retornar pool cuando se llame de funcion
18/10/2022, 10:57:46 [32minfo[39m: 	retornar pool cuando se llame de funcion
18/10/2022, 11:00:38 [32minfo[39m: 	retornar pool cuando se llame de funcion
18/10/2022, 11:00:38 [32minfo[39m: 	retornar pool cuando se llame de funcion
18/10/2022, 11:00:47 [32minfo[39m: 	retornar pool cuando se llame de funcion
18/10/2022, 11:00:47 [32minfo[39m: 	retornar pool cuando se llame de funcion
18/10/2022, 11:01:03 [32minfo[39m: 	retornar pool cuando se llame de funcion
18/10/2022, 11:01:03 [32minfo[39m: 	retornar pool cuando se llame de funcion
18/10/2022, 11:02:19 [32minfo[39m: 	retornar pool cuando se llame de funcion
18/10/2022, 11:02:19 [32minfo[39m: 	retornar pool cuando se llame de funcion
18/10/2022, 11:02:29 [32minfo[39m: 	retornar pool cuando se llame de funcion
18/10/2022, 11:02:29 [32minfo[39m: 	retornar pool cuando se llame de funcion
18/10/2022, 11:02:43 [31merror[39m: 	Error en el login AD incorrecto
18/10/2022, 11:02:50 [32minfo[39m: 	retornar pool cuando se llame de funcion
18/10/2022, 11:02:50 [32minfo[39m: 	retornar pool cuando se llame de funcion
18/10/2022, 11:04:28 [32minfo[39m: 	retornar pool cuando se llame de funcion
18/10/2022, 11:04:28 [32minfo[39m: 	retornar pool cuando se llame de funcion
18/10/2022, 11:04:37 [32minfo[39m: 	retornar pool cuando se llame de funcion
18/10/2022, 11:04:37 [32minfo[39m: 	retornar pool cuando se llame de funcion
18/10/2022, 11:08:34 [32minfo[39m: 	retornar pool cuando se llame de funcion
18/10/2022, 11:08:34 [32minfo[39m: 	retornar pool cuando se llame de funcion
18/10/2022, 11:08:41 [32minfo[39m: 	retornar pool cuando se llame de funcion
18/10/2022, 11:08:41 [32minfo[39m: 	retornar pool cuando se llame de funcion
18/10/2022, 11:09:07 [32minfo[39m: 	retornar pool cuando se llame de funcion
18/10/2022, 11:09:07 [32minfo[39m: 	retornar pool cuando se llame de funcion
18/10/2022, 11:09:15 [32minfo[39m: 	retornar pool cuando se llame de funcion
18/10/2022, 11:09:15 [32minfo[39m: 	retornar pool cuando se llame de funcion
18/10/2022, 11:09:15 [32minfo[39m: 	retornar pool cuando se llame de funcion
18/10/2022, 11:09:48 [32minfo[39m: 	retornar pool cuando se llame de funcion
18/10/2022, 11:09:48 [32minfo[39m: 	retornar pool cuando se llame de funcion
18/10/2022, 11:11:33 [32minfo[39m: 	retornar pool cuando se llame de funcion
18/10/2022, 11:11:33 [32minfo[39m: 	retornar pool cuando se llame de funcion
18/10/2022, 11:11:33 [32minfo[39m: 	retornar pool cuando se llame de funcion
18/10/2022, 11:11:44 [32minfo[39m: 	retornar pool cuando se llame de funcion
18/10/2022, 11:11:44 [32minfo[39m: 	retornar pool cuando se llame de funcion
18/10/2022, 11:14:00 [32minfo[39m: 	retornar pool cuando se llame de funcion
18/10/2022, 11:14:00 [32minfo[39m: 	retornar pool cuando se llame de funcion
18/10/2022, 11:14:00 [32minfo[39m: 	retornar pool cuando se llame de funcion
18/10/2022, 11:17:14 [32minfo[39m: 	retornar pool cuando se llame de funcion
18/10/2022, 11:17:14 [32minfo[39m: 	retornar pool cuando se llame de funcion
18/10/2022, 11:17:36 [32minfo[39m: 	retornar pool cuando se llame de funcion
18/10/2022, 11:17:36 [32minfo[39m: 	retornar pool cuando se llame de funcion
18/10/2022, 11:18:11 [32minfo[39m: 	retornar pool cuando se llame de funcion
18/10/2022, 11:18:11 [32minfo[39m: 	retornar pool cuando se llame de funcion
18/10/2022, 11:20:32 [32minfo[39m: 	retornar pool cuando se llame de funcion
18/10/2022, 11:20:32 [32minfo[39m: 	retornar pool cuando se llame de funcion
18/10/2022, 11:20:38 [32minfo[39m: 	retornar pool cuando se llame de funcion
18/10/2022, 11:20:38 [32minfo[39m: 	retornar pool cuando se llame de funcion
18/10/2022, 11:23:47 [32minfo[39m: 	retornar pool cuando se llame de funcion
18/10/2022, 11:23:47 [32minfo[39m: 	retornar pool cuando se llame de funcion
18/10/2022, 11:23:57 [32minfo[39m: 	retornar pool cuando se llame de funcion
18/10/2022, 11:23:57 [32minfo[39m: 	retornar pool cuando se llame de funcion
18/10/2022, 11:23:57 [32minfo[39m: 	retornar pool cuando se llame de funcion
18/10/2022, 11:24:26 [32minfo[39m: 	retornar pool cuando se llame de funcion
18/10/2022, 11:24:26 [32minfo[39m: 	retornar pool cuando se llame de funcion
18/10/2022, 11:28:59 [32minfo[39m: 	retornar pool cuando se llame de funcion
18/10/2022, 11:28:59 [32minfo[39m: 	retornar pool cuando se llame de funcion
18/10/2022, 11:29:26 [32minfo[39m: 	retornar pool cuando se llame de funcion
18/10/2022, 11:29:26 [32minfo[39m: 	retornar pool cuando se llame de funcion
18/10/2022, 11:29:34 [32minfo[39m: 	retornar pool cuando se llame de funcion
18/10/2022, 11:29:34 [32minfo[39m: 	retornar pool cuando se llame de funcion
18/10/2022, 11:29:49 [32minfo[39m: 	retornar pool cuando se llame de funcion
18/10/2022, 11:29:49 [32minfo[39m: 	retornar pool cuando se llame de funcion
18/10/2022, 11:29:54 [32minfo[39m: 	retornar pool cuando se llame de funcion
18/10/2022, 11:29:54 [32minfo[39m: 	retornar pool cuando se llame de funcion
18/10/2022, 11:29:59 [32minfo[39m: 	retornar pool cuando se llame de funcion
18/10/2022, 11:29:59 [32minfo[39m: 	retornar pool cuando se llame de funcion
18/10/2022, 11:30:04 [32minfo[39m: 	retornar pool cuando se llame de funcion
18/10/2022, 11:30:04 [32minfo[39m: 	retornar pool cuando se llame de funcion
18/10/2022, 11:30:06 [32minfo[39m: 	retornar pool cuando se llame de funcion
18/10/2022, 11:30:06 [32minfo[39m: 	retornar pool cuando se llame de funcion
18/10/2022, 11:30:09 [32minfo[39m: 	retornar pool cuando se llame de funcion
18/10/2022, 11:30:09 [32minfo[39m: 	retornar pool cuando se llame de funcion
18/10/2022, 11:31:07 [32minfo[39m: 	retornar pool cuando se llame de funcion
18/10/2022, 11:31:07 [32minfo[39m: 	retornar pool cuando se llame de funcion
18/10/2022, 11:31:25 [32minfo[39m: 	retornar pool cuando se llame de funcion
18/10/2022, 11:31:25 [32minfo[39m: 	retornar pool cuando se llame de funcion
18/10/2022, 11:32:39 [31merror[39m: 	Error en el login AD incorrecto
18/10/2022, 11:32:41 [31merror[39m: 	Error en el login AD incorrecto
18/10/2022, 11:32:48 [32minfo[39m: 	retornar pool cuando se llame de funcion
18/10/2022, 11:32:48 [32minfo[39m: 	retornar pool cuando se llame de funcion
18/10/2022, 11:32:48 [32minfo[39m: 	retornar pool cuando se llame de funcion
18/10/2022, 11:37:32 [32minfo[39m: 	retornar pool cuando se llame de funcion
18/10/2022, 11:37:32 [32minfo[39m: 	retornar pool cuando se llame de funcion
18/10/2022, 11:37:32 [32minfo[39m: 	retornar pool cuando se llame de funcion
18/10/2022, 11:38:03 [32minfo[39m: 	retornar pool cuando se llame de funcion
18/10/2022, 11:38:03 [32minfo[39m: 	retornar pool cuando se llame de funcion
18/10/2022, 11:38:46 [32minfo[39m: 	retornar pool cuando se llame de funcion
18/10/2022, 11:38:46 [32minfo[39m: 	retornar pool cuando se llame de funcion
18/10/2022, 11:39:14 [32minfo[39m: 	retornar pool cuando se llame de funcion
18/10/2022, 11:39:14 [32minfo[39m: 	retornar pool cuando se llame de funcion
18/10/2022, 11:39:14 [32minfo[39m: 	retornar pool cuando se llame de funcion
18/10/2022, 11:39:16 [32minfo[39m: 	retornar pool cuando se llame de funcion
18/10/2022, 11:39:16 [32minfo[39m: 	retornar pool cuando se llame de funcion
18/10/2022, 11:41:50 [32minfo[39m: 	retornar pool cuando se llame de funcion
18/10/2022, 11:41:50 [32minfo[39m: 	retornar pool cuando se llame de funcion
18/10/2022, 11:41:50 [32minfo[39m: 	retornar pool cuando se llame de funcion
18/10/2022, 11:41:53 [32minfo[39m: 	retornar pool cuando se llame de funcion
18/10/2022, 11:41:53 [32minfo[39m: 	retornar pool cuando se llame de funcion
18/10/2022, 11:55:03 [32minfo[39m: 	retornar pool cuando se llame de funcion
18/10/2022, 11:55:10 [32minfo[39m: 	retornar pool cuando se llame de funcion
18/10/2022, 11:55:10 [32minfo[39m: 	retornar pool cuando se llame de funcion
18/10/2022, 11:55:10 [32minfo[39m: 	retornar pool cuando se llame de funcion
18/10/2022, 11:55:10 [32minfo[39m: 	retornar pool cuando se llame de funcion
18/10/2022, 11:55:38 [32minfo[39m: 	retornar pool cuando se llame de funcion
18/10/2022, 11:55:38 [32minfo[39m: 	retornar pool cuando se llame de funcion
18/10/2022, 11:55:44 [32minfo[39m: 	retornar pool cuando se llame de funcion
18/10/2022, 11:55:44 [32minfo[39m: 	retornar pool cuando se llame de funcion
18/10/2022, 11:55:44 [32minfo[39m: 	retornar pool cuando se llame de funcion
18/10/2022, 13:48:03 [32minfo[39m: 	retornar pool cuando se llame de funcion
18/10/2022, 13:48:03 [32minfo[39m: 	retornar pool cuando se llame de funcion
18/10/2022, 13:48:03 [32minfo[39m: 	retornar pool cuando se llame de funcion
18/10/2022, 13:48:14 [32minfo[39m: 	retornar pool cuando se llame de funcion
18/10/2022, 13:48:14 [32minfo[39m: 	retornar pool cuando se llame de funcion
18/10/2022, 13:48:14 [32minfo[39m: 	retornar pool cuando se llame de funcion
18/10/2022, 13:48:27 [32minfo[39m: 	retornar pool cuando se llame de funcion
18/10/2022, 13:48:27 [32minfo[39m: 	retornar pool cuando se llame de funcion
18/10/2022, 13:48:27 [32minfo[39m: 	retornar pool cuando se llame de funcion
18/10/2022, 13:48:27 [32minfo[39m: 	retornar pool cuando se llame de funcion
18/10/2022, 13:57:31 [31merror[39m: 	Error en el login AD incorrecto
18/10/2022, 13:57:36 [31merror[39m: 	Error en el login AD incorrecto
18/10/2022, 13:57:37 [32minfo[39m: 	retornar pool cuando se llame de funcion
18/10/2022, 14:08:53 [31merror[39m: 	Unhandle Rejection!!!
18/10/2022, 14:08:53 [31merror[39m: 	Cannot set headers after they are sent to the client
18/10/2022, 14:18:50 [32minfo[39m: 	retornar pool cuando se llame de funcion
18/10/2022, 14:19:47 [32minfo[39m: 	retornar pool cuando se llame de funcion
18/10/2022, 14:21:10 [32minfo[39m: 	retornar pool cuando se llame de funcion
18/10/2022, 14:21:48 [32minfo[39m: 	retornar pool cuando se llame de funcion
18/10/2022, 14:22:02 [32minfo[39m: 	retornar pool cuando se llame de funcion
18/10/2022, 14:22:03 [31merror[39m: 	Unhandle Rejection!!!
18/10/2022, 14:22:03 [31merror[39m: 	Cannot set headers after they are sent to the client
18/10/2022, 14:22:20 [32minfo[39m: 	retornar pool cuando se llame de funcion
18/10/2022, 14:22:23 [31merror[39m: 	Unhandle Rejection!!!
18/10/2022, 14:22:23 [31merror[39m: 	Cannot set headers after they are sent to the client
18/10/2022, 14:23:33 [32minfo[39m: 	retornar pool cuando se llame de funcion
18/10/2022, 14:24:18 [32minfo[39m: 	retornar pool cuando se llame de funcion
18/10/2022, 14:24:40 [32minfo[39m: 	retornar pool cuando se llame de funcion
18/10/2022, 14:24:42 [31merror[39m: 	Unhandle Rejection!!!
18/10/2022, 14:24:42 [31merror[39m: 	Cannot set headers after they are sent to the client
18/10/2022, 14:26:04 [32minfo[39m: 	retornar pool cuando se llame de funcion
18/10/2022, 14:26:05 [31merror[39m: 	Unhandle Rejection!!!
18/10/2022, 14:26:05 [31merror[39m: 	seEncuentraDentrodetokens is not defined
18/10/2022, 14:26:25 [32minfo[39m: 	retornar pool cuando se llame de funcion
18/10/2022, 14:27:32 [32minfo[39m: 	retornar pool cuando se llame de funcion
18/10/2022, 14:27:34 [31merror[39m: 	Unhandle Rejection!!!
18/10/2022, 14:27:34 [31merror[39m: 	Cannot set headers after they are sent to the client
18/10/2022, 14:28:13 [32minfo[39m: 	retornar pool cuando se llame de funcion
18/10/2022, 14:28:15 [31merror[39m: 	Unhandle Rejection!!!
18/10/2022, 14:28:15 [31merror[39m: 	Cannot set headers after they are sent to the client
18/10/2022, 14:28:18 [31merror[39m: 	Unhandle Rejection!!!
18/10/2022, 14:28:18 [31merror[39m: 	Cannot set headers after they are sent to the client
18/10/2022, 14:30:06 [32minfo[39m: 	retornar pool cuando se llame de funcion
18/10/2022, 14:30:08 [31merror[39m: 	Unhandle Rejection!!!
18/10/2022, 14:30:08 [31merror[39m: 	Cannot set headers after they are sent to the client
18/10/2022, 14:30:11 [31merror[39m: 	Unhandle Rejection!!!
18/10/2022, 14:30:11 [31merror[39m: 	Cannot set headers after they are sent to the client
18/10/2022, 14:30:20 [32minfo[39m: 	retornar pool cuando se llame de funcion
18/10/2022, 14:30:21 [31merror[39m: 	Unhandle Rejection!!!
18/10/2022, 14:30:21 [31merror[39m: 	Cannot set headers after they are sent to the client
18/10/2022, 14:31:48 [32minfo[39m: 	retornar pool cuando se llame de funcion
18/10/2022, 14:31:49 [31merror[39m: 	Unhandle Rejection!!!
18/10/2022, 14:31:49 [31merror[39m: 	Cannot set headers after they are sent to the client
18/10/2022, 14:32:04 [32minfo[39m: 	retornar pool cuando se llame de funcion
18/10/2022, 14:32:05 [31merror[39m: 	Unhandle Rejection!!!
18/10/2022, 14:32:05 [31merror[39m: 	Cannot set headers after they are sent to the client
18/10/2022, 14:32:56 [32minfo[39m: 	retornar pool cuando se llame de funcion
18/10/2022, 14:32:57 [31merror[39m: 	Unhandle Rejection!!!
18/10/2022, 14:32:57 [31merror[39m: 	Cannot set headers after they are sent to the client
18/10/2022, 14:33:09 [32minfo[39m: 	retornar pool cuando se llame de funcion
18/10/2022, 14:33:10 [31merror[39m: 	Unhandle Rejection!!!
18/10/2022, 14:33:10 [31merror[39m: 	Cannot set headers after they are sent to the client
18/10/2022, 14:33:27 [32minfo[39m: 	retornar pool cuando se llame de funcion
18/10/2022, 14:33:52 [32minfo[39m: 	retornar pool cuando se llame de funcion
18/10/2022, 14:35:24 [32minfo[39m: 	retornar pool cuando se llame de funcion
18/10/2022, 14:35:38 [32minfo[39m: 	retornar pool cuando se llame de funcion
18/10/2022, 14:35:55 [32minfo[39m: 	retornar pool cuando se llame de funcion
18/10/2022, 14:37:50 [32minfo[39m: 	retornar pool cuando se llame de funcion
18/10/2022, 14:38:30 [32minfo[39m: 	retornar pool cuando se llame de funcion
18/10/2022, 14:39:19 [32minfo[39m: 	retornar pool cuando se llame de funcion
18/10/2022, 14:40:36 [32minfo[39m: 	retornar pool cuando se llame de funcion
18/10/2022, 14:40:39 [31merror[39m: 	Unhandle Rejection!!!
18/10/2022, 14:40:39 [31merror[39m: 	Error al verificar refresh Token
18/10/2022, 14:40:57 [32minfo[39m: 	retornar pool cuando se llame de funcion
18/10/2022, 14:40:58 [31merror[39m: 	Unhandle Rejection!!!
18/10/2022, 14:40:58 [31merror[39m: 	Class constructor AppError cannot be invoked without 'new'
18/10/2022, 14:41:05 [32minfo[39m: 	retornar pool cuando se llame de funcion
18/10/2022, 14:42:44 [32minfo[39m: 	retornar pool cuando se llame de funcion
18/10/2022, 14:42:46 [31merror[39m: 	Unhandle Rejection!!!
18/10/2022, 14:42:46 [31merror[39m: 	Cannot set headers after they are sent to the client
18/10/2022, 14:48:01 [32minfo[39m: 	retornar pool cuando se llame de funcion
18/10/2022, 14:48:54 [32minfo[39m: 	retornar pool cuando se llame de funcion
18/10/2022, 14:57:34 [32minfo[39m: 	retornar pool cuando se llame de funcion
18/10/2022, 14:57:34 [32minfo[39m: 	retornar pool cuando se llame de funcion
18/10/2022, 14:57:34 [32minfo[39m: 	retornar pool cuando se llame de funcion
18/10/2022, 14:57:34 [32minfo[39m: 	retornar pool cuando se llame de funcion
18/10/2022, 14:57:37 [32minfo[39m: 	retornar pool cuando se llame de funcion
18/10/2022, 14:57:37 [32minfo[39m: 	retornar pool cuando se llame de funcion
18/10/2022, 14:57:37 [32minfo[39m: 	retornar pool cuando se llame de funcion
18/10/2022, 14:57:50 [32minfo[39m: 	retornar pool cuando se llame de funcion
18/10/2022, 14:57:50 [32minfo[39m: 	retornar pool cuando se llame de funcion
18/10/2022, 14:57:50 [32minfo[39m: 	retornar pool cuando se llame de funcion
18/10/2022, 14:57:50 [32minfo[39m: 	retornar pool cuando se llame de funcion
18/10/2022, 14:59:37 [32minfo[39m: 	retornar pool cuando se llame de funcion
18/10/2022, 14:59:37 [32minfo[39m: 	retornar pool cuando se llame de funcion
18/10/2022, 14:59:37 [32minfo[39m: 	retornar pool cuando se llame de funcion
18/10/2022, 14:59:41 [32minfo[39m: 	retornar pool cuando se llame de funcion
18/10/2022, 14:59:41 [32minfo[39m: 	retornar pool cuando se llame de funcion
18/10/2022, 14:59:41 [32minfo[39m: 	retornar pool cuando se llame de funcion
18/10/2022, 14:59:47 [32minfo[39m: 	retornar pool cuando se llame de funcion
18/10/2022, 14:59:47 [32minfo[39m: 	retornar pool cuando se llame de funcion
18/10/2022, 14:59:47 [32minfo[39m: 	retornar pool cuando se llame de funcion
18/10/2022, 14:59:53 [32minfo[39m: 	retornar pool cuando se llame de funcion
18/10/2022, 14:59:53 [32minfo[39m: 	retornar pool cuando se llame de funcion
18/10/2022, 14:59:53 [32minfo[39m: 	retornar pool cuando se llame de funcion
18/10/2022, 14:59:59 [32minfo[39m: 	retornar pool cuando se llame de funcion
18/10/2022, 14:59:59 [32minfo[39m: 	retornar pool cuando se llame de funcion
18/10/2022, 14:59:59 [32minfo[39m: 	retornar pool cuando se llame de funcion
18/10/2022, 14:59:59 [32minfo[39m: 	retornar pool cuando se llame de funcion
18/10/2022, 15:00:31 [32minfo[39m: 	retornar pool cuando se llame de funcion
18/10/2022, 15:00:32 [32minfo[39m: 	retornar pool cuando se llame de funcion
18/10/2022, 15:00:32 [32minfo[39m: 	retornar pool cuando se llame de funcion
18/10/2022, 15:00:32 [32minfo[39m: 	retornar pool cuando se llame de funcion
18/10/2022, 15:00:32 [32minfo[39m: 	retornar pool cuando se llame de funcion
18/10/2022, 15:00:41 [32minfo[39m: 	retornar pool cuando se llame de funcion
18/10/2022, 15:00:42 [32minfo[39m: 	retornar pool cuando se llame de funcion
18/10/2022, 15:00:42 [32minfo[39m: 	retornar pool cuando se llame de funcion
18/10/2022, 15:00:42 [32minfo[39m: 	retornar pool cuando se llame de funcion
18/10/2022, 15:00:42 [32minfo[39m: 	retornar pool cuando se llame de funcion
18/10/2022, 15:02:41 [32minfo[39m: 	retornar pool cuando se llame de funcion
18/10/2022, 15:02:48 [32minfo[39m: 	retornar pool cuando se llame de funcion
18/10/2022, 15:03:14 [31merror[39m: 	jwt expired
18/10/2022, 15:03:20 [31merror[39m: 	jwt expired
18/10/2022, 15:03:24 [32minfo[39m: 	retornar pool cuando se llame de funcion
18/10/2022, 15:03:31 [32minfo[39m: 	retornar pool cuando se llame de funcion
18/10/2022, 15:03:31 [32minfo[39m: 	retornar pool cuando se llame de funcion
18/10/2022, 15:03:35 [31merror[39m: 	jwt expired
18/10/2022, 15:03:53 [32minfo[39m: 	retornar pool cuando se llame de funcion
18/10/2022, 15:03:53 [32minfo[39m: 	retornar pool cuando se llame de funcion
18/10/2022, 15:03:53 [32minfo[39m: 	retornar pool cuando se llame de funcion
18/10/2022, 15:03:53 [32minfo[39m: 	retornar pool cuando se llame de funcion
18/10/2022, 15:03:53 [32minfo[39m: 	retornar pool cuando se llame de funcion
18/10/2022, 15:03:57 [32minfo[39m: 	retornar pool cuando se llame de funcion
18/10/2022, 15:03:57 [32minfo[39m: 	retornar pool cuando se llame de funcion
18/10/2022, 15:03:57 [32minfo[39m: 	retornar pool cuando se llame de funcion
18/10/2022, 15:03:57 [32minfo[39m: 	retornar pool cuando se llame de funcion
18/10/2022, 15:04:00 [32minfo[39m: 	retornar pool cuando se llame de funcion
18/10/2022, 15:04:00 [32minfo[39m: 	retornar pool cuando se llame de funcion
18/10/2022, 15:04:00 [32minfo[39m: 	retornar pool cuando se llame de funcion
18/10/2022, 15:04:00 [32minfo[39m: 	retornar pool cuando se llame de funcion
18/10/2022, 15:04:03 [31merror[39m: 	jwt expired
18/10/2022, 15:04:03 [31merror[39m: 	jwt expired
18/10/2022, 15:04:03 [31merror[39m: 	jwt malformed
18/10/2022, 15:04:03 [31merror[39m: 	jwt malformed
18/10/2022, 15:10:05 [32minfo[39m: 	retornar pool cuando se llame de funcion
18/10/2022, 15:10:05 [32minfo[39m: 	retornar pool cuando se llame de funcion
18/10/2022, 15:10:05 [32minfo[39m: 	retornar pool cuando se llame de funcion
18/10/2022, 15:10:05 [32minfo[39m: 	retornar pool cuando se llame de funcion
18/10/2022, 15:10:05 [32minfo[39m: 	retornar pool cuando se llame de funcion
18/10/2022, 15:10:07 [32minfo[39m: 	retornar pool cuando se llame de funcion
18/10/2022, 15:10:07 [32minfo[39m: 	retornar pool cuando se llame de funcion
18/10/2022, 15:10:07 [32minfo[39m: 	retornar pool cuando se llame de funcion
18/10/2022, 15:10:07 [32minfo[39m: 	retornar pool cuando se llame de funcion
18/10/2022, 15:10:19 [31merror[39m: 	jwt expired
18/10/2022, 15:10:19 [31merror[39m: 	jwt expired
18/10/2022, 15:10:19 [31merror[39m: 	jwt malformed
18/10/2022, 15:10:19 [31merror[39m: 	jwt malformed
18/10/2022, 15:12:47 [32minfo[39m: 	retornar pool cuando se llame de funcion
18/10/2022, 15:12:47 [32minfo[39m: 	retornar pool cuando se llame de funcion
18/10/2022, 15:12:47 [32minfo[39m: 	retornar pool cuando se llame de funcion
18/10/2022, 15:12:47 [32minfo[39m: 	retornar pool cuando se llame de funcion
18/10/2022, 15:12:47 [32minfo[39m: 	retornar pool cuando se llame de funcion
18/10/2022, 15:13:00 [31merror[39m: 	jwt expired
18/10/2022, 15:13:00 [31merror[39m: 	jwt expired
18/10/2022, 15:13:00 [31merror[39m: 	jwt malformed
18/10/2022, 15:13:00 [31merror[39m: 	jwt malformed
18/10/2022, 15:17:21 [32minfo[39m: 	retornar pool cuando se llame de funcion
18/10/2022, 15:17:21 [32minfo[39m: 	retornar pool cuando se llame de funcion
18/10/2022, 15:17:21 [32minfo[39m: 	retornar pool cuando se llame de funcion
18/10/2022, 15:17:21 [32minfo[39m: 	retornar pool cuando se llame de funcion
18/10/2022, 15:17:21 [32minfo[39m: 	retornar pool cuando se llame de funcion
18/10/2022, 15:17:23 [32minfo[39m: 	retornar pool cuando se llame de funcion
18/10/2022, 15:17:23 [32minfo[39m: 	retornar pool cuando se llame de funcion
18/10/2022, 15:17:23 [32minfo[39m: 	retornar pool cuando se llame de funcion
18/10/2022, 15:17:23 [32minfo[39m: 	retornar pool cuando se llame de funcion
18/10/2022, 15:17:24 [32minfo[39m: 	retornar pool cuando se llame de funcion
18/10/2022, 15:17:24 [32minfo[39m: 	retornar pool cuando se llame de funcion
18/10/2022, 15:17:24 [32minfo[39m: 	retornar pool cuando se llame de funcion
18/10/2022, 15:17:24 [32minfo[39m: 	retornar pool cuando se llame de funcion
18/10/2022, 15:17:24 [32minfo[39m: 	retornar pool cuando se llame de funcion
18/10/2022, 15:17:24 [32minfo[39m: 	retornar pool cuando se llame de funcion
18/10/2022, 15:17:24 [32minfo[39m: 	retornar pool cuando se llame de funcion
18/10/2022, 15:17:24 [32minfo[39m: 	retornar pool cuando se llame de funcion
18/10/2022, 15:17:31 [31merror[39m: 	jwt expired
18/10/2022, 15:17:31 [31merror[39m: 	jwt expired
18/10/2022, 15:17:31 [32minfo[39m: 	retornar pool cuando se llame de funcion
18/10/2022, 15:17:31 [32minfo[39m: 	retornar pool cuando se llame de funcion
18/10/2022, 15:17:31 [32minfo[39m: 	retornar pool cuando se llame de funcion
18/10/2022, 15:17:31 [32minfo[39m: 	retornar pool cuando se llame de funcion
18/10/2022, 15:17:31 [32minfo[39m: 	retornar pool cuando se llame de funcion
18/10/2022, 15:17:31 [32minfo[39m: 	retornar pool cuando se llame de funcion
18/10/2022, 15:17:31 [32minfo[39m: 	retornar pool cuando se llame de funcion
18/10/2022, 15:17:31 [32minfo[39m: 	retornar pool cuando se llame de funcion
18/10/2022, 15:17:32 [32minfo[39m: 	retornar pool cuando se llame de funcion
18/10/2022, 15:17:32 [32minfo[39m: 	retornar pool cuando se llame de funcion
18/10/2022, 15:17:32 [32minfo[39m: 	retornar pool cuando se llame de funcion
18/10/2022, 15:17:32 [32minfo[39m: 	retornar pool cuando se llame de funcion
18/10/2022, 15:17:34 [32minfo[39m: 	retornar pool cuando se llame de funcion
18/10/2022, 15:17:34 [32minfo[39m: 	retornar pool cuando se llame de funcion
18/10/2022, 15:17:34 [32minfo[39m: 	retornar pool cuando se llame de funcion
18/10/2022, 15:17:34 [32minfo[39m: 	retornar pool cuando se llame de funcion
18/10/2022, 15:17:37 [32minfo[39m: 	retornar pool cuando se llame de funcion
18/10/2022, 15:17:37 [32minfo[39m: 	retornar pool cuando se llame de funcion
18/10/2022, 15:17:37 [32minfo[39m: 	retornar pool cuando se llame de funcion
18/10/2022, 15:17:37 [32minfo[39m: 	retornar pool cuando se llame de funcion
18/10/2022, 15:17:40 [32minfo[39m: 	retornar pool cuando se llame de funcion
18/10/2022, 15:17:40 [32minfo[39m: 	retornar pool cuando se llame de funcion
18/10/2022, 15:17:40 [32minfo[39m: 	retornar pool cuando se llame de funcion
18/10/2022, 15:17:40 [32minfo[39m: 	retornar pool cuando se llame de funcion
18/10/2022, 15:17:44 [31merror[39m: 	jwt expired
18/10/2022, 15:17:44 [31merror[39m: 	jwt expired
18/10/2022, 15:17:44 [32minfo[39m: 	retornar pool cuando se llame de funcion
18/10/2022, 15:17:44 [32minfo[39m: 	retornar pool cuando se llame de funcion
18/10/2022, 15:17:44 [32minfo[39m: 	retornar pool cuando se llame de funcion
18/10/2022, 15:17:44 [32minfo[39m: 	retornar pool cuando se llame de funcion
18/10/2022, 15:17:48 [32minfo[39m: 	retornar pool cuando se llame de funcion
18/10/2022, 15:17:48 [32minfo[39m: 	retornar pool cuando se llame de funcion
18/10/2022, 15:17:48 [32minfo[39m: 	retornar pool cuando se llame de funcion
18/10/2022, 15:17:48 [32minfo[39m: 	retornar pool cuando se llame de funcion
18/10/2022, 15:17:51 [32minfo[39m: 	retornar pool cuando se llame de funcion
18/10/2022, 15:17:51 [32minfo[39m: 	retornar pool cuando se llame de funcion
18/10/2022, 15:17:51 [32minfo[39m: 	retornar pool cuando se llame de funcion
18/10/2022, 15:17:51 [32minfo[39m: 	retornar pool cuando se llame de funcion
18/10/2022, 15:17:53 [32minfo[39m: 	retornar pool cuando se llame de funcion
18/10/2022, 15:17:53 [32minfo[39m: 	retornar pool cuando se llame de funcion
18/10/2022, 15:17:53 [32minfo[39m: 	retornar pool cuando se llame de funcion
18/10/2022, 15:17:53 [32minfo[39m: 	retornar pool cuando se llame de funcion
18/10/2022, 15:17:55 [31merror[39m: 	jwt expired
18/10/2022, 15:17:55 [31merror[39m: 	jwt expired
18/10/2022, 15:17:55 [32minfo[39m: 	retornar pool cuando se llame de funcion
18/10/2022, 15:17:55 [32minfo[39m: 	retornar pool cuando se llame de funcion
18/10/2022, 15:17:55 [32minfo[39m: 	retornar pool cuando se llame de funcion
18/10/2022, 15:17:55 [32minfo[39m: 	retornar pool cuando se llame de funcion
18/10/2022, 15:17:58 [32minfo[39m: 	retornar pool cuando se llame de funcion
18/10/2022, 15:17:58 [32minfo[39m: 	retornar pool cuando se llame de funcion
18/10/2022, 15:17:58 [32minfo[39m: 	retornar pool cuando se llame de funcion
18/10/2022, 15:17:58 [32minfo[39m: 	retornar pool cuando se llame de funcion
18/10/2022, 15:18:01 [32minfo[39m: 	retornar pool cuando se llame de funcion
18/10/2022, 15:18:01 [32minfo[39m: 	retornar pool cuando se llame de funcion
18/10/2022, 15:18:01 [32minfo[39m: 	retornar pool cuando se llame de funcion
18/10/2022, 15:18:01 [32minfo[39m: 	retornar pool cuando se llame de funcion
18/10/2022, 15:18:03 [32minfo[39m: 	retornar pool cuando se llame de funcion
18/10/2022, 15:18:03 [32minfo[39m: 	retornar pool cuando se llame de funcion
18/10/2022, 15:18:03 [32minfo[39m: 	retornar pool cuando se llame de funcion
18/10/2022, 15:18:03 [32minfo[39m: 	retornar pool cuando se llame de funcion
18/10/2022, 15:18:06 [31merror[39m: 	jwt expired
18/10/2022, 15:18:06 [31merror[39m: 	jwt expired
18/10/2022, 15:18:06 [32minfo[39m: 	retornar pool cuando se llame de funcion
18/10/2022, 15:18:06 [32minfo[39m: 	retornar pool cuando se llame de funcion
18/10/2022, 15:18:06 [32minfo[39m: 	retornar pool cuando se llame de funcion
18/10/2022, 15:18:06 [32minfo[39m: 	retornar pool cuando se llame de funcion
18/10/2022, 15:19:21 [31merror[39m: 	jwt expired
18/10/2022, 15:19:21 [31merror[39m: 	jwt expired
18/10/2022, 15:19:21 [32minfo[39m: 	retornar pool cuando se llame de funcion
18/10/2022, 15:19:21 [32minfo[39m: 	retornar pool cuando se llame de funcion
18/10/2022, 15:19:21 [32minfo[39m: 	retornar pool cuando se llame de funcion
18/10/2022, 15:19:21 [32minfo[39m: 	retornar pool cuando se llame de funcion
18/10/2022, 15:19:51 [31merror[39m: 	jwt expired
18/10/2022, 15:19:51 [31merror[39m: 	jwt expired
18/10/2022, 15:19:51 [32minfo[39m: 	retornar pool cuando se llame de funcion
18/10/2022, 15:19:51 [32minfo[39m: 	retornar pool cuando se llame de funcion
18/10/2022, 15:19:51 [32minfo[39m: 	retornar pool cuando se llame de funcion
18/10/2022, 15:19:51 [32minfo[39m: 	retornar pool cuando se llame de funcion
18/10/2022, 15:22:17 [31merror[39m: 	jwt expired
18/10/2022, 15:22:17 [31merror[39m: 	jwt expired
18/10/2022, 15:22:17 [32minfo[39m: 	retornar pool cuando se llame de funcion
18/10/2022, 15:22:18 [32minfo[39m: 	retornar pool cuando se llame de funcion
18/10/2022, 15:22:18 [32minfo[39m: 	retornar pool cuando se llame de funcion
18/10/2022, 15:22:18 [32minfo[39m: 	retornar pool cuando se llame de funcion
18/10/2022, 15:22:20 [32minfo[39m: 	retornar pool cuando se llame de funcion
18/10/2022, 15:22:20 [32minfo[39m: 	retornar pool cuando se llame de funcion
18/10/2022, 15:22:20 [32minfo[39m: 	retornar pool cuando se llame de funcion
18/10/2022, 15:22:20 [32minfo[39m: 	retornar pool cuando se llame de funcion
18/10/2022, 15:22:22 [32minfo[39m: 	retornar pool cuando se llame de funcion
18/10/2022, 15:22:22 [32minfo[39m: 	retornar pool cuando se llame de funcion
18/10/2022, 15:22:22 [32minfo[39m: 	retornar pool cuando se llame de funcion
18/10/2022, 15:22:22 [32minfo[39m: 	retornar pool cuando se llame de funcion
18/10/2022, 15:22:26 [32minfo[39m: 	retornar pool cuando se llame de funcion
18/10/2022, 15:22:26 [32minfo[39m: 	retornar pool cuando se llame de funcion
18/10/2022, 15:22:26 [32minfo[39m: 	retornar pool cuando se llame de funcion
18/10/2022, 15:22:26 [32minfo[39m: 	retornar pool cuando se llame de funcion
18/10/2022, 15:26:37 [31merror[39m: 	jwt expired
18/10/2022, 15:26:37 [31merror[39m: 	jwt expired
18/10/2022, 15:26:37 [32minfo[39m: 	retornar pool cuando se llame de funcion
18/10/2022, 15:26:37 [32minfo[39m: 	retornar pool cuando se llame de funcion
18/10/2022, 15:26:37 [32minfo[39m: 	retornar pool cuando se llame de funcion
18/10/2022, 15:26:37 [32minfo[39m: 	retornar pool cuando se llame de funcion
18/10/2022, 15:27:00 [31merror[39m: 	jwt expired
18/10/2022, 15:27:00 [31merror[39m: 	jwt expired
18/10/2022, 15:27:00 [32minfo[39m: 	retornar pool cuando se llame de funcion
18/10/2022, 15:27:00 [32minfo[39m: 	retornar pool cuando se llame de funcion
18/10/2022, 15:27:00 [32minfo[39m: 	retornar pool cuando se llame de funcion
18/10/2022, 15:27:00 [32minfo[39m: 	retornar pool cuando se llame de funcion
18/10/2022, 15:27:04 [32minfo[39m: 	retornar pool cuando se llame de funcion
18/10/2022, 15:27:04 [32minfo[39m: 	retornar pool cuando se llame de funcion
18/10/2022, 15:27:04 [32minfo[39m: 	retornar pool cuando se llame de funcion
18/10/2022, 15:27:04 [32minfo[39m: 	retornar pool cuando se llame de funcion
18/10/2022, 15:27:07 [32minfo[39m: 	retornar pool cuando se llame de funcion
18/10/2022, 15:27:07 [32minfo[39m: 	retornar pool cuando se llame de funcion
18/10/2022, 15:27:07 [32minfo[39m: 	retornar pool cuando se llame de funcion
18/10/2022, 15:27:07 [32minfo[39m: 	retornar pool cuando se llame de funcion
18/10/2022, 15:27:09 [32minfo[39m: 	retornar pool cuando se llame de funcion
18/10/2022, 15:27:09 [32minfo[39m: 	retornar pool cuando se llame de funcion
18/10/2022, 15:27:09 [32minfo[39m: 	retornar pool cuando se llame de funcion
18/10/2022, 15:27:09 [32minfo[39m: 	retornar pool cuando se llame de funcion
18/10/2022, 15:27:12 [31merror[39m: 	jwt expired
18/10/2022, 15:27:12 [31merror[39m: 	jwt expired
18/10/2022, 15:27:12 [32minfo[39m: 	retornar pool cuando se llame de funcion
18/10/2022, 15:27:12 [32minfo[39m: 	retornar pool cuando se llame de funcion
18/10/2022, 15:27:12 [32minfo[39m: 	retornar pool cuando se llame de funcion
18/10/2022, 15:27:12 [32minfo[39m: 	retornar pool cuando se llame de funcion
18/10/2022, 15:27:25 [31merror[39m: 	jwt expired
18/10/2022, 15:27:25 [31merror[39m: 	jwt expired
18/10/2022, 15:27:25 [32minfo[39m: 	retornar pool cuando se llame de funcion
18/10/2022, 15:27:25 [32minfo[39m: 	retornar pool cuando se llame de funcion
18/10/2022, 15:27:25 [32minfo[39m: 	retornar pool cuando se llame de funcion
18/10/2022, 15:27:26 [32minfo[39m: 	retornar pool cuando se llame de funcion
