7/10/2022, 8:23:38 [32minfo[39m: 	retornar pool cuando se llame de funcion
7/10/2022, 8:26:34 [31merror[39m: 	jwt expired
7/10/2022, 8:30:27 [31merror[39m: 	invalid signature
7/10/2022, 8:34:51 [32minfo[39m: 	retornar pool cuando se llame de funcion
7/10/2022, 8:34:56 [32minfo[39m: 	retornar pool cuando se llame de funcion
7/10/2022, 8:35:05 [32minfo[39m: 	retornar pool cuando se llame de funcion
7/10/2022, 8:35:05 [32minfo[39m: 	retornar pool cuando se llame de funcion
7/10/2022, 8:35:23 [32minfo[39m: 	retornar pool cuando se llame de funcion
7/10/2022, 8:35:27 [32minfo[39m: 	retornar pool cuando se llame de funcion
7/10/2022, 8:35:36 [32minfo[39m: 	retornar pool cuando se llame de funcion
7/10/2022, 8:35:57 [32minfo[39m: 	retornar pool cuando se llame de funcion
7/10/2022, 8:36:05 [32minfo[39m: 	retornar pool cuando se llame de funcion
7/10/2022, 8:36:08 [32minfo[39m: 	retornar pool cuando se llame de funcion
7/10/2022, 8:36:17 [32minfo[39m: 	retornar pool cuando se llame de funcion
7/10/2022, 8:36:17 [32minfo[39m: 	retornar pool cuando se llame de funcion
7/10/2022, 8:36:17 [31merror[39m: 	Invalid column name 'id_empresa'.
7/10/2022, 8:36:56 [32minfo[39m: 	retornar pool cuando se llame de funcion
7/10/2022, 8:37:18 [32minfo[39m: 	retornar pool cuando se llame de funcion
7/10/2022, 8:37:37 [32minfo[39m: 	retornar pool cuando se llame de funcion
7/10/2022, 8:37:43 [32minfo[39m: 	retornar pool cuando se llame de funcion
7/10/2022, 8:37:43 [32minfo[39m: 	retornar pool cuando se llame de funcion
7/10/2022, 8:38:21 [32minfo[39m: 	retornar pool cuando se llame de funcion
7/10/2022, 8:38:22 [32minfo[39m: 	retornar pool cuando se llame de funcion
7/10/2022, 8:38:22 [32minfo[39m: 	retornar pool cuando se llame de funcion
7/10/2022, 8:38:26 [32minfo[39m: 	retornar pool cuando se llame de funcion
7/10/2022, 8:38:26 [32minfo[39m: 	retornar pool cuando se llame de funcion
7/10/2022, 8:38:30 [32minfo[39m: 	retornar pool cuando se llame de funcion
7/10/2022, 8:38:30 [32minfo[39m: 	retornar pool cuando se llame de funcion
7/10/2022, 8:38:39 [32minfo[39m: 	retornar pool cuando se llame de funcion
7/10/2022, 8:38:39 [32minfo[39m: 	retornar pool cuando se llame de funcion
7/10/2022, 8:40:15 [32minfo[39m: 	retornar pool cuando se llame de funcion
7/10/2022, 8:40:15 [32minfo[39m: 	retornar pool cuando se llame de funcion
7/10/2022, 8:46:55 [32minfo[39m: 	retornar pool cuando se llame de funcion
7/10/2022, 8:47:26 [32minfo[39m: 	retornar pool cuando se llame de funcion
7/10/2022, 8:47:29 [32minfo[39m: 	retornar pool cuando se llame de funcion
7/10/2022, 8:47:29 [32minfo[39m: 	retornar pool cuando se llame de funcion
7/10/2022, 8:48:17 [32minfo[39m: 	retornar pool cuando se llame de funcion
7/10/2022, 8:48:17 [32minfo[39m: 	retornar pool cuando se llame de funcion
7/10/2022, 8:48:17 [31merror[39m: 	identificador_empresa is not defined
7/10/2022, 8:48:48 [32minfo[39m: 	retornar pool cuando se llame de funcion
7/10/2022, 8:48:59 [32minfo[39m: 	retornar pool cuando se llame de funcion
7/10/2022, 8:49:02 [32minfo[39m: 	retornar pool cuando se llame de funcion
7/10/2022, 8:49:12 [32minfo[39m: 	retornar pool cuando se llame de funcion
7/10/2022, 8:49:12 [32minfo[39m: 	retornar pool cuando se llame de funcion
7/10/2022, 8:51:10 [32minfo[39m: 	retornar pool cuando se llame de funcion
7/10/2022, 8:51:10 [32minfo[39m: 	retornar pool cuando se llame de funcion
7/10/2022, 8:51:14 [32minfo[39m: 	retornar pool cuando se llame de funcion
7/10/2022, 8:51:14 [32minfo[39m: 	retornar pool cuando se llame de funcion
7/10/2022, 8:51:17 [32minfo[39m: 	retornar pool cuando se llame de funcion
7/10/2022, 8:51:17 [32minfo[39m: 	retornar pool cuando se llame de funcion
7/10/2022, 8:51:21 [32minfo[39m: 	retornar pool cuando se llame de funcion
7/10/2022, 8:51:21 [32minfo[39m: 	retornar pool cuando se llame de funcion
7/10/2022, 8:51:24 [32minfo[39m: 	retornar pool cuando se llame de funcion
7/10/2022, 8:51:25 [32minfo[39m: 	retornar pool cuando se llame de funcion
7/10/2022, 8:51:28 [32minfo[39m: 	retornar pool cuando se llame de funcion
7/10/2022, 8:51:28 [32minfo[39m: 	retornar pool cuando se llame de funcion
7/10/2022, 8:51:29 [32minfo[39m: 	retornar pool cuando se llame de funcion
7/10/2022, 8:51:29 [32minfo[39m: 	retornar pool cuando se llame de funcion
7/10/2022, 8:51:30 [32minfo[39m: 	retornar pool cuando se llame de funcion
7/10/2022, 8:51:30 [32minfo[39m: 	retornar pool cuando se llame de funcion
7/10/2022, 8:55:54 [32minfo[39m: 	retornar pool cuando se llame de funcion
7/10/2022, 8:55:54 [32minfo[39m: 	retornar pool cuando se llame de funcion
7/10/2022, 8:55:54 [31merror[39m: 	Conversion failed when converting the varchar value 'asdasd' to data type int.
7/10/2022, 8:56:50 [32minfo[39m: 	retornar pool cuando se llame de funcion
7/10/2022, 8:56:52 [32minfo[39m: 	retornar pool cuando se llame de funcion
7/10/2022, 8:56:52 [32minfo[39m: 	retornar pool cuando se llame de funcion
7/10/2022, 8:56:52 [31merror[39m: 	Conversion failed when converting the varchar value 'asdasd' to data type int.
7/10/2022, 8:56:57 [32minfo[39m: 	retornar pool cuando se llame de funcion
7/10/2022, 8:56:57 [32minfo[39m: 	retornar pool cuando se llame de funcion
7/10/2022, 8:56:57 [31merror[39m: 	Conversion failed when converting the varchar value 'asdasd' to data type int.
7/10/2022, 8:57:20 [32minfo[39m: 	retornar pool cuando se llame de funcion
7/10/2022, 8:57:21 [32minfo[39m: 	retornar pool cuando se llame de funcion
7/10/2022, 8:57:21 [32minfo[39m: 	retornar pool cuando se llame de funcion
7/10/2022, 8:57:21 [31merror[39m: 	Conversion failed when converting the varchar value 'asdasd' to data type int.
7/10/2022, 8:57:55 [32minfo[39m: 	retornar pool cuando se llame de funcion
7/10/2022, 8:57:55 [32minfo[39m: 	retornar pool cuando se llame de funcion
7/10/2022, 8:57:55 [31merror[39m: 	Conversion failed when converting the varchar value ';select * from asfi_empresa' to data type int.
7/10/2022, 8:58:14 [32minfo[39m: 	retornar pool cuando se llame de funcion
7/10/2022, 8:58:14 [32minfo[39m: 	retornar pool cuando se llame de funcion
7/10/2022, 8:58:14 [31merror[39m: 	Conversion failed when converting the varchar value 'asdasd' to data type int.
7/10/2022, 8:58:55 [32minfo[39m: 	retornar pool cuando se llame de funcion
7/10/2022, 8:58:55 [32minfo[39m: 	retornar pool cuando se llame de funcion
7/10/2022, 8:58:55 [31merror[39m: 	Cannot set headers after they are sent to the client
7/10/2022, 8:58:58 [32minfo[39m: 	retornar pool cuando se llame de funcion
7/10/2022, 8:58:58 [32minfo[39m: 	retornar pool cuando se llame de funcion
7/10/2022, 8:58:58 [31merror[39m: 	Cannot set headers after they are sent to the client
7/10/2022, 8:59:27 [32minfo[39m: 	retornar pool cuando se llame de funcion
7/10/2022, 8:59:27 [32minfo[39m: 	retornar pool cuando se llame de funcion
7/10/2022, 8:59:27 [31merror[39m: 	Cannot set headers after they are sent to the client
7/10/2022, 8:59:32 [32minfo[39m: 	retornar pool cuando se llame de funcion
7/10/2022, 8:59:32 [32minfo[39m: 	retornar pool cuando se llame de funcion
7/10/2022, 8:59:32 [31merror[39m: 	Cannot set headers after they are sent to the client
7/10/2022, 8:59:54 [32minfo[39m: 	retornar pool cuando se llame de funcion
7/10/2022, 8:59:58 [32minfo[39m: 	retornar pool cuando se llame de funcion
7/10/2022, 8:59:58 [32minfo[39m: 	retornar pool cuando se llame de funcion
7/10/2022, 8:59:58 [31merror[39m: 	Cannot set headers after they are sent to the client
7/10/2022, 9:00:09 [32minfo[39m: 	retornar pool cuando se llame de funcion
7/10/2022, 9:00:09 [32minfo[39m: 	retornar pool cuando se llame de funcion
7/10/2022, 9:00:09 [31merror[39m: 	Cannot set headers after they are sent to the client
7/10/2022, 9:00:46 [32minfo[39m: 	retornar pool cuando se llame de funcion
7/10/2022, 9:00:47 [32minfo[39m: 	retornar pool cuando se llame de funcion
7/10/2022, 9:00:47 [32minfo[39m: 	retornar pool cuando se llame de funcion
7/10/2022, 9:00:47 [31merror[39m: 	Cannot set headers after they are sent to the client
7/10/2022, 9:02:55 [32minfo[39m: 	retornar pool cuando se llame de funcion
7/10/2022, 9:02:58 [32minfo[39m: 	retornar pool cuando se llame de funcion
7/10/2022, 9:02:58 [32minfo[39m: 	retornar pool cuando se llame de funcion
7/10/2022, 9:02:58 [31merror[39m: 	Cannot set headers after they are sent to the client
7/10/2022, 9:03:15 [32minfo[39m: 	retornar pool cuando se llame de funcion
7/10/2022, 9:03:16 [32minfo[39m: 	retornar pool cuando se llame de funcion
7/10/2022, 9:03:16 [32minfo[39m: 	retornar pool cuando se llame de funcion
7/10/2022, 9:03:16 [31merror[39m: 	Cannot set headers after they are sent to the client
7/10/2022, 9:03:39 [32minfo[39m: 	retornar pool cuando se llame de funcion
7/10/2022, 9:03:39 [32minfo[39m: 	retornar pool cuando se llame de funcion
7/10/2022, 9:03:39 [31merror[39m: 	Cannot set headers after they are sent to the client
7/10/2022, 9:04:20 [32minfo[39m: 	retornar pool cuando se llame de funcion
7/10/2022, 9:04:25 [32minfo[39m: 	retornar pool cuando se llame de funcion
7/10/2022, 9:04:25 [32minfo[39m: 	retornar pool cuando se llame de funcion
7/10/2022, 9:04:25 [31merror[39m: 	Cannot set headers after they are sent to the client
7/10/2022, 9:04:43 [32minfo[39m: 	retornar pool cuando se llame de funcion
7/10/2022, 9:04:44 [32minfo[39m: 	retornar pool cuando se llame de funcion
7/10/2022, 9:04:44 [32minfo[39m: 	retornar pool cuando se llame de funcion
7/10/2022, 9:04:44 [31merror[39m: 	Cannot set headers after they are sent to the client
7/10/2022, 9:05:05 [32minfo[39m: 	retornar pool cuando se llame de funcion
7/10/2022, 9:05:05 [32minfo[39m: 	retornar pool cuando se llame de funcion
7/10/2022, 9:05:05 [32minfo[39m: 	retornar pool cuando se llame de funcion
7/10/2022, 9:05:05 [31merror[39m: 	Cannot set headers after they are sent to the client
7/10/2022, 9:06:13 [32minfo[39m: 	retornar pool cuando se llame de funcion
7/10/2022, 9:06:16 [32minfo[39m: 	retornar pool cuando se llame de funcion
7/10/2022, 9:06:16 [32minfo[39m: 	retornar pool cuando se llame de funcion
7/10/2022, 9:06:16 [31merror[39m: 	Cannot set headers after they are sent to the client
7/10/2022, 9:06:30 [32minfo[39m: 	retornar pool cuando se llame de funcion
7/10/2022, 9:06:31 [32minfo[39m: 	retornar pool cuando se llame de funcion
7/10/2022, 9:06:31 [32minfo[39m: 	retornar pool cuando se llame de funcion
7/10/2022, 9:06:31 [31merror[39m: 	Cannot set headers after they are sent to the client
7/10/2022, 9:07:22 [32minfo[39m: 	retornar pool cuando se llame de funcion
7/10/2022, 9:07:24 [32minfo[39m: 	retornar pool cuando se llame de funcion
7/10/2022, 9:07:24 [32minfo[39m: 	retornar pool cuando se llame de funcion
7/10/2022, 9:07:24 [31merror[39m: 	Cannot set headers after they are sent to the client
7/10/2022, 9:08:06 [32minfo[39m: 	retornar pool cuando se llame de funcion
7/10/2022, 9:08:18 [32minfo[39m: 	retornar pool cuando se llame de funcion
7/10/2022, 9:08:25 [32minfo[39m: 	retornar pool cuando se llame de funcion
7/10/2022, 9:08:25 [32minfo[39m: 	retornar pool cuando se llame de funcion
7/10/2022, 9:08:44 [32minfo[39m: 	retornar pool cuando se llame de funcion
7/10/2022, 9:08:47 [32minfo[39m: 	retornar pool cuando se llame de funcion
7/10/2022, 9:08:47 [32minfo[39m: 	retornar pool cuando se llame de funcion
7/10/2022, 9:08:53 [32minfo[39m: 	retornar pool cuando se llame de funcion
7/10/2022, 9:08:53 [32minfo[39m: 	retornar pool cuando se llame de funcion
7/10/2022, 9:09:07 [32minfo[39m: 	retornar pool cuando se llame de funcion
7/10/2022, 9:09:08 [32minfo[39m: 	retornar pool cuando se llame de funcion
7/10/2022, 9:09:08 [32minfo[39m: 	retornar pool cuando se llame de funcion
7/10/2022, 9:09:09 [32minfo[39m: 	retornar pool cuando se llame de funcion
7/10/2022, 9:09:09 [32minfo[39m: 	retornar pool cuando se llame de funcion
7/10/2022, 9:09:41 [32minfo[39m: 	retornar pool cuando se llame de funcion
7/10/2022, 9:09:42 [32minfo[39m: 	retornar pool cuando se llame de funcion
7/10/2022, 9:09:42 [32minfo[39m: 	retornar pool cuando se llame de funcion
7/10/2022, 9:09:59 [32minfo[39m: 	retornar pool cuando se llame de funcion
7/10/2022, 9:10:00 [32minfo[39m: 	retornar pool cuando se llame de funcion
7/10/2022, 9:10:00 [32minfo[39m: 	retornar pool cuando se llame de funcion
7/10/2022, 9:10:02 [32minfo[39m: 	retornar pool cuando se llame de funcion
7/10/2022, 9:10:02 [32minfo[39m: 	retornar pool cuando se llame de funcion
7/10/2022, 9:11:40 [32minfo[39m: 	retornar pool cuando se llame de funcion
7/10/2022, 9:11:41 [32minfo[39m: 	retornar pool cuando se llame de funcion
7/10/2022, 9:11:41 [32minfo[39m: 	retornar pool cuando se llame de funcion
7/10/2022, 9:11:57 [32minfo[39m: 	retornar pool cuando se llame de funcion
7/10/2022, 9:11:58 [32minfo[39m: 	retornar pool cuando se llame de funcion
7/10/2022, 9:11:58 [32minfo[39m: 	retornar pool cuando se llame de funcion
7/10/2022, 9:16:17 [32minfo[39m: 	retornar pool cuando se llame de funcion
7/10/2022, 9:16:17 [32minfo[39m: 	retornar pool cuando se llame de funcion
7/10/2022, 9:16:20 [32minfo[39m: 	retornar pool cuando se llame de funcion
7/10/2022, 9:16:20 [32minfo[39m: 	retornar pool cuando se llame de funcion
7/10/2022, 9:16:24 [32minfo[39m: 	retornar pool cuando se llame de funcion
7/10/2022, 9:16:24 [32minfo[39m: 	retornar pool cuando se llame de funcion
7/10/2022, 9:16:29 [32minfo[39m: 	retornar pool cuando se llame de funcion
7/10/2022, 9:16:29 [32minfo[39m: 	retornar pool cuando se llame de funcion
7/10/2022, 9:16:51 [32minfo[39m: 	retornar pool cuando se llame de funcion
7/10/2022, 9:16:51 [32minfo[39m: 	retornar pool cuando se llame de funcion
7/10/2022, 9:16:55 [32minfo[39m: 	retornar pool cuando se llame de funcion
7/10/2022, 9:16:55 [32minfo[39m: 	retornar pool cuando se llame de funcion
7/10/2022, 9:20:28 [32minfo[39m: 	retornar pool cuando se llame de funcion
7/10/2022, 9:20:40 [32minfo[39m: 	retornar pool cuando se llame de funcion
7/10/2022, 9:20:40 [32minfo[39m: 	retornar pool cuando se llame de funcion
7/10/2022, 9:21:22 [32minfo[39m: 	retornar pool cuando se llame de funcion
7/10/2022, 9:21:55 [32minfo[39m: 	retornar pool cuando se llame de funcion
7/10/2022, 9:22:00 [32minfo[39m: 	retornar pool cuando se llame de funcion
7/10/2022, 9:22:00 [32minfo[39m: 	retornar pool cuando se llame de funcion
7/10/2022, 9:22:32 [32minfo[39m: 	retornar pool cuando se llame de funcion
7/10/2022, 9:22:33 [32minfo[39m: 	retornar pool cuando se llame de funcion
7/10/2022, 9:22:33 [32minfo[39m: 	retornar pool cuando se llame de funcion
7/10/2022, 9:23:06 [32minfo[39m: 	retornar pool cuando se llame de funcion
7/10/2022, 9:23:07 [32minfo[39m: 	retornar pool cuando se llame de funcion
7/10/2022, 9:23:07 [32minfo[39m: 	retornar pool cuando se llame de funcion
7/10/2022, 9:23:18 [32minfo[39m: 	retornar pool cuando se llame de funcion
7/10/2022, 9:23:19 [32minfo[39m: 	retornar pool cuando se llame de funcion
7/10/2022, 9:23:19 [32minfo[39m: 	retornar pool cuando se llame de funcion
7/10/2022, 9:24:54 [32minfo[39m: 	retornar pool cuando se llame de funcion
7/10/2022, 9:24:54 [32minfo[39m: 	retornar pool cuando se llame de funcion
7/10/2022, 9:24:57 [32minfo[39m: 	retornar pool cuando se llame de funcion
7/10/2022, 9:24:57 [32minfo[39m: 	retornar pool cuando se llame de funcion
7/10/2022, 9:24:57 [31merror[39m: 	Conversion failed when converting the varchar value 'asdasd' to data type int.
7/10/2022, 9:27:22 [32minfo[39m: 	retornar pool cuando se llame de funcion
7/10/2022, 9:27:22 [32minfo[39m: 	retornar pool cuando se llame de funcion
7/10/2022, 9:27:29 [32minfo[39m: 	retornar pool cuando se llame de funcion
7/10/2022, 9:27:36 [32minfo[39m: 	retornar pool cuando se llame de funcion
7/10/2022, 9:27:41 [32minfo[39m: 	retornar pool cuando se llame de funcion
7/10/2022, 9:27:41 [31merror[39m: 	gestion.match is not a function
7/10/2022, 9:27:59 [32minfo[39m: 	retornar pool cuando se llame de funcion
7/10/2022, 9:28:03 [32minfo[39m: 	retornar pool cuando se llame de funcion
7/10/2022, 9:28:06 [32minfo[39m: 	retornar pool cuando se llame de funcion
7/10/2022, 9:28:10 [32minfo[39m: 	retornar pool cuando se llame de funcion
7/10/2022, 9:28:15 [32minfo[39m: 	retornar pool cuando se llame de funcion
7/10/2022, 9:28:15 [32minfo[39m: 	retornar pool cuando se llame de funcion
7/10/2022, 9:28:20 [32minfo[39m: 	retornar pool cuando se llame de funcion
7/10/2022, 9:28:20 [32minfo[39m: 	retornar pool cuando se llame de funcion
7/10/2022, 9:28:20 [32minfo[39m: 	retornar pool cuando se llame de funcion
7/10/2022, 9:28:20 [32minfo[39m: 	retornar pool cuando se llame de funcion
7/10/2022, 9:30:42 [32minfo[39m: 	retornar pool cuando se llame de funcion
7/10/2022, 9:30:43 [32minfo[39m: 	retornar pool cuando se llame de funcion
7/10/2022, 9:30:43 [32minfo[39m: 	retornar pool cuando se llame de funcion
7/10/2022, 9:32:25 [32minfo[39m: 	retornar pool cuando se llame de funcion
7/10/2022, 9:32:26 [32minfo[39m: 	retornar pool cuando se llame de funcion
7/10/2022, 9:32:26 [32minfo[39m: 	retornar pool cuando se llame de funcion
7/10/2022, 9:32:26 [31merror[39m: 	Cannot set headers after they are sent to the client
7/10/2022, 9:32:32 [32minfo[39m: 	retornar pool cuando se llame de funcion
7/10/2022, 9:32:32 [32minfo[39m: 	retornar pool cuando se llame de funcion
7/10/2022, 9:32:32 [31merror[39m: 	Cannot set headers after they are sent to the client
7/10/2022, 9:32:36 [32minfo[39m: 	retornar pool cuando se llame de funcion
7/10/2022, 9:32:36 [32minfo[39m: 	retornar pool cuando se llame de funcion
7/10/2022, 9:34:14 [32minfo[39m: 	retornar pool cuando se llame de funcion
7/10/2022, 9:34:14 [32minfo[39m: 	retornar pool cuando se llame de funcion
7/10/2022, 9:34:26 [32minfo[39m: 	retornar pool cuando se llame de funcion
7/10/2022, 9:34:26 [32minfo[39m: 	retornar pool cuando se llame de funcion
7/10/2022, 9:35:56 [32minfo[39m: 	retornar pool cuando se llame de funcion
7/10/2022, 9:35:56 [32minfo[39m: 	retornar pool cuando se llame de funcion
7/10/2022, 9:36:27 [32minfo[39m: 	retornar pool cuando se llame de funcion
7/10/2022, 9:36:27 [32minfo[39m: 	retornar pool cuando se llame de funcion
7/10/2022, 9:36:41 [32minfo[39m: 	retornar pool cuando se llame de funcion
7/10/2022, 9:36:41 [32minfo[39m: 	retornar pool cuando se llame de funcion
7/10/2022, 9:37:10 [32minfo[39m: 	retornar pool cuando se llame de funcion
7/10/2022, 9:37:10 [32minfo[39m: 	retornar pool cuando se llame de funcion
7/10/2022, 9:39:46 [32minfo[39m: 	retornar pool cuando se llame de funcion
7/10/2022, 9:40:04 [32minfo[39m: 	retornar pool cuando se llame de funcion
7/10/2022, 9:40:24 [32minfo[39m: 	retornar pool cuando se llame de funcion
7/10/2022, 9:40:24 [32minfo[39m: 	retornar pool cuando se llame de funcion
7/10/2022, 9:40:25 [31merror[39m: 	nombreEmpresa is not defined
7/10/2022, 9:40:59 [32minfo[39m: 	retornar pool cuando se llame de funcion
7/10/2022, 9:41:01 [32minfo[39m: 	retornar pool cuando se llame de funcion
7/10/2022, 9:41:01 [32minfo[39m: 	retornar pool cuando se llame de funcion
7/10/2022, 9:41:04 [32minfo[39m: 	retornar pool cuando se llame de funcion
7/10/2022, 9:41:04 [32minfo[39m: 	retornar pool cuando se llame de funcion
7/10/2022, 9:41:07 [32minfo[39m: 	retornar pool cuando se llame de funcion
7/10/2022, 9:41:07 [32minfo[39m: 	retornar pool cuando se llame de funcion
7/10/2022, 9:43:27 [32minfo[39m: 	retornar pool cuando se llame de funcion
7/10/2022, 9:43:27 [32minfo[39m: 	retornar pool cuando se llame de funcion
7/10/2022, 9:44:00 [32minfo[39m: 	retornar pool cuando se llame de funcion
7/10/2022, 9:51:56 [32minfo[39m: 	retornar pool cuando se llame de funcion
7/10/2022, 9:53:19 [32minfo[39m: 	retornar pool cuando se llame de funcion
7/10/2022, 9:53:57 [32minfo[39m: 	retornar pool cuando se llame de funcion
7/10/2022, 9:54:01 [32minfo[39m: 	retornar pool cuando se llame de funcion
7/10/2022, 9:54:01 [32minfo[39m: 	retornar pool cuando se llame de funcion
7/10/2022, 9:54:07 [32minfo[39m: 	retornar pool cuando se llame de funcion
7/10/2022, 9:54:07 [32minfo[39m: 	retornar pool cuando se llame de funcion
7/10/2022, 9:54:40 [32minfo[39m: 	retornar pool cuando se llame de funcion
7/10/2022, 9:54:40 [32minfo[39m: 	retornar pool cuando se llame de funcion
7/10/2022, 9:54:51 [32minfo[39m: 	retornar pool cuando se llame de funcion
7/10/2022, 9:54:51 [32minfo[39m: 	retornar pool cuando se llame de funcion
7/10/2022, 9:54:52 [32minfo[39m: 	retornar pool cuando se llame de funcion
7/10/2022, 9:54:52 [32minfo[39m: 	retornar pool cuando se llame de funcion
7/10/2022, 9:56:22 [32minfo[39m: 	retornar pool cuando se llame de funcion
7/10/2022, 9:56:22 [32minfo[39m: 	retornar pool cuando se llame de funcion
7/10/2022, 9:56:23 [32minfo[39m: 	retornar pool cuando se llame de funcion
7/10/2022, 9:56:23 [32minfo[39m: 	retornar pool cuando se llame de funcion
7/10/2022, 9:57:02 [32minfo[39m: 	retornar pool cuando se llame de funcion
7/10/2022, 9:57:02 [32minfo[39m: 	retornar pool cuando se llame de funcion
7/10/2022, 10:01:48 [32minfo[39m: 	retornar pool cuando se llame de funcion
7/10/2022, 10:01:53 [32minfo[39m: 	retornar pool cuando se llame de funcion
7/10/2022, 10:01:53 [32minfo[39m: 	retornar pool cuando se llame de funcion
7/10/2022, 10:01:56 [32minfo[39m: 	retornar pool cuando se llame de funcion
7/10/2022, 10:01:56 [32minfo[39m: 	retornar pool cuando se llame de funcion
7/10/2022, 10:02:00 [32minfo[39m: 	retornar pool cuando se llame de funcion
7/10/2022, 10:02:00 [32minfo[39m: 	retornar pool cuando se llame de funcion
7/10/2022, 10:02:11 [32minfo[39m: 	retornar pool cuando se llame de funcion
7/10/2022, 10:02:12 [32minfo[39m: 	retornar pool cuando se llame de funcion
7/10/2022, 10:02:12 [32minfo[39m: 	retornar pool cuando se llame de funcion
7/10/2022, 10:02:21 [32minfo[39m: 	retornar pool cuando se llame de funcion
7/10/2022, 10:02:26 [32minfo[39m: 	retornar pool cuando se llame de funcion
7/10/2022, 10:02:26 [32minfo[39m: 	retornar pool cuando se llame de funcion
7/10/2022, 10:04:42 [32minfo[39m: 	retornar pool cuando se llame de funcion
7/10/2022, 10:04:42 [32minfo[39m: 	retornar pool cuando se llame de funcion
7/10/2022, 10:15:37 [32minfo[39m: 	retornar pool cuando se llame de funcion
7/10/2022, 10:15:37 [32minfo[39m: 	retornar pool cuando se llame de funcion
7/10/2022, 10:15:43 [32minfo[39m: 	retornar pool cuando se llame de funcion
7/10/2022, 10:15:43 [32minfo[39m: 	retornar pool cuando se llame de funcion
7/10/2022, 10:15:47 [32minfo[39m: 	retornar pool cuando se llame de funcion
7/10/2022, 10:15:47 [32minfo[39m: 	retornar pool cuando se llame de funcion
7/10/2022, 10:15:53 [32minfo[39m: 	retornar pool cuando se llame de funcion
7/10/2022, 10:15:53 [32minfo[39m: 	retornar pool cuando se llame de funcion
7/10/2022, 10:15:57 [32minfo[39m: 	retornar pool cuando se llame de funcion
7/10/2022, 10:15:57 [32minfo[39m: 	retornar pool cuando se llame de funcion
7/10/2022, 10:16:30 [32minfo[39m: 	retornar pool cuando se llame de funcion
7/10/2022, 10:16:30 [32minfo[39m: 	retornar pool cuando se llame de funcion
7/10/2022, 10:17:46 [32minfo[39m: 	retornar pool cuando se llame de funcion
7/10/2022, 10:18:37 [32minfo[39m: 	retornar pool cuando se llame de funcion
7/10/2022, 10:18:47 [32minfo[39m: 	retornar pool cuando se llame de funcion
7/10/2022, 10:22:27 [32minfo[39m: 	retornar pool cuando se llame de funcion
7/10/2022, 10:22:27 [32minfo[39m: 	retornar pool cuando se llame de funcion
7/10/2022, 10:24:29 [32minfo[39m: 	retornar pool cuando se llame de funcion
7/10/2022, 10:25:13 [31merror[39m: 	jwt expired
7/10/2022, 10:25:23 [32minfo[39m: 	retornar pool cuando se llame de funcion
7/10/2022, 10:25:37 [32minfo[39m: 	retornar pool cuando se llame de funcion
7/10/2022, 10:25:37 [32minfo[39m: 	retornar pool cuando se llame de funcion
7/10/2022, 10:25:46 [32minfo[39m: 	retornar pool cuando se llame de funcion
7/10/2022, 10:25:46 [32minfo[39m: 	retornar pool cuando se llame de funcion
7/10/2022, 10:26:26 [32minfo[39m: 	retornar pool cuando se llame de funcion
7/10/2022, 10:26:26 [32minfo[39m: 	retornar pool cuando se llame de funcion
7/10/2022, 10:26:43 [32minfo[39m: 	retornar pool cuando se llame de funcion
7/10/2022, 10:26:43 [32minfo[39m: 	retornar pool cuando se llame de funcion
7/10/2022, 10:28:30 [32minfo[39m: 	retornar pool cuando se llame de funcion
7/10/2022, 10:28:30 [32minfo[39m: 	retornar pool cuando se llame de funcion
7/10/2022, 10:28:50 [32minfo[39m: 	retornar pool cuando se llame de funcion
7/10/2022, 10:28:50 [32minfo[39m: 	retornar pool cuando se llame de funcion
7/10/2022, 10:28:54 [32minfo[39m: 	retornar pool cuando se llame de funcion
7/10/2022, 10:28:54 [32minfo[39m: 	retornar pool cuando se llame de funcion
7/10/2022, 10:29:10 [32minfo[39m: 	retornar pool cuando se llame de funcion
7/10/2022, 10:29:10 [32minfo[39m: 	retornar pool cuando se llame de funcion
7/10/2022, 10:30:04 [31merror[39m: 	jwt expired
7/10/2022, 10:30:16 [32minfo[39m: 	retornar pool cuando se llame de funcion
7/10/2022, 10:30:16 [32minfo[39m: 	retornar pool cuando se llame de funcion
7/10/2022, 10:30:43 [32minfo[39m: 	retornar pool cuando se llame de funcion
7/10/2022, 10:30:43 [32minfo[39m: 	retornar pool cuando se llame de funcion
7/10/2022, 10:47:38 [32minfo[39m: 	retornar pool cuando se llame de funcion
7/10/2022, 10:47:39 [32minfo[39m: 	retornar pool cuando se llame de funcion
7/10/2022, 10:47:39 [32minfo[39m: 	retornar pool cuando se llame de funcion
7/10/2022, 10:47:39 [31merror[39m: 	nombreEmpresa is not defined
7/10/2022, 10:47:56 [32minfo[39m: 	retornar pool cuando se llame de funcion
7/10/2022, 10:47:58 [32minfo[39m: 	retornar pool cuando se llame de funcion
7/10/2022, 10:47:58 [32minfo[39m: 	retornar pool cuando se llame de funcion
7/10/2022, 10:47:58 [31merror[39m: 	nombreEmpresa is not defined
7/10/2022, 10:48:20 [32minfo[39m: 	retornar pool cuando se llame de funcion
7/10/2022, 10:48:22 [32minfo[39m: 	retornar pool cuando se llame de funcion
7/10/2022, 10:48:22 [32minfo[39m: 	retornar pool cuando se llame de funcion
7/10/2022, 10:49:01 [32minfo[39m: 	retornar pool cuando se llame de funcion
7/10/2022, 10:49:02 [32minfo[39m: 	retornar pool cuando se llame de funcion
7/10/2022, 10:49:02 [32minfo[39m: 	retornar pool cuando se llame de funcion
7/10/2022, 10:49:06 [32minfo[39m: 	retornar pool cuando se llame de funcion
7/10/2022, 10:49:06 [32minfo[39m: 	retornar pool cuando se llame de funcion
7/10/2022, 10:49:10 [32minfo[39m: 	retornar pool cuando se llame de funcion
7/10/2022, 10:49:10 [32minfo[39m: 	retornar pool cuando se llame de funcion
7/10/2022, 10:49:13 [32minfo[39m: 	retornar pool cuando se llame de funcion
7/10/2022, 10:49:13 [32minfo[39m: 	retornar pool cuando se llame de funcion
7/10/2022, 10:49:15 [32minfo[39m: 	retornar pool cuando se llame de funcion
7/10/2022, 10:49:15 [32minfo[39m: 	retornar pool cuando se llame de funcion
7/10/2022, 10:49:37 [32minfo[39m: 	retornar pool cuando se llame de funcion
7/10/2022, 10:49:37 [32minfo[39m: 	retornar pool cuando se llame de funcion
7/10/2022, 10:49:41 [32minfo[39m: 	retornar pool cuando se llame de funcion
7/10/2022, 10:49:41 [32minfo[39m: 	retornar pool cuando se llame de funcion
7/10/2022, 10:58:46 [32minfo[39m: 	retornar pool cuando se llame de funcion
7/10/2022, 10:59:51 [32minfo[39m: 	retornar pool cuando se llame de funcion
7/10/2022, 11:08:06 [32minfo[39m: 	retornar pool cuando se llame de funcion
7/10/2022, 11:08:14 [32minfo[39m: 	retornar pool cuando se llame de funcion
7/10/2022, 11:08:27 [32minfo[39m: 	retornar pool cuando se llame de funcion
7/10/2022, 11:09:21 [32minfo[39m: 	retornar pool cuando se llame de funcion
7/10/2022, 11:09:21 [32minfo[39m: 	retornar pool cuando se llame de funcion
7/10/2022, 11:09:36 [32minfo[39m: 	retornar pool cuando se llame de funcion
7/10/2022, 11:09:36 [32minfo[39m: 	retornar pool cuando se llame de funcion
7/10/2022, 11:09:41 [32minfo[39m: 	retornar pool cuando se llame de funcion
7/10/2022, 11:09:41 [32minfo[39m: 	retornar pool cuando se llame de funcion
7/10/2022, 11:09:54 [32minfo[39m: 	retornar pool cuando se llame de funcion
7/10/2022, 11:09:57 [32minfo[39m: 	retornar pool cuando se llame de funcion
7/10/2022, 11:10:01 [32minfo[39m: 	retornar pool cuando se llame de funcion
7/10/2022, 11:10:01 [32minfo[39m: 	retornar pool cuando se llame de funcion
7/10/2022, 11:10:04 [32minfo[39m: 	retornar pool cuando se llame de funcion
7/10/2022, 11:10:10 [32minfo[39m: 	retornar pool cuando se llame de funcion
7/10/2022, 11:10:13 [32minfo[39m: 	retornar pool cuando se llame de funcion
7/10/2022, 11:10:13 [32minfo[39m: 	retornar pool cuando se llame de funcion
7/10/2022, 11:21:14 [32minfo[39m: 	retornar pool cuando se llame de funcion
7/10/2022, 11:21:59 [32minfo[39m: 	retornar pool cuando se llame de funcion
7/10/2022, 11:21:59 [31merror[39m: 	Cannot set headers after they are sent to the client
7/10/2022, 11:22:17 [32minfo[39m: 	retornar pool cuando se llame de funcion
7/10/2022, 11:22:17 [31merror[39m: 	Cannot set headers after they are sent to the client
7/10/2022, 11:22:49 [32minfo[39m: 	retornar pool cuando se llame de funcion
7/10/2022, 11:22:56 [32minfo[39m: 	retornar pool cuando se llame de funcion
7/10/2022, 11:22:58 [32minfo[39m: 	retornar pool cuando se llame de funcion
7/10/2022, 11:22:58 [32minfo[39m: 	retornar pool cuando se llame de funcion
7/10/2022, 11:23:07 [32minfo[39m: 	retornar pool cuando se llame de funcion
7/10/2022, 11:23:07 [32minfo[39m: 	retornar pool cuando se llame de funcion
7/10/2022, 11:23:07 [31merror[39m: 	Cannot read properties of undefined (reading 'identificador')
7/10/2022, 11:24:41 [32minfo[39m: 	retornar pool cuando se llame de funcion
7/10/2022, 11:24:43 [32minfo[39m: 	retornar pool cuando se llame de funcion
7/10/2022, 11:24:43 [32minfo[39m: 	retornar pool cuando se llame de funcion
7/10/2022, 11:24:43 [31merror[39m: 	Cannot read properties of undefined (reading 'identificador')
7/10/2022, 11:25:33 [32minfo[39m: 	retornar pool cuando se llame de funcion
7/10/2022, 11:25:37 [32minfo[39m: 	retornar pool cuando se llame de funcion
7/10/2022, 11:25:37 [32minfo[39m: 	retornar pool cuando se llame de funcion
7/10/2022, 11:25:37 [31merror[39m: 	Cannot read properties of undefined (reading 'identificador')
7/10/2022, 11:26:11 [32minfo[39m: 	retornar pool cuando se llame de funcion
7/10/2022, 11:26:12 [32minfo[39m: 	retornar pool cuando se llame de funcion
7/10/2022, 11:26:12 [32minfo[39m: 	retornar pool cuando se llame de funcion
7/10/2022, 11:26:12 [31merror[39m: 	Cannot read properties of undefined (reading 'identificador')
7/10/2022, 11:26:25 [32minfo[39m: 	retornar pool cuando se llame de funcion
7/10/2022, 11:26:26 [32minfo[39m: 	retornar pool cuando se llame de funcion
7/10/2022, 11:26:26 [32minfo[39m: 	retornar pool cuando se llame de funcion
7/10/2022, 11:26:26 [31merror[39m: 	Procedure or function 'segabm_gestion' expects parameter '@I_id_empresa', which was not supplied.
7/10/2022, 11:26:38 [32minfo[39m: 	retornar pool cuando se llame de funcion
7/10/2022, 11:26:40 [32minfo[39m: 	retornar pool cuando se llame de funcion
7/10/2022, 11:26:40 [32minfo[39m: 	retornar pool cuando se llame de funcion
7/10/2022, 11:26:43 [32minfo[39m: 	retornar pool cuando se llame de funcion
7/10/2022, 11:26:43 [32minfo[39m: 	retornar pool cuando se llame de funcion
7/10/2022, 11:26:51 [32minfo[39m: 	retornar pool cuando se llame de funcion
7/10/2022, 11:26:51 [32minfo[39m: 	retornar pool cuando se llame de funcion
7/10/2022, 11:26:55 [32minfo[39m: 	retornar pool cuando se llame de funcion
7/10/2022, 11:27:00 [32minfo[39m: 	retornar pool cuando se llame de funcion
7/10/2022, 11:27:00 [32minfo[39m: 	retornar pool cuando se llame de funcion
7/10/2022, 11:27:04 [32minfo[39m: 	retornar pool cuando se llame de funcion
7/10/2022, 11:27:04 [32minfo[39m: 	retornar pool cuando se llame de funcion
7/10/2022, 11:27:07 [32minfo[39m: 	retornar pool cuando se llame de funcion
7/10/2022, 11:27:07 [32minfo[39m: 	retornar pool cuando se llame de funcion
7/10/2022, 11:27:11 [32minfo[39m: 	retornar pool cuando se llame de funcion
7/10/2022, 11:27:11 [32minfo[39m: 	retornar pool cuando se llame de funcion
7/10/2022, 11:30:34 [32minfo[39m: 	retornar pool cuando se llame de funcion
7/10/2022, 11:31:23 [32minfo[39m: 	retornar pool cuando se llame de funcion
7/10/2022, 11:33:40 [32minfo[39m: 	retornar pool cuando se llame de funcion
7/10/2022, 11:35:21 [32minfo[39m: 	retornar pool cuando se llame de funcion
7/10/2022, 11:55:33 [32minfo[39m: 	retornar pool cuando se llame de funcion
7/10/2022, 11:55:52 [32minfo[39m: 	retornar pool cuando se llame de funcion
7/10/2022, 11:56:46 [31merror[39m: 	jwt expired
7/10/2022, 11:56:54 [32minfo[39m: 	retornar pool cuando se llame de funcion
7/10/2022, 11:57:03 [32minfo[39m: 	retornar pool cuando se llame de funcion
7/10/2022, 11:57:03 [32minfo[39m: 	retornar pool cuando se llame de funcion
7/10/2022, 11:57:23 [32minfo[39m: 	retornar pool cuando se llame de funcion
7/10/2022, 11:57:23 [32minfo[39m: 	retornar pool cuando se llame de funcion
7/10/2022, 11:57:34 [32minfo[39m: 	retornar pool cuando se llame de funcion
7/10/2022, 11:57:34 [32minfo[39m: 	retornar pool cuando se llame de funcion
7/10/2022, 11:57:36 [32minfo[39m: 	retornar pool cuando se llame de funcion
7/10/2022, 11:57:36 [32minfo[39m: 	retornar pool cuando se llame de funcion
7/10/2022, 12:01:38 [32minfo[39m: 	retornar pool cuando se llame de funcion
7/10/2022, 12:01:38 [32minfo[39m: 	retornar pool cuando se llame de funcion
7/10/2022, 12:01:40 [32minfo[39m: 	retornar pool cuando se llame de funcion
7/10/2022, 12:01:40 [32minfo[39m: 	retornar pool cuando se llame de funcion
7/10/2022, 12:01:43 [32minfo[39m: 	retornar pool cuando se llame de funcion
7/10/2022, 12:01:43 [32minfo[39m: 	retornar pool cuando se llame de funcion
7/10/2022, 12:01:47 [32minfo[39m: 	retornar pool cuando se llame de funcion
7/10/2022, 12:01:47 [32minfo[39m: 	retornar pool cuando se llame de funcion
7/10/2022, 12:01:50 [32minfo[39m: 	retornar pool cuando se llame de funcion
7/10/2022, 12:01:50 [32minfo[39m: 	retornar pool cuando se llame de funcion
7/10/2022, 12:01:55 [32minfo[39m: 	retornar pool cuando se llame de funcion
7/10/2022, 12:01:55 [32minfo[39m: 	retornar pool cuando se llame de funcion
7/10/2022, 12:02:33 [32minfo[39m: 	retornar pool cuando se llame de funcion
7/10/2022, 12:02:35 [32minfo[39m: 	retornar pool cuando se llame de funcion
7/10/2022, 12:02:38 [32minfo[39m: 	retornar pool cuando se llame de funcion
7/10/2022, 12:02:43 [32minfo[39m: 	retornar pool cuando se llame de funcion
7/10/2022, 12:02:43 [32minfo[39m: 	retornar pool cuando se llame de funcion
7/10/2022, 12:09:38 [32minfo[39m: 	retornar pool cuando se llame de funcion
7/10/2022, 12:09:46 [32minfo[39m: 	retornar pool cuando se llame de funcion
7/10/2022, 12:09:55 [32minfo[39m: 	retornar pool cuando se llame de funcion
7/10/2022, 12:10:00 [32minfo[39m: 	retornar pool cuando se llame de funcion
7/10/2022, 12:10:00 [32minfo[39m: 	retornar pool cuando se llame de funcion
7/10/2022, 12:10:12 [32minfo[39m: 	retornar pool cuando se llame de funcion
7/10/2022, 12:13:32 [32minfo[39m: 	retornar pool cuando se llame de funcion
7/10/2022, 12:13:32 [32minfo[39m: 	retornar pool cuando se llame de funcion
7/10/2022, 12:13:40 [32minfo[39m: 	retornar pool cuando se llame de funcion
7/10/2022, 12:13:40 [32minfo[39m: 	retornar pool cuando se llame de funcion
7/10/2022, 12:13:43 [32minfo[39m: 	retornar pool cuando se llame de funcion
7/10/2022, 12:13:43 [32minfo[39m: 	retornar pool cuando se llame de funcion
7/10/2022, 12:13:47 [32minfo[39m: 	retornar pool cuando se llame de funcion
7/10/2022, 12:13:47 [32minfo[39m: 	retornar pool cuando se llame de funcion
7/10/2022, 12:13:47 [31merror[39m: 	Transaction count after EXECUTE indicates a mismatching number of BEGIN and COMMIT statements. Previous count = 0, current count = 1.
7/10/2022, 12:14:04 [32minfo[39m: 	retornar pool cuando se llame de funcion
7/10/2022, 12:14:05 [32minfo[39m: 	retornar pool cuando se llame de funcion
7/10/2022, 12:14:05 [32minfo[39m: 	retornar pool cuando se llame de funcion
7/10/2022, 12:14:05 [31merror[39m: 	Transaction count after EXECUTE indicates a mismatching number of BEGIN and COMMIT statements. Previous count = 0, current count = 1.
7/10/2022, 12:15:09 [32minfo[39m: 	retornar pool cuando se llame de funcion
7/10/2022, 12:15:09 [32minfo[39m: 	retornar pool cuando se llame de funcion
7/10/2022, 12:17:16 [32minfo[39m: 	retornar pool cuando se llame de funcion
7/10/2022, 12:17:16 [32minfo[39m: 	retornar pool cuando se llame de funcion
7/10/2022, 12:17:18 [32minfo[39m: 	retornar pool cuando se llame de funcion
7/10/2022, 12:17:18 [32minfo[39m: 	retornar pool cuando se llame de funcion
7/10/2022, 12:17:22 [32minfo[39m: 	retornar pool cuando se llame de funcion
7/10/2022, 12:17:22 [32minfo[39m: 	retornar pool cuando se llame de funcion
7/10/2022, 12:17:23 [32minfo[39m: 	retornar pool cuando se llame de funcion
7/10/2022, 12:17:23 [32minfo[39m: 	retornar pool cuando se llame de funcion
7/10/2022, 12:18:24 [32minfo[39m: 	retornar pool cuando se llame de funcion
7/10/2022, 12:18:24 [32minfo[39m: 	retornar pool cuando se llame de funcion
7/10/2022, 12:18:28 [32minfo[39m: 	retornar pool cuando se llame de funcion
7/10/2022, 12:18:28 [32minfo[39m: 	retornar pool cuando se llame de funcion
7/10/2022, 12:18:30 [32minfo[39m: 	retornar pool cuando se llame de funcion
7/10/2022, 12:18:30 [32minfo[39m: 	retornar pool cuando se llame de funcion
7/10/2022, 12:18:48 [32minfo[39m: 	retornar pool cuando se llame de funcion
7/10/2022, 12:18:48 [32minfo[39m: 	retornar pool cuando se llame de funcion
7/10/2022, 12:19:05 [32minfo[39m: 	retornar pool cuando se llame de funcion
7/10/2022, 12:19:12 [32minfo[39m: 	retornar pool cuando se llame de funcion
7/10/2022, 12:19:12 [32minfo[39m: 	retornar pool cuando se llame de funcion
7/10/2022, 12:19:29 [32minfo[39m: 	retornar pool cuando se llame de funcion
7/10/2022, 12:19:29 [32minfo[39m: 	retornar pool cuando se llame de funcion
7/10/2022, 12:22:25 [32minfo[39m: 	retornar pool cuando se llame de funcion
7/10/2022, 12:22:26 [32minfo[39m: 	retornar pool cuando se llame de funcion
7/10/2022, 12:22:26 [32minfo[39m: 	retornar pool cuando se llame de funcion
7/10/2022, 12:22:27 [32minfo[39m: 	retornar pool cuando se llame de funcion
7/10/2022, 12:22:27 [32minfo[39m: 	retornar pool cuando se llame de funcion
7/10/2022, 12:22:28 [32minfo[39m: 	retornar pool cuando se llame de funcion
7/10/2022, 12:22:28 [32minfo[39m: 	retornar pool cuando se llame de funcion
7/10/2022, 12:22:37 [32minfo[39m: 	retornar pool cuando se llame de funcion
7/10/2022, 12:22:37 [32minfo[39m: 	retornar pool cuando se llame de funcion
7/10/2022, 13:24:46 [32minfo[39m: 	retornar pool cuando se llame de funcion
7/10/2022, 13:24:46 [32minfo[39m: 	retornar pool cuando se llame de funcion
7/10/2022, 13:31:30 [32minfo[39m: 	retornar pool cuando se llame de funcion
7/10/2022, 13:31:55 [32minfo[39m: 	retornar pool cuando se llame de funcion
7/10/2022, 13:31:55 [31merror[39m: 	Cannot set headers after they are sent to the client
7/10/2022, 13:32:16 [32minfo[39m: 	retornar pool cuando se llame de funcion
7/10/2022, 13:32:28 [32minfo[39m: 	retornar pool cuando se llame de funcion
7/10/2022, 13:32:28 [32minfo[39m: 	retornar pool cuando se llame de funcion
7/10/2022, 13:32:45 [32minfo[39m: 	retornar pool cuando se llame de funcion
7/10/2022, 13:32:45 [32minfo[39m: 	retornar pool cuando se llame de funcion
7/10/2022, 13:34:58 [32minfo[39m: 	retornar pool cuando se llame de funcion
7/10/2022, 13:34:58 [32minfo[39m: 	retornar pool cuando se llame de funcion
7/10/2022, 13:35:01 [32minfo[39m: 	retornar pool cuando se llame de funcion
7/10/2022, 13:35:01 [32minfo[39m: 	retornar pool cuando se llame de funcion
7/10/2022, 13:35:01 [31merror[39m: 	Procedure or function 'segabm_seccion' expects parameter '@I_id_gestion', which was not supplied.
7/10/2022, 13:35:13 [32minfo[39m: 	retornar pool cuando se llame de funcion
7/10/2022, 13:35:15 [32minfo[39m: 	retornar pool cuando se llame de funcion
7/10/2022, 13:35:15 [32minfo[39m: 	retornar pool cuando se llame de funcion
7/10/2022, 13:39:30 [32minfo[39m: 	retornar pool cuando se llame de funcion
7/10/2022, 13:39:31 [32minfo[39m: 	retornar pool cuando se llame de funcion
7/10/2022, 13:39:31 [32minfo[39m: 	retornar pool cuando se llame de funcion
7/10/2022, 13:39:35 [32minfo[39m: 	retornar pool cuando se llame de funcion
7/10/2022, 13:39:35 [32minfo[39m: 	retornar pool cuando se llame de funcion
7/10/2022, 13:39:48 [32minfo[39m: 	retornar pool cuando se llame de funcion
7/10/2022, 13:40:09 [32minfo[39m: 	retornar pool cuando se llame de funcion
7/10/2022, 13:40:09 [32minfo[39m: 	retornar pool cuando se llame de funcion
7/10/2022, 13:46:13 [32minfo[39m: 	retornar pool cuando se llame de funcion
7/10/2022, 14:01:52 [32minfo[39m: 	retornar pool cuando se llame de funcion
7/10/2022, 14:06:24 [32minfo[39m: 	retornar pool cuando se llame de funcion
7/10/2022, 14:06:34 [32minfo[39m: 	retornar pool cuando se llame de funcion
7/10/2022, 14:06:54 [31merror[39m: 	jwt expired
7/10/2022, 14:07:07 [32minfo[39m: 	retornar pool cuando se llame de funcion
7/10/2022, 14:07:24 [32minfo[39m: 	retornar pool cuando se llame de funcion
7/10/2022, 14:07:24 [32minfo[39m: 	retornar pool cuando se llame de funcion
7/10/2022, 14:07:44 [32minfo[39m: 	retornar pool cuando se llame de funcion
7/10/2022, 14:07:45 [32minfo[39m: 	retornar pool cuando se llame de funcion
7/10/2022, 14:07:45 [32minfo[39m: 	retornar pool cuando se llame de funcion
7/10/2022, 14:19:04 [32minfo[39m: 	retornar pool cuando se llame de funcion
7/10/2022, 14:19:10 [32minfo[39m: 	retornar pool cuando se llame de funcion
7/10/2022, 14:19:19 [32minfo[39m: 	retornar pool cuando se llame de funcion
7/10/2022, 14:19:19 [32minfo[39m: 	retornar pool cuando se llame de funcion
7/10/2022, 14:20:36 [32minfo[39m: 	retornar pool cuando se llame de funcion
7/10/2022, 14:20:43 [32minfo[39m: 	retornar pool cuando se llame de funcion
7/10/2022, 14:20:44 [32minfo[39m: 	retornar pool cuando se llame de funcion
7/10/2022, 14:20:45 [31merror[39m: 	Cannot read properties of undefined (reading 'match')
7/10/2022, 14:21:12 [32minfo[39m: 	retornar pool cuando se llame de funcion
7/10/2022, 14:21:13 [32minfo[39m: 	retornar pool cuando se llame de funcion
7/10/2022, 14:21:13 [31merror[39m: 	Cannot read properties of undefined (reading 'match')
7/10/2022, 14:21:22 [32minfo[39m: 	retornar pool cuando se llame de funcion
7/10/2022, 14:21:22 [32minfo[39m: 	retornar pool cuando se llame de funcion
7/10/2022, 14:21:23 [31merror[39m: 	Invalid column name 'nombre'.
7/10/2022, 14:21:43 [32minfo[39m: 	retornar pool cuando se llame de funcion
7/10/2022, 14:21:43 [32minfo[39m: 	retornar pool cuando se llame de funcion
7/10/2022, 14:21:43 [31merror[39m: 	Invalid column name 'nombre'.
7/10/2022, 14:21:47 [32minfo[39m: 	retornar pool cuando se llame de funcion
7/10/2022, 14:21:47 [32minfo[39m: 	retornar pool cuando se llame de funcion
7/10/2022, 14:21:47 [31merror[39m: 	Invalid column name 'nombre'.
7/10/2022, 14:21:51 [32minfo[39m: 	retornar pool cuando se llame de funcion
7/10/2022, 14:22:26 [32minfo[39m: 	retornar pool cuando se llame de funcion
7/10/2022, 14:22:27 [32minfo[39m: 	retornar pool cuando se llame de funcion
7/10/2022, 14:22:27 [32minfo[39m: 	retornar pool cuando se llame de funcion
7/10/2022, 14:22:35 [32minfo[39m: 	retornar pool cuando se llame de funcion
7/10/2022, 14:22:35 [32minfo[39m: 	retornar pool cuando se llame de funcion
7/10/2022, 14:22:35 [31merror[39m: 	Conversion failed when converting the varchar value 'Aasdasdasdasd' to data type int.
7/10/2022, 14:23:13 [32minfo[39m: 	retornar pool cuando se llame de funcion
7/10/2022, 14:23:15 [32minfo[39m: 	retornar pool cuando se llame de funcion
7/10/2022, 14:23:15 [32minfo[39m: 	retornar pool cuando se llame de funcion
7/10/2022, 14:23:17 [32minfo[39m: 	retornar pool cuando se llame de funcion
7/10/2022, 14:23:17 [32minfo[39m: 	retornar pool cuando se llame de funcion
7/10/2022, 14:23:18 [32minfo[39m: 	retornar pool cuando se llame de funcion
7/10/2022, 14:23:18 [32minfo[39m: 	retornar pool cuando se llame de funcion
7/10/2022, 14:36:11 [31merror[39m: 	jwt expired
7/10/2022, 14:36:15 [32minfo[39m: 	retornar pool cuando se llame de funcion
7/10/2022, 14:37:04 [32minfo[39m: 	retornar pool cuando se llame de funcion
7/10/2022, 14:37:04 [32minfo[39m: 	retornar pool cuando se llame de funcion
7/10/2022, 14:37:14 [32minfo[39m: 	retornar pool cuando se llame de funcion
7/10/2022, 14:37:14 [32minfo[39m: 	retornar pool cuando se llame de funcion
7/10/2022, 14:37:44 [31merror[39m: 	jwt expired
7/10/2022, 14:37:49 [32minfo[39m: 	retornar pool cuando se llame de funcion
7/10/2022, 14:37:49 [32minfo[39m: 	retornar pool cuando se llame de funcion
7/10/2022, 14:38:38 [31merror[39m: 	jwt expired
7/10/2022, 14:38:44 [32minfo[39m: 	retornar pool cuando se llame de funcion
7/10/2022, 14:38:44 [32minfo[39m: 	retornar pool cuando se llame de funcion
7/10/2022, 14:38:55 [32minfo[39m: 	retornar pool cuando se llame de funcion
7/10/2022, 14:38:55 [32minfo[39m: 	retornar pool cuando se llame de funcion
7/10/2022, 14:46:39 [32minfo[39m: 	retornar pool cuando se llame de funcion
7/10/2022, 14:46:39 [32minfo[39m: 	retornar pool cuando se llame de funcion
7/10/2022, 14:46:48 [32minfo[39m: 	retornar pool cuando se llame de funcion
7/10/2022, 14:46:48 [32minfo[39m: 	retornar pool cuando se llame de funcion
7/10/2022, 14:46:49 [32minfo[39m: 	retornar pool cuando se llame de funcion
7/10/2022, 14:46:49 [32minfo[39m: 	retornar pool cuando se llame de funcion
7/10/2022, 14:49:49 [32minfo[39m: 	retornar pool cuando se llame de funcion
7/10/2022, 14:49:49 [32minfo[39m: 	retornar pool cuando se llame de funcion
7/10/2022, 14:57:39 [32minfo[39m: 	retornar pool cuando se llame de funcion
7/10/2022, 14:57:56 [32minfo[39m: 	retornar pool cuando se llame de funcion
7/10/2022, 14:58:03 [32minfo[39m: 	retornar pool cuando se llame de funcion
7/10/2022, 14:58:48 [32minfo[39m: 	retornar pool cuando se llame de funcion
7/10/2022, 14:58:51 [32minfo[39m: 	retornar pool cuando se llame de funcion
7/10/2022, 15:00:20 [32minfo[39m: 	retornar pool cuando se llame de funcion
7/10/2022, 15:00:22 [32minfo[39m: 	retornar pool cuando se llame de funcion
7/10/2022, 15:00:22 [32minfo[39m: 	retornar pool cuando se llame de funcion
7/10/2022, 15:00:22 [31merror[39m: 	Conversion failed when converting the varchar value 'Aasdasdasdasd' to data type int.
7/10/2022, 15:01:21 [32minfo[39m: 	retornar pool cuando se llame de funcion
7/10/2022, 15:01:22 [32minfo[39m: 	retornar pool cuando se llame de funcion
7/10/2022, 15:01:22 [32minfo[39m: 	retornar pool cuando se llame de funcion
7/10/2022, 15:01:22 [31merror[39m: 	Procedure or function segabm_articulo has too many arguments specified.
7/10/2022, 15:01:32 [32minfo[39m: 	retornar pool cuando se llame de funcion
7/10/2022, 15:06:21 [32minfo[39m: 	retornar pool cuando se llame de funcion
7/10/2022, 15:06:21 [32minfo[39m: 	retornar pool cuando se llame de funcion
7/10/2022, 15:06:24 [32minfo[39m: 	retornar pool cuando se llame de funcion
7/10/2022, 15:06:24 [32minfo[39m: 	retornar pool cuando se llame de funcion
7/10/2022, 15:06:25 [32minfo[39m: 	retornar pool cuando se llame de funcion
7/10/2022, 15:06:25 [32minfo[39m: 	retornar pool cuando se llame de funcion
7/10/2022, 15:06:26 [32minfo[39m: 	retornar pool cuando se llame de funcion
7/10/2022, 15:06:26 [32minfo[39m: 	retornar pool cuando se llame de funcion
7/10/2022, 15:08:24 [32minfo[39m: 	retornar pool cuando se llame de funcion
7/10/2022, 15:08:24 [32minfo[39m: 	retornar pool cuando se llame de funcion
7/10/2022, 15:12:36 [32minfo[39m: 	retornar pool cuando se llame de funcion
7/10/2022, 15:13:17 [32minfo[39m: 	retornar pool cuando se llame de funcion
7/10/2022, 15:13:18 [32minfo[39m: 	retornar pool cuando se llame de funcion
7/10/2022, 15:13:18 [32minfo[39m: 	retornar pool cuando se llame de funcion
7/10/2022, 15:13:47 [32minfo[39m: 	retornar pool cuando se llame de funcion
7/10/2022, 15:13:48 [32minfo[39m: 	retornar pool cuando se llame de funcion
7/10/2022, 15:13:48 [32minfo[39m: 	retornar pool cuando se llame de funcion
7/10/2022, 15:13:50 [32minfo[39m: 	retornar pool cuando se llame de funcion
7/10/2022, 15:13:50 [32minfo[39m: 	retornar pool cuando se llame de funcion
7/10/2022, 15:14:08 [32minfo[39m: 	retornar pool cuando se llame de funcion
7/10/2022, 15:15:56 [32minfo[39m: 	retornar pool cuando se llame de funcion
